{"/Users/jules/Code/React/Recipe-Extractor-API/src/index.ts": {"path":"/Users/jules/Code/React/Recipe-Extractor-API/src/index.ts","statementMap":{"0":{"start":{"line":46,"column":26},"end":{"line":46,"column":56}},"1":{"start":{"line":47,"column":27},"end":{"line":47,"column":58}},"2":{"start":{"line":49,"column":20},"end":{"line":49,"column":73}},"3":{"start":{"line":50,"column":22},"end":{"line":52,"column":null}},"4":{"start":{"line":55,"column":28},"end":{"line":55,"column":46}},"5":{"start":{"line":56,"column":29},"end":{"line":56,"column":46}},"6":{"start":{"line":57,"column":33},"end":{"line":57,"column":51}},"7":{"start":{"line":60,"column":19},"end":{"line":60,"column":67}},"8":{"start":{"line":61,"column":22},"end":{"line":61,"column":80}},"9":{"start":{"line":62,"column":17},"end":{"line":62,"column":42}},"10":{"start":{"line":63,"column":20},"end":{"line":63,"column":105}},"11":{"start":{"line":64,"column":2},"end":{"line":64,"column":54}},"12":{"start":{"line":67,"column":15},"end":{"line":67,"column":30}},"13":{"start":{"line":70,"column":2},"end":{"line":70,"column":47}},"14":{"start":{"line":76,"column":2},"end":{"line":76,"column":62}},"15":{"start":{"line":83,"column":27},"end":{"line":152,"column":2}},"16":{"start":{"line":84,"column":49},"end":{"line":84,"column":100}},"17":{"start":{"line":105,"column":41},"end":{"line":105,"column":87}},"18":{"start":{"line":106,"column":36},"end":{"line":106,"column":80}},"19":{"start":{"line":107,"column":33},"end":{"line":107,"column":74}},"20":{"start":{"line":108,"column":36},"end":{"line":108,"column":56}},"21":{"start":{"line":109,"column":52},"end":{"line":109,"column":80}},"22":{"start":{"line":110,"column":20},"end":{"line":110,"column":39}},"23":{"start":{"line":112,"column":4},"end":{"line":112,"column":24}},"24":{"start":{"line":113,"column":4},"end":{"line":113,"column":26}},"25":{"start":{"line":114,"column":4},"end":{"line":114,"column":43}},"26":{"start":{"line":117,"column":4},"end":{"line":117,"column":21}},"27":{"start":{"line":118,"column":4},"end":{"line":118,"column":31}},"28":{"start":{"line":121,"column":4},"end":{"line":130,"column":6}},"29":{"start":{"line":123,"column":25},"end":{"line":123,"column":38}},"30":{"start":{"line":124,"column":8},"end":{"line":128,"column":10}},"31":{"start":{"line":131,"column":4},"end":{"line":131,"column":31}},"32":{"start":{"line":134,"column":4},"end":{"line":143,"column":6}},"33":{"start":{"line":136,"column":25},"end":{"line":136,"column":38}},"34":{"start":{"line":137,"column":8},"end":{"line":141,"column":10}},"35":{"start":{"line":144,"column":4},"end":{"line":144,"column":31}},"36":{"start":{"line":147,"column":4},"end":{"line":147,"column":37}},"37":{"start":{"line":148,"column":4},"end":{"line":148,"column":35}},"38":{"start":{"line":149,"column":4},"end":{"line":149,"column":40}},"39":{"start":{"line":150,"column":4},"end":{"line":150,"column":31}}},"fnMap":{"0":{"name":"buildServices","decl":{"start":{"line":59,"column":9},"end":{"line":59,"column":22}},"loc":{"start":{"line":59,"column":22},"end":{"line":65,"column":1}}},"1":{"name":"extractRecipe","decl":{"start":{"line":69,"column":22},"end":{"line":69,"column":35}},"loc":{"start":{"line":69,"column":47},"end":{"line":71,"column":1}}},"2":{"name":"extractRecipeWithDiagnostics","decl":{"start":{"line":73,"column":22},"end":{"line":73,"column":50}},"loc":{"start":{"line":74,"column":13},"end":{"line":77,"column":1}}},"3":{"name":"(anonymous_3)","decl":{"start":{"line":84,"column":27},"end":{"line":84,"column":28}},"loc":{"start":{"line":84,"column":49},"end":{"line":84,"column":100}}},"4":{"name":"(anonymous_4)","decl":{"start":{"line":105,"column":27},"end":{"line":105,"column":28}},"loc":{"start":{"line":105,"column":41},"end":{"line":105,"column":87}}},"5":{"name":"(anonymous_5)","decl":{"start":{"line":106,"column":22},"end":{"line":106,"column":23}},"loc":{"start":{"line":106,"column":36},"end":{"line":106,"column":80}}},"6":{"name":"(anonymous_6)","decl":{"start":{"line":107,"column":19},"end":{"line":107,"column":20}},"loc":{"start":{"line":107,"column":33},"end":{"line":107,"column":74}}},"7":{"name":"(anonymous_7)","decl":{"start":{"line":108,"column":19},"end":{"line":108,"column":20}},"loc":{"start":{"line":108,"column":36},"end":{"line":108,"column":56}}},"8":{"name":"(anonymous_8)","decl":{"start":{"line":109,"column":19},"end":{"line":109,"column":20}},"loc":{"start":{"line":109,"column":52},"end":{"line":109,"column":80}}},"9":{"name":"(anonymous_9)","decl":{"start":{"line":110,"column":14},"end":{"line":110,"column":17}},"loc":{"start":{"line":110,"column":20},"end":{"line":110,"column":39}}},"10":{"name":"(anonymous_10)","decl":{"start":{"line":111,"column":14},"end":{"line":111,"column":17}},"loc":{"start":{"line":111,"column":19},"end":{"line":115,"column":3}}},"11":{"name":"(anonymous_11)","decl":{"start":{"line":116,"column":24},"end":{"line":116,"column":25}},"loc":{"start":{"line":116,"column":41},"end":{"line":119,"column":3}}},"12":{"name":"(anonymous_12)","decl":{"start":{"line":120,"column":22},"end":{"line":120,"column":23}},"loc":{"start":{"line":120,"column":78},"end":{"line":132,"column":3}}},"13":{"name":"(anonymous_13)","decl":{"start":{"line":122,"column":6},"end":{"line":122,"column":11}},"loc":{"start":{"line":122,"column":27},"end":{"line":129,"column":7}}},"14":{"name":"(anonymous_14)","decl":{"start":{"line":133,"column":30},"end":{"line":133,"column":31}},"loc":{"start":{"line":133,"column":86},"end":{"line":145,"column":3}}},"15":{"name":"(anonymous_15)","decl":{"start":{"line":135,"column":6},"end":{"line":135,"column":11}},"loc":{"start":{"line":135,"column":27},"end":{"line":142,"column":7}}},"16":{"name":"(anonymous_16)","decl":{"start":{"line":146,"column":27},"end":{"line":146,"column":30}},"loc":{"start":{"line":146,"column":32},"end":{"line":151,"column":3}}}},"branchMap":{},"s":{"0":0,"1":0,"2":0,"3":0,"4":0,"5":0,"6":0,"7":0,"8":0,"9":0,"10":0,"11":0,"12":0,"13":0,"14":0,"15":0,"16":0,"17":0,"18":0,"19":0,"20":0,"21":0,"22":0,"23":0,"24":0,"25":0,"26":0,"27":0,"28":0,"29":0,"30":0,"31":0,"32":0,"33":0,"34":0,"35":0,"36":0,"37":0,"38":0,"39":0},"f":{"0":0,"1":0,"2":0,"3":0,"4":0,"5":0,"6":0,"7":0,"8":0,"9":0,"10":0,"11":0,"12":0,"13":0,"14":0,"15":0,"16":0},"b":{}}
,"/Users/jules/Code/React/Recipe-Extractor-API/src/application/config.ts": {"path":"/Users/jules/Code/React/Recipe-Extractor-API/src/application/config.ts","statementMap":{"0":{"start":{"line":1,"column":13},"end":{"line":1,"column":35}},"1":{"start":{"line":2,"column":13},"end":{"line":2,"column":31}},"2":{"start":{"line":3,"column":13},"end":{"line":3,"column":37}},"3":{"start":{"line":4,"column":13},"end":{"line":4,"column":42}},"4":{"start":{"line":5,"column":13},"end":{"line":5,"column":35}},"5":{"start":{"line":6,"column":13},"end":{"line":6,"column":39}},"6":{"start":{"line":7,"column":13},"end":{"line":7,"column":51}},"7":{"start":{"line":8,"column":13},"end":{"line":8,"column":82}},"8":{"start":{"line":9,"column":13},"end":{"line":9,"column":89}},"9":{"start":{"line":10,"column":13},"end":{"line":10,"column":90}},"10":{"start":{"line":11,"column":13},"end":{"line":11,"column":97}},"11":{"start":{"line":12,"column":13},"end":{"line":12,"column":95}},"12":{"start":{"line":13,"column":13},"end":{"line":15,"column":2}},"13":{"start":{"line":17,"column":13},"end":{"line":18,"column":116}}},"fnMap":{},"branchMap":{"0":{"loc":{"start":{"line":8,"column":35},"end":{"line":8,"column":80}},"type":"binary-expr","locations":[{"start":{"line":8,"column":35},"end":{"line":8,"column":70}},{"start":{"line":8,"column":74},"end":{"line":8,"column":80}}]},"1":{"loc":{"start":{"line":9,"column":40},"end":{"line":9,"column":87}},"type":"binary-expr","locations":[{"start":{"line":9,"column":40},"end":{"line":9,"column":80}},{"start":{"line":9,"column":84},"end":{"line":9,"column":87}}]},"2":{"loc":{"start":{"line":10,"column":44},"end":{"line":10,"column":88}},"type":"binary-expr","locations":[{"start":{"line":10,"column":44},"end":{"line":10,"column":77}},{"start":{"line":10,"column":81},"end":{"line":10,"column":88}}]},"3":{"loc":{"start":{"line":11,"column":49},"end":{"line":11,"column":95}},"type":"binary-expr","locations":[{"start":{"line":11,"column":49},"end":{"line":11,"column":87}},{"start":{"line":11,"column":91},"end":{"line":11,"column":95}}]},"4":{"loc":{"start":{"line":12,"column":47},"end":{"line":12,"column":93}},"type":"binary-expr","locations":[{"start":{"line":12,"column":47},"end":{"line":12,"column":83}},{"start":{"line":12,"column":87},"end":{"line":12,"column":93}}]},"5":{"loc":{"start":{"line":14,"column":2},"end":{"line":14,"column":57}},"type":"binary-expr","locations":[{"start":{"line":14,"column":2},"end":{"line":14,"column":52}},{"start":{"line":14,"column":56},"end":{"line":14,"column":57}}]}},"s":{"0":1,"1":1,"2":1,"3":1,"4":1,"5":1,"6":1,"7":1,"8":1,"9":1,"10":1,"11":1,"12":1,"13":1},"f":{},"b":{"0":[1,1],"1":[1,1],"2":[1,1],"3":[1,1],"4":[1,1],"5":[1,1]}}
,"/Users/jules/Code/React/Recipe-Extractor-API/src/application/ttlCache.ts": {"path":"/Users/jules/Code/React/Recipe-Extractor-API/src/application/ttlCache.ts","statementMap":{"0":{"start":{"line":9,"column":31},"end":{"line":9,"column":44}},"1":{"start":{"line":9,"column":63},"end":{"line":9,"column":81}},"2":{"start":{"line":7,"column":19},"end":{"line":7,"column":62}},"3":{"start":{"line":12,"column":18},"end":{"line":12,"column":39}},"4":{"start":{"line":13,"column":4},"end":{"line":13,"column":28}},"5":{"start":{"line":13,"column":16},"end":{"line":13,"column":28}},"6":{"start":{"line":14,"column":4},"end":{"line":17,"column":5}},"7":{"start":{"line":15,"column":6},"end":{"line":15,"column":31}},"8":{"start":{"line":16,"column":6},"end":{"line":16,"column":18}},"9":{"start":{"line":18,"column":4},"end":{"line":18,"column":23}},"10":{"start":{"line":22,"column":4},"end":{"line":22,"column":56}},"11":{"start":{"line":22,"column":49},"end":{"line":22,"column":56}},"12":{"start":{"line":23,"column":4},"end":{"line":23,"column":17}},"13":{"start":{"line":24,"column":4},"end":{"line":24,"column":73}},"14":{"start":{"line":28,"column":4},"end":{"line":28,"column":25}},"15":{"start":{"line":32,"column":4},"end":{"line":32,"column":52}},"16":{"start":{"line":32,"column":45},"end":{"line":32,"column":52}},"17":{"start":{"line":34,"column":16},"end":{"line":34,"column":26}},"18":{"start":{"line":35,"column":4},"end":{"line":39,"column":5}},"19":{"start":{"line":36,"column":6},"end":{"line":38,"column":7}},"20":{"start":{"line":37,"column":8},"end":{"line":37,"column":33}},"21":{"start":{"line":41,"column":4},"end":{"line":41,"column":52}},"22":{"start":{"line":41,"column":45},"end":{"line":41,"column":52}},"23":{"start":{"line":43,"column":22},"end":{"line":43,"column":54}},"24":{"start":{"line":44,"column":4},"end":{"line":46,"column":5}},"25":{"start":{"line":45,"column":6},"end":{"line":45,"column":37}}},"fnMap":{"0":{"name":"(anonymous_0)","decl":{"start":{"line":9,"column":2},"end":{"line":9,"column":31}},"loc":{"start":{"line":9,"column":81},"end":{"line":9,"column":85}}},"1":{"name":"(anonymous_1)","decl":{"start":{"line":11,"column":2},"end":{"line":11,"column":5}},"loc":{"start":{"line":11,"column":17},"end":{"line":19,"column":3}}},"2":{"name":"(anonymous_2)","decl":{"start":{"line":21,"column":2},"end":{"line":21,"column":5}},"loc":{"start":{"line":21,"column":27},"end":{"line":25,"column":3}}},"3":{"name":"(anonymous_3)","decl":{"start":{"line":27,"column":2},"end":{"line":27,"column":7}},"loc":{"start":{"line":27,"column":7},"end":{"line":29,"column":3}}},"4":{"name":"(anonymous_4)","decl":{"start":{"line":31,"column":2},"end":{"line":31,"column":7}},"loc":{"start":{"line":31,"column":7},"end":{"line":47,"column":3}}}},"branchMap":{"0":{"loc":{"start":{"line":13,"column":4},"end":{"line":13,"column":28}},"type":"if","locations":[{"start":{"line":13,"column":4},"end":{"line":13,"column":28}}]},"1":{"loc":{"start":{"line":14,"column":4},"end":{"line":17,"column":5}},"type":"if","locations":[{"start":{"line":14,"column":4},"end":{"line":17,"column":5}}]},"2":{"loc":{"start":{"line":22,"column":4},"end":{"line":22,"column":56}},"type":"if","locations":[{"start":{"line":22,"column":4},"end":{"line":22,"column":56}}]},"3":{"loc":{"start":{"line":22,"column":8},"end":{"line":22,"column":47}},"type":"binary-expr","locations":[{"start":{"line":22,"column":8},"end":{"line":22,"column":23}},{"start":{"line":22,"column":27},"end":{"line":22,"column":47}}]},"4":{"loc":{"start":{"line":32,"column":4},"end":{"line":32,"column":52}},"type":"if","locations":[{"start":{"line":32,"column":4},"end":{"line":32,"column":52}}]},"5":{"loc":{"start":{"line":36,"column":6},"end":{"line":38,"column":7}},"type":"if","locations":[{"start":{"line":36,"column":6},"end":{"line":38,"column":7}}]},"6":{"loc":{"start":{"line":41,"column":4},"end":{"line":41,"column":52}},"type":"if","locations":[{"start":{"line":41,"column":4},"end":{"line":41,"column":52}}]},"7":{"loc":{"start":{"line":44,"column":4},"end":{"line":46,"column":5}},"type":"if","locations":[{"start":{"line":44,"column":4},"end":{"line":46,"column":5}}]}},"s":{"0":0,"1":0,"2":0,"3":0,"4":0,"5":0,"6":0,"7":0,"8":0,"9":0,"10":0,"11":0,"12":0,"13":0,"14":0,"15":0,"16":0,"17":0,"18":0,"19":0,"20":0,"21":0,"22":0,"23":0,"24":0,"25":0},"f":{"0":0,"1":0,"2":0,"3":0,"4":0},"b":{"0":[0],"1":[0],"2":[0],"3":[0,0],"4":[0],"5":[0],"6":[0],"7":[0]}}
,"/Users/jules/Code/React/Recipe-Extractor-API/src/domain/errors.ts": {"path":"/Users/jules/Code/React/Recipe-Extractor-API/src/domain/errors.ts","statementMap":{"0":{"start":{"line":7,"column":4},"end":{"line":7,"column":25}},"1":{"start":{"line":8,"column":4},"end":{"line":8,"column":40}},"2":{"start":{"line":9,"column":4},"end":{"line":9,"column":33}},"3":{"start":{"line":10,"column":4},"end":{"line":10,"column":39}},"4":{"start":{"line":11,"column":4},"end":{"line":11,"column":37}},"5":{"start":{"line":1,"column":0},"end":{"line":1,"column":13}}},"fnMap":{"0":{"name":"(anonymous_0)","decl":{"start":{"line":6,"column":2},"end":{"line":6,"column":14}},"loc":{"start":{"line":6,"column":95},"end":{"line":12,"column":3}}}},"branchMap":{},"s":{"0":0,"1":0,"2":0,"3":0,"4":0,"5":1},"f":{"0":0},"b":{}}
,"/Users/jules/Code/React/Recipe-Extractor-API/src/infrastructure/axiosHttpClient.ts": {"path":"/Users/jules/Code/React/Recipe-Extractor-API/src/infrastructure/axiosHttpClient.ts","statementMap":{"0":{"start":{"line":7,"column":18},"end":{"line":7,"column":90}},"1":{"start":{"line":8,"column":19},"end":{"line":8,"column":92}},"2":{"start":{"line":11,"column":31},"end":{"line":11,"column":52}},"3":{"start":{"line":14,"column":44},"end":{"line":14,"column":70}},"4":{"start":{"line":15,"column":4},"end":{"line":19,"column":6}},"5":{"start":{"line":24,"column":17},"end":{"line":47,"column":4}},"6":{"start":{"line":33,"column":32},"end":{"line":33,"column":61}},"7":{"start":{"line":49,"column":2},"end":{"line":49,"column":37}},"8":{"start":{"line":53,"column":17},"end":{"line":73,"column":4}},"9":{"start":{"line":62,"column":32},"end":{"line":62,"column":61}},"10":{"start":{"line":75,"column":2},"end":{"line":75,"column":37}}},"fnMap":{"0":{"name":"(anonymous_0)","decl":{"start":{"line":11,"column":2},"end":{"line":11,"column":31}},"loc":{"start":{"line":11,"column":52},"end":{"line":11,"column":56}}},"1":{"name":"(anonymous_1)","decl":{"start":{"line":13,"column":2},"end":{"line":13,"column":7}},"loc":{"start":{"line":13,"column":23},"end":{"line":20,"column":3}}},"2":{"name":"createDefaultAxiosHttpClient","decl":{"start":{"line":23,"column":16},"end":{"line":23,"column":44}},"loc":{"start":{"line":23,"column":44},"end":{"line":50,"column":1}}},"3":{"name":"(anonymous_3)","decl":{"start":{"line":33,"column":20},"end":{"line":33,"column":21}},"loc":{"start":{"line":33,"column":32},"end":{"line":33,"column":61}}},"4":{"name":"createFallbackAxiosHttpClient","decl":{"start":{"line":52,"column":16},"end":{"line":52,"column":45}},"loc":{"start":{"line":52,"column":45},"end":{"line":76,"column":1}}},"5":{"name":"(anonymous_5)","decl":{"start":{"line":62,"column":20},"end":{"line":62,"column":21}},"loc":{"start":{"line":62,"column":32},"end":{"line":62,"column":61}}}},"branchMap":{"0":{"loc":{"start":{"line":33,"column":32},"end":{"line":33,"column":61}},"type":"binary-expr","locations":[{"start":{"line":33,"column":32},"end":{"line":33,"column":45}},{"start":{"line":33,"column":49},"end":{"line":33,"column":61}}]},"1":{"loc":{"start":{"line":62,"column":32},"end":{"line":62,"column":61}},"type":"binary-expr","locations":[{"start":{"line":62,"column":32},"end":{"line":62,"column":45}},{"start":{"line":62,"column":49},"end":{"line":62,"column":61}}]}},"s":{"0":0,"1":0,"2":0,"3":0,"4":0,"5":0,"6":0,"7":0,"8":0,"9":0,"10":0},"f":{"0":0,"1":0,"2":0,"3":0,"4":0,"5":0},"b":{"0":[0,0],"1":[0,0]}}
,"/Users/jules/Code/React/Recipe-Extractor-API/src/services/htmlFetchService.ts": {"path":"/Users/jules/Code/React/Recipe-Extractor-API/src/services/htmlFetchService.ts","statementMap":{"0":{"start":{"line":8,"column":2},"end":{"line":8,"column":59}},"1":{"start":{"line":8,"column":34},"end":{"line":8,"column":57}},"2":{"start":{"line":12,"column":2},"end":{"line":12,"column":47}},"3":{"start":{"line":12,"column":34},"end":{"line":12,"column":47}},"4":{"start":{"line":13,"column":17},"end":{"line":13,"column":39}},"5":{"start":{"line":14,"column":2},"end":{"line":14,"column":67}},"6":{"start":{"line":14,"column":55},"end":{"line":14,"column":67}},"7":{"start":{"line":15,"column":2},"end":{"line":17,"column":4}},"8":{"start":{"line":21,"column":2},"end":{"line":21,"column":47}},"9":{"start":{"line":21,"column":34},"end":{"line":21,"column":47}},"10":{"start":{"line":22,"column":17},"end":{"line":22,"column":39}},"11":{"start":{"line":23,"column":2},"end":{"line":23,"column":66}},"12":{"start":{"line":28,"column":21},"end":{"line":28,"column":43}},"13":{"start":{"line":29,"column":21},"end":{"line":29,"column":46}},"14":{"start":{"line":30,"column":21},"end":{"line":30,"column":52}},"15":{"start":{"line":34,"column":19},"end":{"line":34,"column":61}},"16":{"start":{"line":35,"column":4},"end":{"line":35,"column":27}},"17":{"start":{"line":39,"column":24},"end":{"line":39,"column":29}},"18":{"start":{"line":41,"column":4},"end":{"line":66,"column":5}},"19":{"start":{"line":41,"column":23},"end":{"line":41,"column":24}},"20":{"start":{"line":42,"column":6},"end":{"line":65,"column":7}},"21":{"start":{"line":43,"column":25},"end":{"line":43,"column":66}},"22":{"start":{"line":44,"column":8},"end":{"line":44,"column":53}},"23":{"start":{"line":46,"column":8},"end":{"line":56,"column":9}},"24":{"start":{"line":47,"column":10},"end":{"line":47,"column":31}},"25":{"start":{"line":48,"column":25},"end":{"line":48,"column":56}},"26":{"start":{"line":49,"column":10},"end":{"line":49,"column":36}},"27":{"start":{"line":50,"column":10},"end":{"line":55,"column":11}},"28":{"start":{"line":51,"column":37},"end":{"line":51,"column":86}},"29":{"start":{"line":52,"column":12},"end":{"line":52,"column":76}},"30":{"start":{"line":54,"column":12},"end":{"line":54,"column":34}},"31":{"start":{"line":58,"column":8},"end":{"line":60,"column":9}},"32":{"start":{"line":59,"column":10},"end":{"line":59,"column":22}},"33":{"start":{"line":62,"column":23},"end":{"line":62,"column":54}},"34":{"start":{"line":63,"column":24},"end":{"line":63,"column":67}},"35":{"start":{"line":64,"column":8},"end":{"line":64,"column":29}},"36":{"start":{"line":68,"column":4},"end":{"line":68,"column":71}},"37":{"start":{"line":72,"column":21},"end":{"line":72,"column":31}},"38":{"start":{"line":73,"column":47},"end":{"line":73,"column":56}},"39":{"start":{"line":75,"column":4},"end":{"line":102,"column":5}},"40":{"start":{"line":75,"column":25},"end":{"line":75,"column":26}},"41":{"start":{"line":76,"column":6},"end":{"line":76,"column":62}},"42":{"start":{"line":78,"column":22},"end":{"line":78,"column":71}},"43":{"start":{"line":79,"column":23},"end":{"line":79,"column":39}},"44":{"start":{"line":80,"column":6},"end":{"line":80,"column":42}},"45":{"start":{"line":82,"column":6},"end":{"line":90,"column":7}},"46":{"start":{"line":83,"column":31},"end":{"line":83,"column":56}},"47":{"start":{"line":84,"column":8},"end":{"line":86,"column":9}},"48":{"start":{"line":85,"column":10},"end":{"line":85,"column":92}},"49":{"start":{"line":88,"column":8},"end":{"line":88,"column":107}},"50":{"start":{"line":89,"column":8},"end":{"line":89,"column":17}},"51":{"start":{"line":92,"column":26},"end":{"line":92,"column":86}},"52":{"start":{"line":93,"column":6},"end":{"line":95,"column":7}},"53":{"start":{"line":94,"column":8},"end":{"line":94,"column":91}},"54":{"start":{"line":97,"column":6},"end":{"line":99,"column":7}},"55":{"start":{"line":98,"column":8},"end":{"line":98,"column":89}},"56":{"start":{"line":101,"column":6},"end":{"line":101,"column":73}},"57":{"start":{"line":104,"column":4},"end":{"line":104,"column":63}}},"fnMap":{"0":{"name":"sleep","decl":{"start":{"line":7,"column":9},"end":{"line":7,"column":14}},"loc":{"start":{"line":7,"column":25},"end":{"line":9,"column":1}}},"1":{"name":"(anonymous_1)","decl":{"start":{"line":8,"column":21},"end":{"line":8,"column":22}},"loc":{"start":{"line":8,"column":34},"end":{"line":8,"column":57}}},"2":{"name":"isTransientAxiosError","decl":{"start":{"line":11,"column":9},"end":{"line":11,"column":30}},"loc":{"start":{"line":11,"column":45},"end":{"line":18,"column":1}}},"3":{"name":"isBlockLikeAxiosError","decl":{"start":{"line":20,"column":9},"end":{"line":20,"column":30}},"loc":{"start":{"line":20,"column":45},"end":{"line":24,"column":1}}},"4":{"name":"(anonymous_4)","decl":{"start":{"line":27,"column":2},"end":{"line":27,"column":null}},"loc":{"start":{"line":30,"column":52},"end":{"line":31,"column":6}}},"5":{"name":"(anonymous_5)","decl":{"start":{"line":33,"column":2},"end":{"line":33,"column":7}},"loc":{"start":{"line":33,"column":35},"end":{"line":36,"column":3}}},"6":{"name":"(anonymous_6)","decl":{"start":{"line":38,"column":2},"end":{"line":38,"column":7}},"loc":{"start":{"line":38,"column":43},"end":{"line":69,"column":3}}},"7":{"name":"(anonymous_7)","decl":{"start":{"line":71,"column":2},"end":{"line":71,"column":7}},"loc":{"start":{"line":71,"column":39},"end":{"line":105,"column":3}}}},"branchMap":{"0":{"loc":{"start":{"line":12,"column":2},"end":{"line":12,"column":47}},"type":"if","locations":[{"start":{"line":12,"column":2},"end":{"line":12,"column":47}}]},"1":{"loc":{"start":{"line":14,"column":2},"end":{"line":14,"column":67}},"type":"if","locations":[{"start":{"line":14,"column":2},"end":{"line":14,"column":67}}]},"2":{"loc":{"start":{"line":14,"column":6},"end":{"line":14,"column":53}},"type":"binary-expr","locations":[{"start":{"line":14,"column":6},"end":{"line":14,"column":12}},{"start":{"line":14,"column":16},"end":{"line":14,"column":53}}]},"3":{"loc":{"start":{"line":21,"column":2},"end":{"line":21,"column":47}},"type":"if","locations":[{"start":{"line":21,"column":2},"end":{"line":21,"column":47}}]},"4":{"loc":{"start":{"line":23,"column":9},"end":{"line":23,"column":65}},"type":"binary-expr","locations":[{"start":{"line":23,"column":9},"end":{"line":23,"column":29}},{"start":{"line":23,"column":33},"end":{"line":23,"column":65}}]},"5":{"loc":{"start":{"line":46,"column":8},"end":{"line":56,"column":9}},"type":"if","locations":[{"start":{"line":46,"column":8},"end":{"line":56,"column":9}}]},"6":{"loc":{"start":{"line":46,"column":12},"end":{"line":46,"column":85}},"type":"binary-expr","locations":[{"start":{"line":46,"column":12},"end":{"line":46,"column":40}},{"start":{"line":46,"column":44},"end":{"line":46,"column":67}},{"start":{"line":46,"column":71},"end":{"line":46,"column":85}}]},"7":{"loc":{"start":{"line":58,"column":8},"end":{"line":60,"column":9}},"type":"if","locations":[{"start":{"line":58,"column":8},"end":{"line":60,"column":9}}]},"8":{"loc":{"start":{"line":58,"column":12},"end":{"line":58,"column":73}},"type":"binary-expr","locations":[{"start":{"line":58,"column":12},"end":{"line":58,"column":40}},{"start":{"line":58,"column":44},"end":{"line":58,"column":73}}]},"9":{"loc":{"start":{"line":82,"column":6},"end":{"line":90,"column":7}},"type":"if","locations":[{"start":{"line":82,"column":6},"end":{"line":90,"column":7}}]},"10":{"loc":{"start":{"line":82,"column":10},"end":{"line":82,"column":57}},"type":"binary-expr","locations":[{"start":{"line":82,"column":10},"end":{"line":82,"column":32}},{"start":{"line":82,"column":36},"end":{"line":82,"column":57}}]},"11":{"loc":{"start":{"line":84,"column":8},"end":{"line":86,"column":9}},"type":"if","locations":[{"start":{"line":84,"column":8},"end":{"line":86,"column":9}}]},"12":{"loc":{"start":{"line":84,"column":12},"end":{"line":84,"column":98}},"type":"binary-expr","locations":[{"start":{"line":84,"column":12},"end":{"line":84,"column":27}},{"start":{"line":84,"column":31},"end":{"line":84,"column":60}},{"start":{"line":84,"column":64},"end":{"line":84,"column":98}}]},"13":{"loc":{"start":{"line":92,"column":33},"end":{"line":92,"column":71}},"type":"binary-expr","locations":[{"start":{"line":92,"column":33},"end":{"line":92,"column":65}},{"start":{"line":92,"column":69},"end":{"line":92,"column":71}}]},"14":{"loc":{"start":{"line":93,"column":6},"end":{"line":95,"column":7}},"type":"if","locations":[{"start":{"line":93,"column":6},"end":{"line":95,"column":7}}]},"15":{"loc":{"start":{"line":93,"column":10},"end":{"line":93,"column":109}},"type":"binary-expr","locations":[{"start":{"line":93,"column":10},"end":{"line":93,"column":21}},{"start":{"line":93,"column":25},"end":{"line":93,"column":59}},{"start":{"line":93,"column":63},"end":{"line":93,"column":109}}]},"16":{"loc":{"start":{"line":97,"column":6},"end":{"line":99,"column":7}},"type":"if","locations":[{"start":{"line":97,"column":6},"end":{"line":99,"column":7}}]}},"s":{"0":0,"1":0,"2":0,"3":0,"4":0,"5":0,"6":0,"7":0,"8":0,"9":0,"10":0,"11":0,"12":0,"13":0,"14":0,"15":0,"16":0,"17":0,"18":0,"19":0,"20":0,"21":0,"22":0,"23":0,"24":0,"25":0,"26":0,"27":0,"28":0,"29":0,"30":0,"31":0,"32":0,"33":0,"34":0,"35":0,"36":0,"37":0,"38":0,"39":0,"40":0,"41":0,"42":0,"43":0,"44":0,"45":0,"46":0,"47":0,"48":0,"49":0,"50":0,"51":0,"52":0,"53":0,"54":0,"55":0,"56":0,"57":0},"f":{"0":0,"1":0,"2":0,"3":0,"4":0,"5":0,"6":0,"7":0},"b":{"0":[0],"1":[0],"2":[0,0],"3":[0],"4":[0,0],"5":[0],"6":[0,0,0],"7":[0],"8":[0,0],"9":[0],"10":[0,0],"11":[0],"12":[0,0,0],"13":[0,0],"14":[0],"15":[0,0,0],"16":[0]}}
,"/Users/jules/Code/React/Recipe-Extractor-API/src/services/ingredientDetailParser.ts": {"path":"/Users/jules/Code/React/Recipe-Extractor-API/src/services/ingredientDetailParser.ts","statementMap":{"0":{"start":{"line":160,"column":0},"end":{"line":160,"column":16}},"1":{"start":{"line":225,"column":0},"end":{"line":225,"column":16}},"2":{"start":{"line":1,"column":0},"end":{"line":1,"column":62}},"3":{"start":{"line":4,"column":45},"end":{"line":42,"column":2}},"4":{"start":{"line":44,"column":22},"end":{"line":59,"column":2}},"5":{"start":{"line":61,"column":50},"end":{"line":71,"column":2}},"6":{"start":{"line":74,"column":2},"end":{"line":76,"column":3}},"7":{"start":{"line":75,"column":4},"end":{"line":75,"column":36}},"8":{"start":{"line":77,"column":24},"end":{"line":77,"column":62}},"9":{"start":{"line":77,"column":52},"end":{"line":77,"column":61}},"10":{"start":{"line":78,"column":2},"end":{"line":78,"column":35}},"11":{"start":{"line":78,"column":23},"end":{"line":78,"column":35}},"12":{"start":{"line":79,"column":2},"end":{"line":79,"column":22}},"13":{"start":{"line":83,"column":18},"end":{"line":83,"column":29}},"14":{"start":{"line":85,"column":16},"end":{"line":85,"column":71}},"15":{"start":{"line":86,"column":2},"end":{"line":92,"column":3}},"16":{"start":{"line":87,"column":4},"end":{"line":91,"column":6}},"17":{"start":{"line":94,"column":24},"end":{"line":94,"column":69}},"18":{"start":{"line":95,"column":2},"end":{"line":105,"column":3}},"19":{"start":{"line":96,"column":16},"end":{"line":96,"column":53}},"20":{"start":{"line":97,"column":16},"end":{"line":97,"column":53}},"21":{"start":{"line":98,"column":4},"end":{"line":104,"column":5}},"22":{"start":{"line":99,"column":6},"end":{"line":103,"column":8}},"23":{"start":{"line":107,"column":23},"end":{"line":107,"column":84}},"24":{"start":{"line":108,"column":2},"end":{"line":114,"column":3}},"25":{"start":{"line":109,"column":18},"end":{"line":109,"column":41}},"26":{"start":{"line":110,"column":21},"end":{"line":110,"column":57}},"27":{"start":{"line":111,"column":4},"end":{"line":113,"column":5}},"28":{"start":{"line":112,"column":6},"end":{"line":112,"column":78}},"29":{"start":{"line":116,"column":24},"end":{"line":116,"column":60}},"30":{"start":{"line":117,"column":2},"end":{"line":123,"column":3}},"31":{"start":{"line":118,"column":18},"end":{"line":118,"column":42}},"32":{"start":{"line":119,"column":21},"end":{"line":119,"column":58}},"33":{"start":{"line":120,"column":4},"end":{"line":122,"column":5}},"34":{"start":{"line":121,"column":6},"end":{"line":121,"column":79}},"35":{"start":{"line":125,"column":19},"end":{"line":125,"column":59}},"36":{"start":{"line":126,"column":2},"end":{"line":131,"column":3}},"37":{"start":{"line":127,"column":19},"end":{"line":127,"column":51}},"38":{"start":{"line":128,"column":4},"end":{"line":130,"column":5}},"39":{"start":{"line":129,"column":6},"end":{"line":129,"column":64}},"40":{"start":{"line":133,"column":18},"end":{"line":133,"column":51}},"41":{"start":{"line":134,"column":2},"end":{"line":136,"column":3}},"42":{"start":{"line":135,"column":4},"end":{"line":135,"column":73}},"43":{"start":{"line":138,"column":2},"end":{"line":138,"column":25}},"44":{"start":{"line":142,"column":2},"end":{"line":142,"column":61}},"45":{"start":{"line":146,"column":33},"end":{"line":146,"column":35}},"46":{"start":{"line":147,"column":18},"end":{"line":147,"column":52}},"47":{"start":{"line":148,"column":2},"end":{"line":148,"column":57}},"48":{"start":{"line":148,"column":20},"end":{"line":148,"column":57}},"49":{"start":{"line":149,"column":2},"end":{"line":149,"column":22}},"50":{"start":{"line":153,"column":18},"end":{"line":153,"column":53}},"51":{"start":{"line":154,"column":2},"end":{"line":157,"column":79}},"52":{"start":{"line":155,"column":20},"end":{"line":155,"column":42}},"53":{"start":{"line":156,"column":22},"end":{"line":156,"column":37}},"54":{"start":{"line":157,"column":19},"end":{"line":157,"column":77}},"55":{"start":{"line":161,"column":14},"end":{"line":161,"column":36}},"56":{"start":{"line":162,"column":35},"end":{"line":167,"column":4}},"57":{"start":{"line":169,"column":46},"end":{"line":169,"column":70}},"58":{"start":{"line":170,"column":2},"end":{"line":177,"column":3}},"59":{"start":{"line":171,"column":4},"end":{"line":171,"column":31}},"60":{"start":{"line":172,"column":4},"end":{"line":172,"column":28}},"61":{"start":{"line":173,"column":4},"end":{"line":176,"column":5}},"62":{"start":{"line":174,"column":6},"end":{"line":174,"column":39}},"63":{"start":{"line":175,"column":6},"end":{"line":175,"column":59}},"64":{"start":{"line":179,"column":15},"end":{"line":179,"column":41}},"65":{"start":{"line":180,"column":28},"end":{"line":180,"column":45}},"66":{"start":{"line":181,"column":24},"end":{"line":181,"column":62}},"67":{"start":{"line":183,"column":26},"end":{"line":183,"column":30}},"68":{"start":{"line":184,"column":2},"end":{"line":189,"column":3}},"69":{"start":{"line":185,"column":4},"end":{"line":185,"column":32}},"70":{"start":{"line":186,"column":4},"end":{"line":186,"column":37}},"71":{"start":{"line":187,"column":4},"end":{"line":187,"column":61}},"72":{"start":{"line":188,"column":4},"end":{"line":188,"column":29}},"73":{"start":{"line":191,"column":29},"end":{"line":191,"column":73}},"74":{"start":{"line":192,"column":2},"end":{"line":194,"column":3}},"75":{"start":{"line":193,"column":4},"end":{"line":193,"column":49}},"76":{"start":{"line":196,"column":34},"end":{"line":196,"column":104}},"77":{"start":{"line":197,"column":20},"end":{"line":197,"column":104}},"78":{"start":{"line":198,"column":2},"end":{"line":201,"column":3}},"79":{"start":{"line":199,"column":4},"end":{"line":199,"column":52}},"80":{"start":{"line":200,"column":4},"end":{"line":200,"column":62}},"81":{"start":{"line":203,"column":28},"end":{"line":207,"column":11}},"82":{"start":{"line":209,"column":2},"end":{"line":212,"column":3}},"83":{"start":{"line":210,"column":4},"end":{"line":210,"column":42}},"84":{"start":{"line":211,"column":4},"end":{"line":211,"column":63}},"85":{"start":{"line":214,"column":2},"end":{"line":216,"column":3}},"86":{"start":{"line":215,"column":4},"end":{"line":215,"column":28}},"87":{"start":{"line":218,"column":2},"end":{"line":220,"column":3}},"88":{"start":{"line":219,"column":4},"end":{"line":219,"column":31}},"89":{"start":{"line":222,"column":2},"end":{"line":222,"column":16}},"90":{"start":{"line":226,"column":2},"end":{"line":226,"column":62}},"91":{"start":{"line":226,"column":34},"end":{"line":226,"column":60}}},"fnMap":{"0":{"name":"parseSimpleFraction","decl":{"start":{"line":73,"column":9},"end":{"line":73,"column":28}},"loc":{"start":{"line":73,"column":42},"end":{"line":80,"column":1}}},"1":{"name":"(anonymous_1)","decl":{"start":{"line":77,"column":45},"end":{"line":77,"column":46}},"loc":{"start":{"line":77,"column":52},"end":{"line":77,"column":61}}},"2":{"name":"parseQuantityPrefix","decl":{"start":{"line":82,"column":9},"end":{"line":82,"column":28}},"loc":{"start":{"line":82,"column":41},"end":{"line":139,"column":1}}},"3":{"name":"normalizeRaw","decl":{"start":{"line":141,"column":9},"end":{"line":141,"column":21}},"loc":{"start":{"line":141,"column":33},"end":{"line":143,"column":1}}},"4":{"name":"parseAlternatives","decl":{"start":{"line":145,"column":9},"end":{"line":145,"column":26}},"loc":{"start":{"line":145,"column":38},"end":{"line":150,"column":1}}},"5":{"name":"extractParentheticalNotes","decl":{"start":{"line":152,"column":9},"end":{"line":152,"column":34}},"loc":{"start":{"line":152,"column":48},"end":{"line":158,"column":1}}},"6":{"name":"(anonymous_6)","decl":{"start":{"line":155,"column":9},"end":{"line":155,"column":10}},"loc":{"start":{"line":155,"column":20},"end":{"line":155,"column":42}}},"7":{"name":"(anonymous_7)","decl":{"start":{"line":156,"column":12},"end":{"line":156,"column":13}},"loc":{"start":{"line":156,"column":22},"end":{"line":156,"column":37}}},"8":{"name":"(anonymous_8)","decl":{"start":{"line":157,"column":9},"end":{"line":157,"column":10}},"loc":{"start":{"line":157,"column":19},"end":{"line":157,"column":77}}},"9":{"name":"parseIngredientDetail","decl":{"start":{"line":160,"column":16},"end":{"line":160,"column":37}},"loc":{"start":{"line":160,"column":54},"end":{"line":223,"column":1}}},"10":{"name":"parseIngredientDetails","decl":{"start":{"line":225,"column":16},"end":{"line":225,"column":38}},"loc":{"start":{"line":225,"column":60},"end":{"line":227,"column":1}}},"11":{"name":"(anonymous_11)","decl":{"start":{"line":226,"column":25},"end":{"line":226,"column":26}},"loc":{"start":{"line":226,"column":34},"end":{"line":226,"column":60}}}},"branchMap":{"0":{"loc":{"start":{"line":74,"column":2},"end":{"line":76,"column":3}},"type":"if","locations":[{"start":{"line":74,"column":2},"end":{"line":76,"column":3}}]},"1":{"loc":{"start":{"line":78,"column":2},"end":{"line":78,"column":35}},"type":"if","locations":[{"start":{"line":78,"column":2},"end":{"line":78,"column":35}}]},"2":{"loc":{"start":{"line":78,"column":6},"end":{"line":78,"column":21}},"type":"binary-expr","locations":[{"start":{"line":78,"column":6},"end":{"line":78,"column":10}},{"start":{"line":78,"column":14},"end":{"line":78,"column":21}}]},"3":{"loc":{"start":{"line":86,"column":2},"end":{"line":92,"column":3}},"type":"if","locations":[{"start":{"line":86,"column":2},"end":{"line":92,"column":3}}]},"4":{"loc":{"start":{"line":95,"column":2},"end":{"line":105,"column":3}},"type":"if","locations":[{"start":{"line":95,"column":2},"end":{"line":105,"column":3}}]},"5":{"loc":{"start":{"line":98,"column":4},"end":{"line":104,"column":5}},"type":"if","locations":[{"start":{"line":98,"column":4},"end":{"line":104,"column":5}}]},"6":{"loc":{"start":{"line":98,"column":8},"end":{"line":98,"column":36}},"type":"binary-expr","locations":[{"start":{"line":98,"column":8},"end":{"line":98,"column":20}},{"start":{"line":98,"column":24},"end":{"line":98,"column":36}}]},"7":{"loc":{"start":{"line":108,"column":2},"end":{"line":114,"column":3}},"type":"if","locations":[{"start":{"line":108,"column":2},"end":{"line":114,"column":3}}]},"8":{"loc":{"start":{"line":111,"column":4},"end":{"line":113,"column":5}},"type":"if","locations":[{"start":{"line":111,"column":4},"end":{"line":113,"column":5}}]},"9":{"loc":{"start":{"line":117,"column":2},"end":{"line":123,"column":3}},"type":"if","locations":[{"start":{"line":117,"column":2},"end":{"line":123,"column":3}}]},"10":{"loc":{"start":{"line":120,"column":4},"end":{"line":122,"column":5}},"type":"if","locations":[{"start":{"line":120,"column":4},"end":{"line":122,"column":5}}]},"11":{"loc":{"start":{"line":126,"column":2},"end":{"line":131,"column":3}},"type":"if","locations":[{"start":{"line":126,"column":2},"end":{"line":131,"column":3}}]},"12":{"loc":{"start":{"line":128,"column":4},"end":{"line":130,"column":5}},"type":"if","locations":[{"start":{"line":128,"column":4},"end":{"line":130,"column":5}}]},"13":{"loc":{"start":{"line":134,"column":2},"end":{"line":136,"column":3}},"type":"if","locations":[{"start":{"line":134,"column":2},"end":{"line":136,"column":3}}]},"14":{"loc":{"start":{"line":148,"column":2},"end":{"line":148,"column":57}},"type":"if","locations":[{"start":{"line":148,"column":2},"end":{"line":148,"column":57}}]},"15":{"loc":{"start":{"line":155,"column":20},"end":{"line":155,"column":42}},"type":"binary-expr","locations":[{"start":{"line":155,"column":20},"end":{"line":155,"column":36}},{"start":{"line":155,"column":40},"end":{"line":155,"column":42}}]},"16":{"loc":{"start":{"line":170,"column":2},"end":{"line":177,"column":3}},"type":"if","locations":[{"start":{"line":170,"column":2},"end":{"line":177,"column":3}}]},"17":{"loc":{"start":{"line":173,"column":4},"end":{"line":176,"column":5}},"type":"if","locations":[{"start":{"line":173,"column":4},"end":{"line":176,"column":5}}]},"18":{"loc":{"start":{"line":180,"column":9},"end":{"line":180,"column":24}},"type":"default-arg","locations":[{"start":{"line":180,"column":22},"end":{"line":180,"column":24}}]},"19":{"loc":{"start":{"line":184,"column":2},"end":{"line":189,"column":3}},"type":"if","locations":[{"start":{"line":184,"column":2},"end":{"line":189,"column":3}}]},"20":{"loc":{"start":{"line":192,"column":2},"end":{"line":194,"column":3}},"type":"if","locations":[{"start":{"line":192,"column":2},"end":{"line":194,"column":3}}]},"21":{"loc":{"start":{"line":198,"column":2},"end":{"line":201,"column":3}},"type":"if","locations":[{"start":{"line":198,"column":2},"end":{"line":201,"column":3}}]},"22":{"loc":{"start":{"line":200,"column":33},"end":{"line":200,"column":55}},"type":"binary-expr","locations":[{"start":{"line":200,"column":33},"end":{"line":200,"column":50}},{"start":{"line":200,"column":54},"end":{"line":200,"column":55}}]},"23":{"loc":{"start":{"line":209,"column":2},"end":{"line":212,"column":3}},"type":"if","locations":[{"start":{"line":209,"column":2},"end":{"line":212,"column":3}}]},"24":{"loc":{"start":{"line":211,"column":33},"end":{"line":211,"column":55}},"type":"binary-expr","locations":[{"start":{"line":211,"column":33},"end":{"line":211,"column":50}},{"start":{"line":211,"column":54},"end":{"line":211,"column":55}}]},"25":{"loc":{"start":{"line":214,"column":2},"end":{"line":216,"column":3}},"type":"if","locations":[{"start":{"line":214,"column":2},"end":{"line":216,"column":3}}]},"26":{"loc":{"start":{"line":214,"column":6},"end":{"line":214,"column":60}},"type":"binary-expr","locations":[{"start":{"line":214,"column":6},"end":{"line":214,"column":22}},{"start":{"line":214,"column":26},"end":{"line":214,"column":38}},{"start":{"line":214,"column":42},"end":{"line":214,"column":60}}]},"27":{"loc":{"start":{"line":218,"column":2},"end":{"line":220,"column":3}},"type":"if","locations":[{"start":{"line":218,"column":2},"end":{"line":220,"column":3}}]}},"s":{"0":1,"1":1,"2":1,"3":1,"4":1,"5":1,"6":0,"7":0,"8":0,"9":0,"10":0,"11":0,"12":0,"13":3,"14":3,"15":3,"16":0,"17":3,"18":3,"19":0,"20":0,"21":0,"22":0,"23":3,"24":3,"25":0,"26":0,"27":0,"28":0,"29":3,"30":3,"31":0,"32":0,"33":0,"34":0,"35":3,"36":3,"37":0,"38":0,"39":0,"40":3,"41":3,"42":2,"43":1,"44":3,"45":3,"46":3,"47":3,"48":0,"49":3,"50":3,"51":3,"52":0,"53":0,"54":0,"55":3,"56":3,"57":3,"58":3,"59":2,"60":2,"61":2,"62":0,"63":0,"64":3,"65":3,"66":3,"67":3,"68":3,"69":2,"70":2,"71":2,"72":2,"73":3,"74":3,"75":0,"76":3,"77":3,"78":3,"79":0,"80":0,"81":3,"82":3,"83":2,"84":2,"85":3,"86":1,"87":3,"88":3,"89":3,"90":0,"91":0},"f":{"0":0,"1":0,"2":3,"3":3,"4":3,"5":3,"6":0,"7":0,"8":0,"9":3,"10":0,"11":0},"b":{"0":[0],"1":[0],"2":[0,0],"3":[0],"4":[0],"5":[0],"6":[0,0],"7":[0],"8":[0],"9":[0],"10":[0],"11":[0],"12":[0],"13":[2],"14":[0],"15":[0,0],"16":[2],"17":[0],"18":[0],"19":[2],"20":[0],"21":[0],"22":[0,0],"23":[2],"24":[2,0],"25":[1],"26":[3,1,1],"27":[3]}}
,"/Users/jules/Code/React/Recipe-Extractor-API/src/services/ingredientMigration.ts": {"path":"/Users/jules/Code/React/Recipe-Extractor-API/src/services/ingredientMigration.ts","statementMap":{"0":{"start":{"line":29,"column":0},"end":{"line":29,"column":16}},"1":{"start":{"line":41,"column":0},"end":{"line":41,"column":16}},"2":{"start":{"line":2,"column":0},"end":{"line":2,"column":68}},"3":{"start":{"line":5,"column":2},"end":{"line":5,"column":53}},"4":{"start":{"line":9,"column":2},"end":{"line":9,"column":37}},"5":{"start":{"line":9,"column":24},"end":{"line":9,"column":37}},"6":{"start":{"line":10,"column":14},"end":{"line":10,"column":23}},"7":{"start":{"line":11,"column":21},"end":{"line":11,"column":37}},"8":{"start":{"line":12,"column":2},"end":{"line":12,"column":67}},"9":{"start":{"line":16,"column":2},"end":{"line":18,"column":3}},"10":{"start":{"line":17,"column":4},"end":{"line":17,"column":17}},"11":{"start":{"line":21,"column":4},"end":{"line":21,"column":102}},"12":{"start":{"line":23,"column":2},"end":{"line":26,"column":4}},"13":{"start":{"line":30,"column":2},"end":{"line":32,"column":3}},"14":{"start":{"line":31,"column":4},"end":{"line":31,"column":39}},"15":{"start":{"line":34,"column":2},"end":{"line":36,"column":3}},"16":{"start":{"line":35,"column":4},"end":{"line":35,"column":43}},"17":{"start":{"line":38,"column":2},"end":{"line":38,"column":51}},"18":{"start":{"line":42,"column":2},"end":{"line":42,"column":64}},"19":{"start":{"line":42,"column":29},"end":{"line":42,"column":62}}},"fnMap":{"0":{"name":"isObject","decl":{"start":{"line":4,"column":9},"end":{"line":4,"column":17}},"loc":{"start":{"line":4,"column":32},"end":{"line":6,"column":1}}},"1":{"name":"isIngredientDetail","decl":{"start":{"line":8,"column":9},"end":{"line":8,"column":27}},"loc":{"start":{"line":8,"column":42},"end":{"line":13,"column":1}}},"2":{"name":"normalizeIngredientDetail","decl":{"start":{"line":15,"column":9},"end":{"line":15,"column":34}},"loc":{"start":{"line":15,"column":58},"end":{"line":27,"column":1}}},"3":{"name":"migrateLegacyIngredientItem","decl":{"start":{"line":29,"column":16},"end":{"line":29,"column":43}},"loc":{"start":{"line":29,"column":57},"end":{"line":39,"column":1}}},"4":{"name":"migrateLegacyIngredientsToDetails","decl":{"start":{"line":41,"column":16},"end":{"line":41,"column":49}},"loc":{"start":{"line":41,"column":75},"end":{"line":43,"column":1}}},"5":{"name":"(anonymous_5)","decl":{"start":{"line":42,"column":19},"end":{"line":42,"column":20}},"loc":{"start":{"line":42,"column":29},"end":{"line":42,"column":62}}}},"branchMap":{"0":{"loc":{"start":{"line":5,"column":9},"end":{"line":5,"column":52}},"type":"binary-expr","locations":[{"start":{"line":5,"column":9},"end":{"line":5,"column":34}},{"start":{"line":5,"column":38},"end":{"line":5,"column":52}}]},"1":{"loc":{"start":{"line":9,"column":2},"end":{"line":9,"column":37}},"type":"if","locations":[{"start":{"line":9,"column":2},"end":{"line":9,"column":37}}]},"2":{"loc":{"start":{"line":12,"column":9},"end":{"line":12,"column":66}},"type":"binary-expr","locations":[{"start":{"line":12,"column":9},"end":{"line":12,"column":32}},{"start":{"line":12,"column":36},"end":{"line":12,"column":66}}]},"3":{"loc":{"start":{"line":16,"column":2},"end":{"line":18,"column":3}},"type":"if","locations":[{"start":{"line":16,"column":2},"end":{"line":18,"column":3}}]},"4":{"loc":{"start":{"line":21,"column":4},"end":{"line":21,"column":102}},"type":"cond-expr","locations":[{"start":{"line":21,"column":81},"end":{"line":21,"column":97}},{"start":{"line":21,"column":100},"end":{"line":21,"column":102}}]},"5":{"loc":{"start":{"line":21,"column":4},"end":{"line":21,"column":78}},"type":"binary-expr","locations":[{"start":{"line":21,"column":4},"end":{"line":21,"column":40}},{"start":{"line":21,"column":44},"end":{"line":21,"column":78}}]},"6":{"loc":{"start":{"line":30,"column":2},"end":{"line":32,"column":3}},"type":"if","locations":[{"start":{"line":30,"column":2},"end":{"line":32,"column":3}}]},"7":{"loc":{"start":{"line":34,"column":2},"end":{"line":36,"column":3}},"type":"if","locations":[{"start":{"line":34,"column":2},"end":{"line":36,"column":3}}]},"8":{"loc":{"start":{"line":38,"column":38},"end":{"line":38,"column":48}},"type":"binary-expr","locations":[{"start":{"line":38,"column":38},"end":{"line":38,"column":42}},{"start":{"line":38,"column":46},"end":{"line":38,"column":48}}]}},"s":{"0":1,"1":1,"2":1,"3":2,"4":2,"5":1,"6":1,"7":1,"8":1,"9":1,"10":0,"11":1,"12":1,"13":4,"14":2,"15":2,"16":1,"17":1,"18":1,"19":2},"f":{"0":2,"1":2,"2":1,"3":4,"4":1,"5":2},"b":{"0":[2,2],"1":[1],"2":[1,1],"3":[0],"4":[1,0],"5":[1,1],"6":[2],"7":[1],"8":[1,1]}}
,"/Users/jules/Code/React/Recipe-Extractor-API/src/services/recipeExtractorService.ts": {"path":"/Users/jules/Code/React/Recipe-Extractor-API/src/services/recipeExtractorService.ts","statementMap":{"0":{"start":{"line":34,"column":21},"end":{"line":34,"column":46}},"1":{"start":{"line":35,"column":21},"end":{"line":35,"column":50}},"2":{"start":{"line":36,"column":21},"end":{"line":36,"column":48}},"3":{"start":{"line":37,"column":21},"end":{"line":37,"column":44}},"4":{"start":{"line":38,"column":21},"end":{"line":38,"column":64}},"5":{"start":{"line":30,"column":19},"end":{"line":30,"column":62}},"6":{"start":{"line":31,"column":19},"end":{"line":31,"column":63}},"7":{"start":{"line":42,"column":19},"end":{"line":42,"column":68}},"8":{"start":{"line":43,"column":4},"end":{"line":43,"column":25}},"9":{"start":{"line":47,"column":47},"end":{"line":47,"column":68}},"10":{"start":{"line":49,"column":4},"end":{"line":55,"column":5}},"11":{"start":{"line":50,"column":6},"end":{"line":50,"column":64}},"12":{"start":{"line":51,"column":6},"end":{"line":51,"column":53}},"13":{"start":{"line":53,"column":6},"end":{"line":53,"column":62}},"14":{"start":{"line":53,"column":50},"end":{"line":53,"column":62}},"15":{"start":{"line":54,"column":6},"end":{"line":54,"column":88}},"16":{"start":{"line":57,"column":21},"end":{"line":57,"column":39}},"17":{"start":{"line":58,"column":22},"end":{"line":58,"column":52}},"18":{"start":{"line":59,"column":25},"end":{"line":59,"column":59}},"19":{"start":{"line":60,"column":4},"end":{"line":65,"column":5}},"20":{"start":{"line":61,"column":6},"end":{"line":64,"column":9}},"21":{"start":{"line":67,"column":19},"end":{"line":67,"column":43}},"22":{"start":{"line":68,"column":4},"end":{"line":73,"column":5}},"23":{"start":{"line":69,"column":6},"end":{"line":72,"column":8}},"24":{"start":{"line":75,"column":26},"end":{"line":75,"column":58}},"25":{"start":{"line":76,"column":4},"end":{"line":81,"column":5}},"26":{"start":{"line":77,"column":6},"end":{"line":80,"column":9}},"27":{"start":{"line":86,"column":4},"end":{"line":160,"column":5}},"28":{"start":{"line":87,"column":22},"end":{"line":87,"column":69}},"29":{"start":{"line":88,"column":6},"end":{"line":88,"column":26}},"30":{"start":{"line":89,"column":6},"end":{"line":89,"column":34}},"31":{"start":{"line":90,"column":6},"end":{"line":90,"column":42}},"32":{"start":{"line":91,"column":6},"end":{"line":91,"column":49}},"33":{"start":{"line":92,"column":6},"end":{"line":92,"column":46}},"34":{"start":{"line":94,"column":6},"end":{"line":102,"column":7}},"35":{"start":{"line":95,"column":24},"end":{"line":99,"column":10}},"36":{"start":{"line":100,"column":8},"end":{"line":100,"column":58}},"37":{"start":{"line":101,"column":8},"end":{"line":101,"column":22}},"38":{"start":{"line":104,"column":6},"end":{"line":152,"column":7}},"39":{"start":{"line":105,"column":8},"end":{"line":113,"column":9}},"40":{"start":{"line":106,"column":25},"end":{"line":110,"column":12}},"41":{"start":{"line":111,"column":10},"end":{"line":111,"column":59}},"42":{"start":{"line":112,"column":10},"end":{"line":112,"column":23}},"43":{"start":{"line":114,"column":8},"end":{"line":123,"column":9}},"44":{"start":{"line":115,"column":25},"end":{"line":120,"column":12}},"45":{"start":{"line":121,"column":10},"end":{"line":121,"column":59}},"46":{"start":{"line":122,"column":10},"end":{"line":122,"column":23}},"47":{"start":{"line":124,"column":8},"end":{"line":133,"column":9}},"48":{"start":{"line":125,"column":25},"end":{"line":130,"column":12}},"49":{"start":{"line":131,"column":10},"end":{"line":131,"column":59}},"50":{"start":{"line":132,"column":10},"end":{"line":132,"column":23}},"51":{"start":{"line":134,"column":8},"end":{"line":143,"column":9}},"52":{"start":{"line":135,"column":25},"end":{"line":140,"column":12}},"53":{"start":{"line":141,"column":10},"end":{"line":141,"column":59}},"54":{"start":{"line":142,"column":10},"end":{"line":142,"column":23}},"55":{"start":{"line":144,"column":23},"end":{"line":149,"column":10}},"56":{"start":{"line":150,"column":8},"end":{"line":150,"column":57}},"57":{"start":{"line":151,"column":8},"end":{"line":151,"column":21}},"58":{"start":{"line":154,"column":21},"end":{"line":157,"column":8}},"59":{"start":{"line":158,"column":6},"end":{"line":158,"column":55}},"60":{"start":{"line":159,"column":6},"end":{"line":159,"column":19}},"61":{"start":{"line":163,"column":4},"end":{"line":180,"column":5}},"62":{"start":{"line":164,"column":21},"end":{"line":164,"column":60}},"63":{"start":{"line":165,"column":21},"end":{"line":165,"column":67}},"64":{"start":{"line":166,"column":6},"end":{"line":166,"column":29}},"65":{"start":{"line":167,"column":6},"end":{"line":167,"column":40}},"66":{"start":{"line":168,"column":6},"end":{"line":168,"column":49}},"67":{"start":{"line":170,"column":6},"end":{"line":178,"column":7}},"68":{"start":{"line":171,"column":24},"end":{"line":175,"column":10}},"69":{"start":{"line":176,"column":8},"end":{"line":176,"column":58}},"70":{"start":{"line":177,"column":8},"end":{"line":177,"column":22}},"71":{"start":{"line":179,"column":6},"end":{"line":179,"column":18}},"72":{"start":{"line":181,"column":4},"end":{"line":181,"column":37}},"73":{"start":{"line":182,"column":4},"end":{"line":182,"column":44}},"74":{"start":{"line":183,"column":4},"end":{"line":183,"column":35}},"75":{"start":{"line":187,"column":4},"end":{"line":187,"column":32}},"76":{"start":{"line":188,"column":4},"end":{"line":188,"column":33}},"77":{"start":{"line":189,"column":4},"end":{"line":189,"column":31}},"78":{"start":{"line":193,"column":4},"end":{"line":198,"column":5}},"79":{"start":{"line":194,"column":6},"end":{"line":197,"column":9}},"80":{"start":{"line":200,"column":4},"end":{"line":203,"column":5}},"81":{"start":{"line":201,"column":6},"end":{"line":201,"column":46}},"82":{"start":{"line":202,"column":6},"end":{"line":202,"column":13}},"83":{"start":{"line":206,"column":18},"end":{"line":206,"column":64}},"84":{"start":{"line":207,"column":4},"end":{"line":207,"column":47}},"85":{"start":{"line":208,"column":4},"end":{"line":210,"column":5}},"86":{"start":{"line":209,"column":6},"end":{"line":209,"column":80}},"87":{"start":{"line":214,"column":4},"end":{"line":214,"column":43}},"88":{"start":{"line":215,"column":4},"end":{"line":215,"column":42}}},"fnMap":{"0":{"name":"(anonymous_0)","decl":{"start":{"line":33,"column":2},"end":{"line":33,"column":null}},"loc":{"start":{"line":38,"column":64},"end":{"line":39,"column":6}}},"1":{"name":"(anonymous_1)","decl":{"start":{"line":41,"column":2},"end":{"line":41,"column":7}},"loc":{"start":{"line":41,"column":38},"end":{"line":44,"column":3}}},"2":{"name":"(anonymous_2)","decl":{"start":{"line":46,"column":2},"end":{"line":46,"column":7}},"loc":{"start":{"line":46,"column":53},"end":{"line":184,"column":3}}},"3":{"name":"(anonymous_3)","decl":{"start":{"line":186,"column":2},"end":{"line":186,"column":19}},"loc":{"start":{"line":186,"column":19},"end":{"line":190,"column":3}}},"4":{"name":"(anonymous_4)","decl":{"start":{"line":192,"column":10},"end":{"line":192,"column":24}},"loc":{"start":{"line":192,"column":90},"end":{"line":211,"column":3}}},"5":{"name":"(anonymous_5)","decl":{"start":{"line":213,"column":10},"end":{"line":213,"column":33}},"loc":{"start":{"line":213,"column":51},"end":{"line":216,"column":3}}}},"branchMap":{"0":{"loc":{"start":{"line":53,"column":6},"end":{"line":53,"column":62}},"type":"if","locations":[{"start":{"line":53,"column":6},"end":{"line":53,"column":62}}]},"1":{"loc":{"start":{"line":60,"column":4},"end":{"line":65,"column":5}},"type":"if","locations":[{"start":{"line":60,"column":4},"end":{"line":65,"column":5}}]},"2":{"loc":{"start":{"line":60,"column":8},"end":{"line":60,"column":49}},"type":"binary-expr","locations":[{"start":{"line":60,"column":8},"end":{"line":60,"column":20}},{"start":{"line":60,"column":24},"end":{"line":60,"column":49}}]},"3":{"loc":{"start":{"line":68,"column":4},"end":{"line":73,"column":5}},"type":"if","locations":[{"start":{"line":68,"column":4},"end":{"line":73,"column":5}}]},"4":{"loc":{"start":{"line":76,"column":4},"end":{"line":81,"column":5}},"type":"if","locations":[{"start":{"line":76,"column":4},"end":{"line":81,"column":5}}]},"5":{"loc":{"start":{"line":94,"column":6},"end":{"line":102,"column":7}},"type":"if","locations":[{"start":{"line":94,"column":6},"end":{"line":102,"column":7}}]},"6":{"loc":{"start":{"line":98,"column":14},"end":{"line":98,"column":38}},"type":"binary-expr","locations":[{"start":{"line":98,"column":14},"end":{"line":98,"column":32}},{"start":{"line":98,"column":36},"end":{"line":98,"column":38}}]},"7":{"loc":{"start":{"line":104,"column":6},"end":{"line":152,"column":7}},"type":"if","locations":[{"start":{"line":104,"column":6},"end":{"line":152,"column":7}}]},"8":{"loc":{"start":{"line":105,"column":8},"end":{"line":113,"column":9}},"type":"if","locations":[{"start":{"line":105,"column":8},"end":{"line":113,"column":9}}]},"9":{"loc":{"start":{"line":114,"column":8},"end":{"line":123,"column":9}},"type":"if","locations":[{"start":{"line":114,"column":8},"end":{"line":123,"column":9}}]},"10":{"loc":{"start":{"line":119,"column":33},"end":{"line":119,"column":49}},"type":"binary-expr","locations":[{"start":{"line":119,"column":33},"end":{"line":119,"column":43}},{"start":{"line":119,"column":47},"end":{"line":119,"column":49}}]},"11":{"loc":{"start":{"line":124,"column":8},"end":{"line":133,"column":9}},"type":"if","locations":[{"start":{"line":124,"column":8},"end":{"line":133,"column":9}}]},"12":{"loc":{"start":{"line":124,"column":12},"end":{"line":124,"column":76}},"type":"binary-expr","locations":[{"start":{"line":124,"column":12},"end":{"line":124,"column":42}},{"start":{"line":124,"column":46},"end":{"line":124,"column":76}}]},"13":{"loc":{"start":{"line":129,"column":33},"end":{"line":129,"column":49}},"type":"binary-expr","locations":[{"start":{"line":129,"column":33},"end":{"line":129,"column":43}},{"start":{"line":129,"column":47},"end":{"line":129,"column":49}}]},"14":{"loc":{"start":{"line":134,"column":8},"end":{"line":143,"column":9}},"type":"if","locations":[{"start":{"line":134,"column":8},"end":{"line":143,"column":9}}]},"15":{"loc":{"start":{"line":134,"column":12},"end":{"line":134,"column":89}},"type":"binary-expr","locations":[{"start":{"line":134,"column":12},"end":{"line":134,"column":26}},{"start":{"line":134,"column":30},"end":{"line":134,"column":58}},{"start":{"line":134,"column":62},"end":{"line":134,"column":89}}]},"16":{"loc":{"start":{"line":139,"column":33},"end":{"line":139,"column":49}},"type":"binary-expr","locations":[{"start":{"line":139,"column":33},"end":{"line":139,"column":43}},{"start":{"line":139,"column":47},"end":{"line":139,"column":49}}]},"17":{"loc":{"start":{"line":147,"column":26},"end":{"line":147,"column":74}},"type":"binary-expr","locations":[{"start":{"line":147,"column":26},"end":{"line":147,"column":61}},{"start":{"line":147,"column":65},"end":{"line":147,"column":74}}]},"18":{"loc":{"start":{"line":147,"column":33},"end":{"line":147,"column":60}},"type":"binary-expr","locations":[{"start":{"line":147,"column":33},"end":{"line":147,"column":55}},{"start":{"line":147,"column":59},"end":{"line":147,"column":60}}]},"19":{"loc":{"start":{"line":148,"column":31},"end":{"line":148,"column":47}},"type":"binary-expr","locations":[{"start":{"line":148,"column":31},"end":{"line":148,"column":41}},{"start":{"line":148,"column":45},"end":{"line":148,"column":47}}]},"20":{"loc":{"start":{"line":170,"column":6},"end":{"line":178,"column":7}},"type":"if","locations":[{"start":{"line":170,"column":6},"end":{"line":178,"column":7}}]},"21":{"loc":{"start":{"line":174,"column":14},"end":{"line":174,"column":38}},"type":"binary-expr","locations":[{"start":{"line":174,"column":14},"end":{"line":174,"column":32}},{"start":{"line":174,"column":36},"end":{"line":174,"column":38}}]},"22":{"loc":{"start":{"line":193,"column":4},"end":{"line":198,"column":5}},"type":"if","locations":[{"start":{"line":193,"column":4},"end":{"line":198,"column":5}}]},"23":{"loc":{"start":{"line":200,"column":4},"end":{"line":203,"column":5}},"type":"if","locations":[{"start":{"line":200,"column":4},"end":{"line":203,"column":5}}]},"24":{"loc":{"start":{"line":206,"column":19},"end":{"line":206,"column":59}},"type":"binary-expr","locations":[{"start":{"line":206,"column":19},"end":{"line":206,"column":54}},{"start":{"line":206,"column":58},"end":{"line":206,"column":59}}]},"25":{"loc":{"start":{"line":208,"column":4},"end":{"line":210,"column":5}},"type":"if","locations":[{"start":{"line":208,"column":4},"end":{"line":210,"column":5}}]}},"s":{"0":0,"1":0,"2":0,"3":0,"4":0,"5":0,"6":0,"7":0,"8":0,"9":0,"10":0,"11":0,"12":0,"13":0,"14":0,"15":0,"16":0,"17":0,"18":0,"19":0,"20":0,"21":0,"22":0,"23":0,"24":0,"25":0,"26":0,"27":0,"28":0,"29":0,"30":0,"31":0,"32":0,"33":0,"34":0,"35":0,"36":0,"37":0,"38":0,"39":0,"40":0,"41":0,"42":0,"43":0,"44":0,"45":0,"46":0,"47":0,"48":0,"49":0,"50":0,"51":0,"52":0,"53":0,"54":0,"55":0,"56":0,"57":0,"58":0,"59":0,"60":0,"61":0,"62":0,"63":0,"64":0,"65":0,"66":0,"67":0,"68":0,"69":0,"70":0,"71":0,"72":0,"73":0,"74":0,"75":0,"76":0,"77":0,"78":0,"79":0,"80":0,"81":0,"82":0,"83":0,"84":0,"85":0,"86":0,"87":0,"88":0},"f":{"0":0,"1":0,"2":0,"3":0,"4":0,"5":0},"b":{"0":[0],"1":[0],"2":[0,0],"3":[0],"4":[0],"5":[0],"6":[0,0],"7":[0],"8":[0],"9":[0],"10":[0,0],"11":[0],"12":[0,0],"13":[0,0],"14":[0],"15":[0,0,0],"16":[0,0],"17":[0,0],"18":[0,0],"19":[0,0],"20":[0],"21":[0,0],"22":[0],"23":[0],"24":[0,0],"25":[0]}}
,"/Users/jules/Code/React/Recipe-Extractor-API/src/services/recipeParserService.ts": {"path":"/Users/jules/Code/React/Recipe-Extractor-API/src/services/recipeParserService.ts","statementMap":{"0":{"start":{"line":16,"column":0},"end":{"line":16,"column":16}},"1":{"start":{"line":50,"column":0},"end":{"line":50,"column":16}},"2":{"start":{"line":73,"column":0},"end":{"line":73,"column":16}},"3":{"start":{"line":85,"column":0},"end":{"line":85,"column":16}},"4":{"start":{"line":96,"column":0},"end":{"line":96,"column":16}},"5":{"start":{"line":113,"column":0},"end":{"line":113,"column":16}},"6":{"start":{"line":170,"column":0},"end":{"line":170,"column":16}},"7":{"start":{"line":188,"column":0},"end":{"line":188,"column":16}},"8":{"start":{"line":235,"column":0},"end":{"line":235,"column":16}},"9":{"start":{"line":243,"column":0},"end":{"line":243,"column":16}},"10":{"start":{"line":249,"column":0},"end":{"line":249,"column":16}},"11":{"start":{"line":280,"column":0},"end":{"line":280,"column":16}},"12":{"start":{"line":305,"column":0},"end":{"line":305,"column":16}},"13":{"start":{"line":320,"column":0},"end":{"line":320,"column":16}},"14":{"start":{"line":1,"column":0},"end":{"line":1,"column":35}},"15":{"start":{"line":2,"column":0},"end":{"line":2,"column":68}},"16":{"start":{"line":3,"column":0},"end":{"line":3,"column":60}},"17":{"start":{"line":5,"column":0},"end":{"line":5,"column":69}},"18":{"start":{"line":7,"column":43},"end":{"line":14,"column":2}},"19":{"start":{"line":17,"column":2},"end":{"line":28,"column":5}},"20":{"start":{"line":18,"column":23},"end":{"line":18,"column":43}},"21":{"start":{"line":19,"column":4},"end":{"line":22,"column":5}},"22":{"start":{"line":20,"column":24},"end":{"line":20,"column":57}},"23":{"start":{"line":21,"column":6},"end":{"line":21,"column":83}},"24":{"start":{"line":23,"column":4},"end":{"line":26,"column":5}},"25":{"start":{"line":24,"column":24},"end":{"line":24,"column":57}},"26":{"start":{"line":25,"column":6},"end":{"line":25,"column":83}},"27":{"start":{"line":27,"column":4},"end":{"line":27,"column":47}},"28":{"start":{"line":32,"column":13},"end":{"line":32,"column":18}},"29":{"start":{"line":34,"column":2},"end":{"line":36,"column":3}},"30":{"start":{"line":35,"column":4},"end":{"line":35,"column":60}},"31":{"start":{"line":37,"column":2},"end":{"line":37,"column":14}},"32":{"start":{"line":41,"column":18},"end":{"line":41,"column":57}},"33":{"start":{"line":42,"column":27},"end":{"line":42,"column":64}},"34":{"start":{"line":43,"column":2},"end":{"line":43,"column":33}},"35":{"start":{"line":47,"column":2},"end":{"line":47,"column":40}},"36":{"start":{"line":51,"column":2},"end":{"line":51,"column":30}},"37":{"start":{"line":51,"column":20},"end":{"line":51,"column":30}},"38":{"start":{"line":53,"column":2},"end":{"line":55,"column":3}},"39":{"start":{"line":54,"column":4},"end":{"line":54,"column":80}},"40":{"start":{"line":57,"column":2},"end":{"line":63,"column":3}},"41":{"start":{"line":58,"column":4},"end":{"line":61,"column":5}},"42":{"start":{"line":59,"column":25},"end":{"line":59,"column":51}},"43":{"start":{"line":60,"column":6},"end":{"line":60,"column":40}},"44":{"start":{"line":60,"column":22},"end":{"line":60,"column":40}},"45":{"start":{"line":62,"column":4},"end":{"line":62,"column":14}},"46":{"start":{"line":65,"column":2},"end":{"line":68,"column":3}},"47":{"start":{"line":66,"column":4},"end":{"line":66,"column":72}},"48":{"start":{"line":66,"column":26},"end":{"line":66,"column":72}},"49":{"start":{"line":67,"column":4},"end":{"line":67,"column":72}},"50":{"start":{"line":67,"column":26},"end":{"line":67,"column":72}},"51":{"start":{"line":70,"column":2},"end":{"line":70,"column":35}},"52":{"start":{"line":74,"column":2},"end":{"line":74,"column":31}},"53":{"start":{"line":74,"column":14},"end":{"line":74,"column":31}},"54":{"start":{"line":75,"column":2},"end":{"line":79,"column":3}},"55":{"start":{"line":76,"column":20},"end":{"line":76,"column":39}},"56":{"start":{"line":77,"column":4},"end":{"line":77,"column":60}},"57":{"start":{"line":77,"column":34},"end":{"line":77,"column":60}},"58":{"start":{"line":78,"column":4},"end":{"line":78,"column":19}},"59":{"start":{"line":80,"column":2},"end":{"line":80,"column":60}},"60":{"start":{"line":80,"column":28},"end":{"line":80,"column":60}},"61":{"start":{"line":81,"column":2},"end":{"line":81,"column":79}},"62":{"start":{"line":81,"column":46},"end":{"line":81,"column":79}},"63":{"start":{"line":82,"column":2},"end":{"line":82,"column":19}},"64":{"start":{"line":86,"column":2},"end":{"line":86,"column":27}},"65":{"start":{"line":86,"column":17},"end":{"line":86,"column":27}},"66":{"start":{"line":87,"column":2},"end":{"line":87,"column":66}},"67":{"start":{"line":87,"column":36},"end":{"line":87,"column":66}},"68":{"start":{"line":88,"column":2},"end":{"line":88,"column":69}},"69":{"start":{"line":88,"column":31},"end":{"line":88,"column":69}},"70":{"start":{"line":89,"column":2},"end":{"line":92,"column":3}},"71":{"start":{"line":90,"column":4},"end":{"line":90,"column":58}},"72":{"start":{"line":90,"column":23},"end":{"line":90,"column":58}},"73":{"start":{"line":91,"column":4},"end":{"line":91,"column":58}},"74":{"start":{"line":91,"column":23},"end":{"line":91,"column":58}},"75":{"start":{"line":93,"column":2},"end":{"line":93,"column":12}},"76":{"start":{"line":97,"column":2},"end":{"line":97,"column":24}},"77":{"start":{"line":97,"column":14},"end":{"line":97,"column":24}},"78":{"start":{"line":98,"column":2},"end":{"line":101,"column":3}},"79":{"start":{"line":99,"column":20},"end":{"line":99,"column":39}},"80":{"start":{"line":100,"column":4},"end":{"line":100,"column":36}},"81":{"start":{"line":102,"column":2},"end":{"line":102,"column":39}},"82":{"start":{"line":102,"column":29},"end":{"line":102,"column":39}},"83":{"start":{"line":104,"column":2},"end":{"line":110,"column":47}},"84":{"start":{"line":106,"column":6},"end":{"line":106,"column":62}},"85":{"start":{"line":106,"column":36},"end":{"line":106,"column":62}},"86":{"start":{"line":107,"column":6},"end":{"line":107,"column":60}},"87":{"start":{"line":107,"column":29},"end":{"line":107,"column":60}},"88":{"start":{"line":108,"column":6},"end":{"line":108,"column":32}},"89":{"start":{"line":110,"column":30},"end":{"line":110,"column":45}},"90":{"start":{"line":114,"column":2},"end":{"line":114,"column":31}},"91":{"start":{"line":114,"column":21},"end":{"line":114,"column":31}},"92":{"start":{"line":115,"column":2},"end":{"line":118,"column":3}},"93":{"start":{"line":116,"column":20},"end":{"line":116,"column":46}},"94":{"start":{"line":117,"column":4},"end":{"line":117,"column":36}},"95":{"start":{"line":119,"column":2},"end":{"line":119,"column":46}},"96":{"start":{"line":119,"column":36},"end":{"line":119,"column":46}},"97":{"start":{"line":121,"column":27},"end":{"line":121,"column":29}},"98":{"start":{"line":122,"column":2},"end":{"line":165,"column":5}},"99":{"start":{"line":123,"column":4},"end":{"line":127,"column":5}},"100":{"start":{"line":124,"column":22},"end":{"line":124,"column":47}},"101":{"start":{"line":125,"column":6},"end":{"line":125,"column":40}},"102":{"start":{"line":125,"column":19},"end":{"line":125,"column":40}},"103":{"start":{"line":126,"column":6},"end":{"line":126,"column":13}},"104":{"start":{"line":129,"column":4},"end":{"line":133,"column":5}},"105":{"start":{"line":130,"column":22},"end":{"line":130,"column":52}},"106":{"start":{"line":131,"column":6},"end":{"line":131,"column":40}},"107":{"start":{"line":131,"column":19},"end":{"line":131,"column":40}},"108":{"start":{"line":132,"column":6},"end":{"line":132,"column":13}},"109":{"start":{"line":135,"column":4},"end":{"line":135,"column":64}},"110":{"start":{"line":135,"column":57},"end":{"line":135,"column":64}},"111":{"start":{"line":137,"column":4},"end":{"line":148,"column":5}},"112":{"start":{"line":138,"column":6},"end":{"line":146,"column":9}},"113":{"start":{"line":139,"column":8},"end":{"line":145,"column":9}},"114":{"start":{"line":140,"column":26},"end":{"line":140,"column":49}},"115":{"start":{"line":141,"column":10},"end":{"line":141,"column":44}},"116":{"start":{"line":141,"column":23},"end":{"line":141,"column":44}},"117":{"start":{"line":142,"column":15},"end":{"line":145,"column":9}},"118":{"start":{"line":143,"column":26},"end":{"line":143,"column":49}},"119":{"start":{"line":144,"column":10},"end":{"line":144,"column":44}},"120":{"start":{"line":144,"column":23},"end":{"line":144,"column":44}},"121":{"start":{"line":147,"column":6},"end":{"line":147,"column":13}},"122":{"start":{"line":150,"column":4},"end":{"line":159,"column":5}},"123":{"start":{"line":151,"column":6},"end":{"line":157,"column":7}},"124":{"start":{"line":152,"column":24},"end":{"line":152,"column":54}},"125":{"start":{"line":153,"column":8},"end":{"line":153,"column":42}},"126":{"start":{"line":153,"column":21},"end":{"line":153,"column":42}},"127":{"start":{"line":154,"column":13},"end":{"line":157,"column":7}},"128":{"start":{"line":155,"column":24},"end":{"line":155,"column":54}},"129":{"start":{"line":156,"column":8},"end":{"line":156,"column":42}},"130":{"start":{"line":156,"column":21},"end":{"line":156,"column":42}},"131":{"start":{"line":158,"column":6},"end":{"line":158,"column":13}},"132":{"start":{"line":161,"column":16},"end":{"line":161,"column":41}},"133":{"start":{"line":162,"column":4},"end":{"line":164,"column":5}},"134":{"start":{"line":163,"column":6},"end":{"line":163,"column":23}},"135":{"start":{"line":167,"column":2},"end":{"line":167,"column":16}},"136":{"start":{"line":171,"column":2},"end":{"line":171,"column":30}},"137":{"start":{"line":171,"column":20},"end":{"line":171,"column":30}},"138":{"start":{"line":172,"column":2},"end":{"line":180,"column":3}},"139":{"start":{"line":173,"column":4},"end":{"line":179,"column":61}},"140":{"start":{"line":175,"column":8},"end":{"line":175,"column":76}},"141":{"start":{"line":175,"column":44},"end":{"line":175,"column":76}},"142":{"start":{"line":176,"column":8},"end":{"line":176,"column":80}},"143":{"start":{"line":176,"column":43},"end":{"line":176,"column":80}},"144":{"start":{"line":177,"column":8},"end":{"line":177,"column":18}},"145":{"start":{"line":179,"column":38},"end":{"line":179,"column":59}},"146":{"start":{"line":181,"column":2},"end":{"line":184,"column":3}},"147":{"start":{"line":182,"column":20},"end":{"line":182,"column":45}},"148":{"start":{"line":183,"column":4},"end":{"line":183,"column":36}},"149":{"start":{"line":185,"column":2},"end":{"line":185,"column":12}},"150":{"start":{"line":189,"column":2},"end":{"line":189,"column":23}},"151":{"start":{"line":189,"column":13},"end":{"line":189,"column":23}},"152":{"start":{"line":191,"column":2},"end":{"line":215,"column":3}},"153":{"start":{"line":192,"column":20},"end":{"line":192,"column":38}},"154":{"start":{"line":194,"column":4},"end":{"line":202,"column":5}},"155":{"start":{"line":195,"column":23},"end":{"line":195,"column":39}},"156":{"start":{"line":196,"column":25},"end":{"line":196,"column":26}},"157":{"start":{"line":197,"column":25},"end":{"line":197,"column":49}},"158":{"start":{"line":198,"column":27},"end":{"line":198,"column":51}},"159":{"start":{"line":199,"column":6},"end":{"line":199,"column":71}},"160":{"start":{"line":199,"column":22},"end":{"line":199,"column":71}},"161":{"start":{"line":200,"column":6},"end":{"line":200,"column":70}},"162":{"start":{"line":200,"column":24},"end":{"line":200,"column":70}},"163":{"start":{"line":201,"column":6},"end":{"line":201,"column":37}},"164":{"start":{"line":204,"column":23},"end":{"line":204,"column":65}},"165":{"start":{"line":205,"column":25},"end":{"line":205,"column":80}},"166":{"start":{"line":206,"column":4},"end":{"line":211,"column":5}},"167":{"start":{"line":207,"column":25},"end":{"line":207,"column":26}},"168":{"start":{"line":208,"column":6},"end":{"line":208,"column":71}},"169":{"start":{"line":208,"column":22},"end":{"line":208,"column":71}},"170":{"start":{"line":209,"column":6},"end":{"line":209,"column":70}},"171":{"start":{"line":209,"column":24},"end":{"line":209,"column":70}},"172":{"start":{"line":210,"column":6},"end":{"line":210,"column":37}},"173":{"start":{"line":213,"column":24},"end":{"line":213,"column":53}},"174":{"start":{"line":214,"column":4},"end":{"line":214,"column":34}},"175":{"start":{"line":217,"column":2},"end":{"line":228,"column":3}},"176":{"start":{"line":218,"column":4},"end":{"line":221,"column":5}},"177":{"start":{"line":219,"column":23},"end":{"line":219,"column":50}},"178":{"start":{"line":220,"column":6},"end":{"line":220,"column":77}},"179":{"start":{"line":220,"column":40},"end":{"line":220,"column":77}},"180":{"start":{"line":222,"column":4},"end":{"line":227,"column":5}},"181":{"start":{"line":223,"column":25},"end":{"line":223,"column":26}},"182":{"start":{"line":224,"column":6},"end":{"line":224,"column":68}},"183":{"start":{"line":224,"column":22},"end":{"line":224,"column":68}},"184":{"start":{"line":225,"column":6},"end":{"line":225,"column":67}},"185":{"start":{"line":225,"column":24},"end":{"line":225,"column":67}},"186":{"start":{"line":226,"column":6},"end":{"line":226,"column":37}},"187":{"start":{"line":230,"column":14},"end":{"line":230,"column":32}},"188":{"start":{"line":231,"column":22},"end":{"line":231,"column":47}},"189":{"start":{"line":232,"column":2},"end":{"line":232,"column":28}},"190":{"start":{"line":236,"column":2},"end":{"line":236,"column":27}},"191":{"start":{"line":236,"column":17},"end":{"line":236,"column":27}},"192":{"start":{"line":237,"column":2},"end":{"line":237,"column":66}},"193":{"start":{"line":237,"column":36},"end":{"line":237,"column":66}},"194":{"start":{"line":238,"column":2},"end":{"line":238,"column":60}},"195":{"start":{"line":238,"column":36},"end":{"line":238,"column":60}},"196":{"start":{"line":239,"column":2},"end":{"line":239,"column":70}},"197":{"start":{"line":239,"column":31},"end":{"line":239,"column":70}},"198":{"start":{"line":240,"column":2},"end":{"line":240,"column":32}},"199":{"start":{"line":244,"column":2},"end":{"line":244,"column":29}},"200":{"start":{"line":244,"column":19},"end":{"line":244,"column":29}},"201":{"start":{"line":245,"column":2},"end":{"line":245,"column":70}},"202":{"start":{"line":245,"column":38},"end":{"line":245,"column":70}},"203":{"start":{"line":246,"column":2},"end":{"line":246,"column":34}},"204":{"start":{"line":250,"column":2},"end":{"line":250,"column":51}},"205":{"start":{"line":250,"column":39},"end":{"line":250,"column":51}},"206":{"start":{"line":252,"column":2},"end":{"line":258,"column":3}},"207":{"start":{"line":253,"column":4},"end":{"line":256,"column":5}},"208":{"start":{"line":254,"column":20},"end":{"line":254,"column":42}},"209":{"start":{"line":255,"column":6},"end":{"line":255,"column":30}},"210":{"start":{"line":255,"column":17},"end":{"line":255,"column":30}},"211":{"start":{"line":257,"column":4},"end":{"line":257,"column":16}},"212":{"start":{"line":260,"column":15},"end":{"line":260,"column":27}},"213":{"start":{"line":261,"column":2},"end":{"line":263,"column":3}},"214":{"start":{"line":262,"column":4},"end":{"line":262,"column":15}},"215":{"start":{"line":265,"column":2},"end":{"line":268,"column":3}},"216":{"start":{"line":266,"column":18},"end":{"line":266,"column":49}},"217":{"start":{"line":267,"column":4},"end":{"line":267,"column":28}},"218":{"start":{"line":267,"column":15},"end":{"line":267,"column":28}},"219":{"start":{"line":270,"column":2},"end":{"line":275,"column":3}},"220":{"start":{"line":271,"column":4},"end":{"line":274,"column":5}},"221":{"start":{"line":272,"column":20},"end":{"line":272,"column":46}},"222":{"start":{"line":273,"column":6},"end":{"line":273,"column":30}},"223":{"start":{"line":273,"column":17},"end":{"line":273,"column":30}},"224":{"start":{"line":277,"column":2},"end":{"line":277,"column":14}},"225":{"start":{"line":281,"column":26},"end":{"line":281,"column":28}},"226":{"start":{"line":282,"column":20},"end":{"line":291,"column":4}},"227":{"start":{"line":293,"column":2},"end":{"line":300,"column":5}},"228":{"start":{"line":294,"column":4},"end":{"line":299,"column":7}},"229":{"start":{"line":295,"column":19},"end":{"line":295,"column":38}},"230":{"start":{"line":296,"column":6},"end":{"line":298,"column":7}},"231":{"start":{"line":297,"column":8},"end":{"line":297,"column":25}},"232":{"start":{"line":302,"column":2},"end":{"line":302,"column":15}},"233":{"start":{"line":306,"column":27},"end":{"line":306,"column":29}},"234":{"start":{"line":308,"column":4},"end":{"line":308,"column":90}},"235":{"start":{"line":311,"column":2},"end":{"line":315,"column":3}},"236":{"start":{"line":312,"column":16},"end":{"line":312,"column":32}},"237":{"start":{"line":313,"column":4},"end":{"line":313,"column":64}},"238":{"start":{"line":313,"column":55},"end":{"line":313,"column":64}},"239":{"start":{"line":314,"column":4},"end":{"line":314,"column":21}},"240":{"start":{"line":317,"column":2},"end":{"line":317,"column":16}},"241":{"start":{"line":321,"column":22},"end":{"line":321,"column":71}},"242":{"start":{"line":322,"column":2},"end":{"line":337,"column":4}},"243":{"start":{"line":342,"column":4},"end":{"line":342,"column":58}},"244":{"start":{"line":346,"column":25},"end":{"line":346,"column":50}},"245":{"start":{"line":347,"column":4},"end":{"line":357,"column":5}},"246":{"start":{"line":348,"column":6},"end":{"line":356,"column":7}},"247":{"start":{"line":349,"column":23},"end":{"line":349,"column":43}},"248":{"start":{"line":350,"column":28},"end":{"line":350,"column":52}},"249":{"start":{"line":351,"column":8},"end":{"line":353,"column":9}},"250":{"start":{"line":352,"column":10},"end":{"line":352,"column":99}},"251":{"start":{"line":359,"column":14},"end":{"line":359,"column":32}},"252":{"start":{"line":361,"column":6},"end":{"line":361,"column":118}},"253":{"start":{"line":363,"column":4},"end":{"line":365,"column":5}},"254":{"start":{"line":364,"column":6},"end":{"line":364,"column":91}},"255":{"start":{"line":367,"column":18},"end":{"line":367,"column":81}},"256":{"start":{"line":368,"column":23},"end":{"line":368,"column":42}},"257":{"start":{"line":369,"column":24},"end":{"line":373,"column":60}},"258":{"start":{"line":371,"column":22},"end":{"line":371,"column":48}},"259":{"start":{"line":373,"column":38},"end":{"line":373,"column":59}},"260":{"start":{"line":375,"column":27},"end":{"line":375,"column":82}},"261":{"start":{"line":376,"column":33},"end":{"line":376,"column":35}},"262":{"start":{"line":378,"column":4},"end":{"line":401,"column":5}},"263":{"start":{"line":379,"column":17},"end":{"line":379,"column":39}},"264":{"start":{"line":380,"column":6},"end":{"line":395,"column":7}},"265":{"start":{"line":381,"column":8},"end":{"line":385,"column":67}},"266":{"start":{"line":383,"column":26},"end":{"line":383,"column":52}},"267":{"start":{"line":385,"column":43},"end":{"line":385,"column":65}},"268":{"start":{"line":386,"column":13},"end":{"line":395,"column":7}},"269":{"start":{"line":387,"column":8},"end":{"line":391,"column":67}},"270":{"start":{"line":389,"column":25},"end":{"line":389,"column":50}},"271":{"start":{"line":391,"column":43},"end":{"line":391,"column":65}},"272":{"start":{"line":393,"column":21},"end":{"line":393,"column":37}},"273":{"start":{"line":394,"column":8},"end":{"line":394,"column":54}},"274":{"start":{"line":394,"column":18},"end":{"line":394,"column":54}},"275":{"start":{"line":397,"column":6},"end":{"line":400,"column":65}},"276":{"start":{"line":398,"column":24},"end":{"line":398,"column":50}},"277":{"start":{"line":400,"column":41},"end":{"line":400,"column":63}},"278":{"start":{"line":403,"column":18},"end":{"line":403,"column":102}},"279":{"start":{"line":404,"column":23},"end":{"line":404,"column":82}},"280":{"start":{"line":405,"column":21},"end":{"line":405,"column":81}},"281":{"start":{"line":406,"column":26},"end":{"line":406,"column":82}},"282":{"start":{"line":407,"column":37},"end":{"line":407,"column":89}},"2
[...]
:46},"end":{"line":434,"column":79}},{"start":{"line":434,"column":82},"end":{"line":434,"column":84}}]},"124":{"loc":{"start":{"line":435,"column":18},"end":{"line":435,"column":78}},"type":"cond-expr","locations":[{"start":{"line":435,"column":42},"end":{"line":435,"column":73}},{"start":{"line":435,"column":76},"end":{"line":435,"column":78}}]},"125":{"loc":{"start":{"line":436,"column":18},"end":{"line":436,"column":78}},"type":"cond-expr","locations":[{"start":{"line":436,"column":42},"end":{"line":436,"column":73}},{"start":{"line":436,"column":76},"end":{"line":436,"column":78}}]},"126":{"loc":{"start":{"line":437,"column":21},"end":{"line":437,"column":87}},"type":"cond-expr","locations":[{"start":{"line":437,"column":48},"end":{"line":437,"column":82}},{"start":{"line":437,"column":85},"end":{"line":437,"column":87}}]}},"s":{"0":1,"1":1,"2":1,"3":1,"4":1,"5":1,"6":1,"7":1,"8":1,"9":1,"10":1,"11":1,"12":1,"13":1,"14":1,"15":1,"16":1,"17":1,"18":1,"19":3,"20":0,"21":0,"22":0,"23":0,"24":0,"25":0,"26":0,"27":0,"28":0,"29":0,"30":0,"31":0,"32":0,"33":0,"34":0,"35":0,"36":0,"37":0,"38":0,"39":0,"40":0,"41":0,"42":0,"43":0,"44":0,"45":0,"46":0,"47":0,"48":0,"49":0,"50":0,"51":0,"52":0,"53":0,"54":0,"55":0,"56":0,"57":0,"58":0,"59":0,"60":0,"61":0,"62":0,"63":0,"64":0,"65":0,"66":0,"67":0,"68":0,"69":0,"70":0,"71":0,"72":0,"73":0,"74":0,"75":0,"76":0,"77":0,"78":0,"79":0,"80":0,"81":0,"82":0,"83":0,"84":0,"85":0,"86":0,"87":0,"88":0,"89":0,"90":0,"91":0,"92":0,"93":0,"94":0,"95":0,"96":0,"97":0,"98":0,"99":0,"100":0,"101":0,"102":0,"103":0,"104":0,"105":0,"106":0,"107":0,"108":0,"109":0,"110":0,"111":0,"112":0,"113":0,"114":0,"115":0,"116":0,"117":0,"118":0,"119":0,"120":0,"121":0,"122":0,"123":0,"124":0,"125":0,"126":0,"127":0,"128":0,"129":0,"130":0,"131":0,"132":0,"133":0,"134":0,"135":0,"136":0,"137":0,"138":0,"139":0,"140":0,"141":0,"142":0,"143":0,"144":0,"145":0,"146":0,"147":0,"148":0,"149":0,"150":0,"151":0,"152":0,"153":0,"154":0,"155":0,"156":0,"157":0,"158":0,"159":0,"160":0,"161":0,"162":0,"163":0,"164":0,"165":0,"166":0,"167":0,"168":0,"169":0,"170":0,"171":0,"172":0,"173":0,"174":0,"175":0,"176":0,"177":0,"178":0,"179":0,"180":0,"181":0,"182":0,"183":0,"184":0,"185":0,"186":0,"187":0,"188":0,"189":0,"190":0,"191":0,"192":0,"193":0,"194":0,"195":0,"196":0,"197":0,"198":0,"199":0,"200":0,"201":0,"202":0,"203":0,"204":0,"205":0,"206":0,"207":0,"208":0,"209":0,"210":0,"211":0,"212":0,"213":0,"214":0,"215":0,"216":0,"217":0,"218":0,"219":0,"220":0,"221":0,"222":0,"223":0,"224":0,"225":0,"226":0,"227":0,"228":0,"229":0,"230":0,"231":0,"232":0,"233":0,"234":0,"235":0,"236":0,"237":0,"238":0,"239":0,"240":0,"241":0,"242":0,"243":0,"244":0,"245":0,"246":0,"247":0,"248":0,"249":0,"250":0,"251":0,"252":0,"253":0,"254":0,"255":0,"256":0,"257":0,"258":0,"259":0,"260":0,"261":0,"262":0,"263":0,"264":0,"265":0,"266":0,"267":0,"268":0,"269":0,"270":0,"271":0,"272":0,"273":0,"274":0,"275":0,"276":0,"277":0,"278":0,"279":0,"280":0,"281":0,"282":0,"283":0,"284":0,"285":0,"286":0,"287":0,"288":0,"289":0,"290":0,"291":0,"292":0,"293":0,"294":1},"f":{"0":3,"1":0,"2":0,"3":0,"4":0,"5":0,"6":0,"7":0,"8":0,"9":0,"10":0,"11":0,"12":0,"13":0,"14":0,"15":0,"16":0,"17":0,"18":0,"19":0,"20":0,"21":0,"22":0,"23":0,"24":0,"25":0,"26":0,"27":0,"28":0,"29":0,"30":0,"31":0,"32":0,"33":0,"34":0,"35":0,"36":0,"37":0},"b":{"0":[0],"1":[0,0],"2":[0],"3":[0,0],"4":[0,0],"5":[0,0],"6":[0,0],"7":[0],"8":[0],"9":[0],"10":[0],"11":[0],"12":[0],"13":[0],"14":[0],"15":[0],"16":[0],"17":[0],"18":[0],"19":[0,0],"20":[0],"21":[0],"22":[0],"23":[0],"24":[0],"25":[0],"26":[0],"27":[0],"28":[0,0],"29":[0],"30":[0],"31":[0],"32":[0,0],"33":[0],"34":[0],"35":[0,0],"36":[0],"37":[0],"38":[0],"39":[0],"40":[0,0],"41":[0],"42":[0],"43":[0,0],"44":[0],"45":[0,0],"46":[0,0],"47":[0],"48":[0],"49":[0],"50":[0],"51":[0,0],"52":[0],"53":[0],"54":[0],"55":[0],"56":[0,0,0],"57":[0],"58":[0],"59":[0],"60":[0],"61":[0,0],"62":[0],"63":[0,0],"64":[0],"65":[0],"66":[0],"67":[0],"68":[0],"69":[0],"70":[0,0],"71":[0],"72":[0],"73":[0,0],"74":[0],"75":[0],"76":[0,0],"77":[0,0],"78":[0],"79":[0],"80":[0,0],"81":[0],"82":[0],"83":[0,0],"84":[0],"85":[0],"86":[0],"87":[0],"88":[0,0],"89":[0],"90":[0],"91":[0],"92":[0,0],"93":[0],"94":[0],"95":[0],"96":[0,0,0],"97":[0],"98":[0],"99":[0],"100":[0],"101":[0],"102":[0,0],"103":[0],"104":[0,0],"105":[0,0,0],"106":[0,0],"107":[0,0],"108":[0,0],"109":[0,0],"110":[0,0],"111":[0,0],"112":[0,0,0],"113":[0],"114":[0],"115":[0,0],"116":[0,0],"117":[0,0],"118":[0],"119":[0,0],"120":[0,0],"121":[0,0],"122":[0,0,0,0],"123":[0,0],"124":[0,0],"125":[0,0],"126":[0,0]}}
,"/Users/jules/Code/React/Recipe-Extractor-API/src/services/urlGuardService.ts": {"path":"/Users/jules/Code/React/Recipe-Extractor-API/src/services/urlGuardService.ts","statementMap":{"0":{"start":{"line":9,"column":17},"end":{"line":9,"column":47}},"1":{"start":{"line":10,"column":2},"end":{"line":12,"column":3}},"2":{"start":{"line":10,"column":52},"end":{"line":10,"column":71}},"3":{"start":{"line":11,"column":4},"end":{"line":11,"column":16}},"4":{"start":{"line":14,"column":17},"end":{"line":14,"column":23}},"5":{"start":{"line":15,"column":2},"end":{"line":15,"column":28}},"6":{"start":{"line":15,"column":16},"end":{"line":15,"column":28}},"7":{"start":{"line":16,"column":2},"end":{"line":16,"column":29}},"8":{"start":{"line":16,"column":17},"end":{"line":16,"column":29}},"9":{"start":{"line":17,"column":2},"end":{"line":17,"column":27}},"10":{"start":{"line":17,"column":15},"end":{"line":17,"column":27}},"11":{"start":{"line":18,"column":2},"end":{"line":18,"column":42}},"12":{"start":{"line":18,"column":30},"end":{"line":18,"column":42}},"13":{"start":{"line":19,"column":2},"end":{"line":19,"column":51}},"14":{"start":{"line":19,"column":39},"end":{"line":19,"column":51}},"15":{"start":{"line":20,"column":2},"end":{"line":20,"column":42}},"16":{"start":{"line":20,"column":30},"end":{"line":20,"column":42}},"17":{"start":{"line":21,"column":2},"end":{"line":21,"column":52}},"18":{"start":{"line":21,"column":40},"end":{"line":21,"column":52}},"19":{"start":{"line":22,"column":2},"end":{"line":22,"column":55}},"20":{"start":{"line":22,"column":43},"end":{"line":22,"column":55}},"21":{"start":{"line":23,"column":2},"end":{"line":23,"column":28}},"22":{"start":{"line":23,"column":16},"end":{"line":23,"column":28}},"23":{"start":{"line":24,"column":2},"end":{"line":24,"column":15}},"24":{"start":{"line":28,"column":21},"end":{"line":28,"column":42}},"25":{"start":{"line":29,"column":2},"end":{"line":49,"column":4}},"26":{"start":{"line":53,"column":18},"end":{"line":53,"column":31}},"27":{"start":{"line":54,"column":2},"end":{"line":54,"column":61}},"28":{"start":{"line":54,"column":21},"end":{"line":54,"column":61}},"29":{"start":{"line":55,"column":2},"end":{"line":55,"column":61}},"30":{"start":{"line":55,"column":21},"end":{"line":55,"column":61}},"31":{"start":{"line":56,"column":2},"end":{"line":56,"column":14}},"32":{"start":{"line":59,"column":37},"end":{"line":62,"column":1}},"33":{"start":{"line":60,"column":17},"end":{"line":60,"column":48}},"34":{"start":{"line":61,"column":2},"end":{"line":61,"column":34}},"35":{"start":{"line":65,"column":31},"end":{"line":65,"column":51}},"36":{"start":{"line":65,"column":70},"end":{"line":65,"column":94}},"37":{"start":{"line":68,"column":4},"end":{"line":70,"column":5}},"38":{"start":{"line":69,"column":6},"end":{"line":69,"column":67}},"39":{"start":{"line":72,"column":20},"end":{"line":72,"column":35}},"40":{"start":{"line":73,"column":4},"end":{"line":75,"column":5}},"41":{"start":{"line":74,"column":6},"end":{"line":74,"column":68}},"42":{"start":{"line":77,"column":4},"end":{"line":79,"column":5}},"43":{"start":{"line":78,"column":6},"end":{"line":78,"column":62}},"44":{"start":{"line":82,"column":4},"end":{"line":86,"column":5}},"45":{"start":{"line":83,"column":6},"end":{"line":83,"column":32}},"46":{"start":{"line":85,"column":6},"end":{"line":85,"column":65}},"47":{"start":{"line":88,"column":4},"end":{"line":90,"column":5}},"48":{"start":{"line":89,"column":6},"end":{"line":89,"column":76}},"49":{"start":{"line":92,"column":4},"end":{"line":94,"column":5}},"50":{"start":{"line":93,"column":6},"end":{"line":93,"column":63}},"51":{"start":{"line":96,"column":4},"end":{"line":98,"column":5}},"52":{"start":{"line":97,"column":6},"end":{"line":97,"column":81}},"53":{"start":{"line":100,"column":4},"end":{"line":102,"column":5}},"54":{"start":{"line":101,"column":6},"end":{"line":101,"column":82}},"55":{"start":{"line":104,"column":21},"end":{"line":104,"column":50}},"56":{"start":{"line":105,"column":4},"end":{"line":112,"column":5}},"57":{"start":{"line":111,"column":6},"end":{"line":111,"column":82}},"58":{"start":{"line":114,"column":4},"end":{"line":114,"column":18}},"59":{"start":{"line":118,"column":17},"end":{"line":118,"column":29}},"60":{"start":{"line":119,"column":29},"end":{"line":119,"column":39}},"61":{"start":{"line":120,"column":4},"end":{"line":122,"column":5}},"62":{"start":{"line":121,"column":6},"end":{"line":121,"column":86}},"63":{"start":{"line":125,"column":4},"end":{"line":129,"column":5}},"64":{"start":{"line":126,"column":6},"end":{"line":126,"column":78}},"65":{"start":{"line":128,"column":6},"end":{"line":128,"column":80}},"66":{"start":{"line":131,"column":4},"end":{"line":133,"column":5}},"67":{"start":{"line":132,"column":6},"end":{"line":132,"column":80}},"68":{"start":{"line":135,"column":4},"end":{"line":139,"column":5}},"69":{"start":{"line":136,"column":6},"end":{"line":138,"column":7}},"70":{"start":{"line":137,"column":8},"end":{"line":137,"column":88}}},"fnMap":{"0":{"name":"isPrivateOrReservedIPv4","decl":{"start":{"line":8,"column":16},"end":{"line":8,"column":39}},"loc":{"start":{"line":8,"column":55},"end":{"line":25,"column":1}}},"1":{"name":"(anonymous_1)","decl":{"start":{"line":10,"column":41},"end":{"line":10,"column":42}},"loc":{"start":{"line":10,"column":52},"end":{"line":10,"column":71}}},"2":{"name":"isPrivateOrReservedIPv6","decl":{"start":{"line":27,"column":16},"end":{"line":27,"column":39}},"loc":{"start":{"line":27,"column":55},"end":{"line":50,"column":1}}},"3":{"name":"isPrivateOrReservedAddress","decl":{"start":{"line":52,"column":16},"end":{"line":52,"column":42}},"loc":{"start":{"line":52,"column":58},"end":{"line":57,"column":1}}},"4":{"name":"(anonymous_4)","decl":{"start":{"line":59,"column":37},"end":{"line":59,"column":42}},"loc":{"start":{"line":59,"column":65},"end":{"line":62,"column":1}}},"5":{"name":"(anonymous_5)","decl":{"start":{"line":65,"column":2},"end":{"line":65,"column":31}},"loc":{"start":{"line":65,"column":112},"end":{"line":65,"column":116}}},"6":{"name":"(anonymous_6)","decl":{"start":{"line":67,"column":2},"end":{"line":67,"column":25}},"loc":{"start":{"line":67,"column":42},"end":{"line":115,"column":3}}},"7":{"name":"(anonymous_7)","decl":{"start":{"line":117,"column":2},"end":{"line":117,"column":7}},"loc":{"start":{"line":117,"column":40},"end":{"line":140,"column":3}}}},"branchMap":{"0":{"loc":{"start":{"line":10,"column":2},"end":{"line":12,"column":3}},"type":"if","locations":[{"start":{"line":10,"column":2},"end":{"line":12,"column":3}}]},"1":{"loc":{"start":{"line":10,"column":6},"end":{"line":10,"column":72}},"type":"binary-expr","locations":[{"start":{"line":10,"column":6},"end":{"line":10,"column":25}},{"start":{"line":10,"column":29},"end":{"line":10,"column":72}}]},"2":{"loc":{"start":{"line":15,"column":2},"end":{"line":15,"column":28}},"type":"if","locations":[{"start":{"line":15,"column":2},"end":{"line":15,"column":28}}]},"3":{"loc":{"start":{"line":16,"column":2},"end":{"line":16,"column":29}},"type":"if","locations":[{"start":{"line":16,"column":2},"end":{"line":16,"column":29}}]},"4":{"loc":{"start":{"line":17,"column":2},"end":{"line":17,"column":27}},"type":"if","locations":[{"start":{"line":17,"column":2},"end":{"line":17,"column":27}}]},"5":{"loc":{"start":{"line":18,"column":2},"end":{"line":18,"column":42}},"type":"if","locations":[{"start":{"line":18,"column":2},"end":{"line":18,"column":42}}]},"6":{"loc":{"start":{"line":18,"column":6},"end":{"line":18,"column":28}},"type":"binary-expr","locations":[{"start":{"line":18,"column":6},"end":{"line":18,"column":15}},{"start":{"line":18,"column":19},"end":{"line":18,"column":28}}]},"7":{"loc":{"start":{"line":19,"column":2},"end":{"line":19,"column":51}},"type":"if","locations":[{"start":{"line":19,"column":2},"end":{"line":19,"column":51}}]},"8":{"loc":{"start":{"line":19,"column":6},"end":{"line":19,"column":37}},"type":"binary-expr","locations":[{"start":{"line":19,"column":6},"end":{"line":19,"column":15}},{"start":{"line":19,"column":19},"end":{"line":19,"column":26}},{"start":{"line":19,"column":30},"end":{"line":19,"column":37}}]},"9":{"loc":{"start":{"line":20,"column":2},"end":{"line":20,"column":42}},"type":"if","locations":[{"start":{"line":20,"column":2},"end":{"line":20,"column":42}}]},"10":{"loc":{"start":{"line":20,"column":6},"end":{"line":20,"column":28}},"type":"binary-expr","locations":[{"start":{"line":20,"column":6},"end":{"line":20,"column":15}},{"start":{"line":20,"column":19},"end":{"line":20,"column":28}}]},"11":{"loc":{"start":{"line":21,"column":2},"end":{"line":21,"column":52}},"type":"if","locations":[{"start":{"line":21,"column":2},"end":{"line":21,"column":52}}]},"12":{"loc":{"start":{"line":21,"column":6},"end":{"line":21,"column":38}},"type":"binary-expr","locations":[{"start":{"line":21,"column":6},"end":{"line":21,"column":15}},{"start":{"line":21,"column":19},"end":{"line":21,"column":26}},{"start":{"line":21,"column":30},"end":{"line":21,"column":38}}]},"13":{"loc":{"start":{"line":22,"column":2},"end":{"line":22,"column":55}},"type":"if","locations":[{"start":{"line":22,"column":2},"end":{"line":22,"column":55}}]},"14":{"loc":{"start":{"line":22,"column":6},"end":{"line":22,"column":41}},"type":"binary-expr","locations":[{"start":{"line":22,"column":6},"end":{"line":22,"column":15}},{"start":{"line":22,"column":20},"end":{"line":22,"column":28}},{"start":{"line":22,"column":32},"end":{"line":22,"column":40}}]},"15":{"loc":{"start":{"line":23,"column":2},"end":{"line":23,"column":28}},"type":"if","locations":[{"start":{"line":23,"column":2},"end":{"line":23,"column":28}}]},"16":{"loc":{"start":{"line":30,"column":4},"end":{"line":48,"column":44}},"type":"binary-expr","locations":[{"start":{"line":30,"column":4},"end":{"line":30,"column":24}},{"start":{"line":31,"column":4},"end":{"line":31,"column":23}},{"start":{"line":32,"column":4},"end":{"line":32,"column":31}},{"start":{"line":33,"column":4},"end":{"line":33,"column":31}},{"start":{"line":34,"column":4},"end":{"line":34,"column":32}},{"start":{"line":35,"column":4},"end":{"line":35,"column":32}},{"start":{"line":36,"column":4},"end":{"line":36,"column":32}},{"start":{"line":37,"column":4},"end":{"line":37,"column":32}},{"start":{"line":38,"column":4},"end":{"line":38,"column":39}},{"start":{"line":39,"column":4},"end":{"line":39,"column":40}},{"start":{"line":40,"column":4},"end":{"line":40,"column":44}},{"start":{"line":41,"column":4},"end":{"line":41,"column":43}},{"start":{"line":42,"column":4},"end":{"line":42,"column":43}},{"start":{"line":43,"column":4},"end":{"line":43,"column":43}},{"start":{"line":44,"column":4},"end":{"line":44,"column":43}},{"start":{"line":45,"column":4},"end":{"line":45,"column":41}},{"start":{"line":46,"column":4},"end":{"line":46,"column":43}},{"start":{"line":47,"column":4},"end":{"line":47,"column":43}},{"start":{"line":48,"column":4},"end":{"line":48,"column":44}}]},"17":{"loc":{"start":{"line":54,"column":2},"end":{"line":54,"column":61}},"type":"if","locations":[{"start":{"line":54,"column":2},"end":{"line":54,"column":61}}]},"18":{"loc":{"start":{"line":55,"column":2},"end":{"line":55,"column":61}},"type":"if","locations":[{"start":{"line":55,"column":2},"end":{"line":55,"column":61}}]},"19":{"loc":{"start":{"line":65,"column":70},"end":{"line":65,"column":112}},"type":"default-arg","locations":[{"start":{"line":65,"column":94},"end":{"line":65,"column":112}}]},"20":{"loc":{"start":{"line":68,"column":4},"end":{"line":70,"column":5}},"type":"if","locations":[{"start":{"line":68,"column":4},"end":{"line":70,"column":5}}]},"21":{"loc":{"start":{"line":73,"column":4},"end":{"line":75,"column":5}},"type":"if","locations":[{"start":{"line":73,"column":4},"end":{"line":75,"column":5}}]},"22":{"loc":{"start":{"line":77,"column":4},"end":{"line":79,"column":5}},"type":"if","locations":[{"start":{"line":77,"column":4},"end":{"line":79,"column":5}}]},"23":{"loc":{"start":{"line":88,"column":4},"end":{"line":90,"column":5}},"type":"if","locations":[{"start":{"line":88,"column":4},"end":{"line":90,"column":5}}]},"24":{"loc":{"start":{"line":92,"column":4},"end":{"line":94,"column":5}},"type":"if","locations":[{"start":{"line":92,"column":4},"end":{"line":94,"column":5}}]},"25":{"loc":{"start":{"line":96,"column":4},"end":{"line":98,"column":5}},"type":"if","locations":[{"start":{"line":96,"column":4},"end":{"line":98,"column":5}}]},"26":{"loc":{"start":{"line":96,"column":8},"end":{"line":96,"column":42}},"type":"binary-expr","locations":[{"start":{"line":96,"column":8},"end":{"line":96,"column":23}},{"start":{"line":96,"column":27},"end":{"line":96,"column":42}}]},"27":{"loc":{"start":{"line":100,"column":4},"end":{"line":102,"column":5}},"type":"if","locations":[{"start":{"line":100,"column":4},"end":{"line":102,"column":5}}]},"28":{"loc":{"start":{"line":100,"column":8},"end":{"line":100,"column":59}},"type":"binary-expr","locations":[{"start":{"line":100,"column":8},"end":{"line":100,"column":19}},{"start":{"line":100,"column":23},"end":{"line":100,"column":59}}]},"29":{"loc":{"start":{"line":105,"column":4},"end":{"line":112,"column":5}},"type":"if","locations":[{"start":{"line":105,"column":4},"end":{"line":112,"column":5}}]},"30":{"loc":{"start":{"line":106,"column":6},"end":{"line":109,"column":36}},"type":"binary-expr","locations":[{"start":{"line":106,"column":6},"end":{"line":106,"column":30}},{"start":{"line":107,"column":6},"end":{"line":107,"column":37}},{"start":{"line":108,"column":6},"end":{"line":108,"column":33}},{"start":{"line":109,"column":6},"end":{"line":109,"column":36}}]},"31":{"loc":{"start":{"line":120,"column":4},"end":{"line":122,"column":5}},"type":"if","locations":[{"start":{"line":120,"column":4},"end":{"line":122,"column":5}}]},"32":{"loc":{"start":{"line":120,"column":8},"end":{"line":120,"column":60}},"type":"binary-expr","locations":[{"start":{"line":120,"column":8},"end":{"line":120,"column":24}},{"start":{"line":120,"column":28},"end":{"line":120,"column":60}}]},"33":{"loc":{"start":{"line":131,"column":4},"end":{"line":133,"column":5}},"type":"if","locations":[{"start":{"line":131,"column":4},"end":{"line":133,"column":5}}]},"34":{"loc":{"start":{"line":136,"column":6},"end":{"line":138,"column":7}},"type":"if","locations":[{"start":{"line":136,"column":6},"end":{"line":138,"column":7}}]}},"s":{"0":0,"1":0,"2":0,"3":0,"4":0,"5":0,"6":0,"7":0,"8":0,"9":0,"10":0,"11":0,"12":0,"13":0,"14":0,"15":0,"16":0,"17":0,"18":0,"19":0,"20":0,"21":0,"22":0,"23":0,"24":0,"25":0,"26":0,"27":0,"28":0,"29":0,"30":0,"31":0,"32":0,"33":0,"34":0,"35":0,"36":0,"37":0,"38":0,"39":0,"40":0,"41":0,"42":0,"43":0,"44":0,"45":0,"46":0,"47":0,"48":0,"49":0,"50":0,"51":0,"52":0,"53":0,"54":0,"55":0,"56":0,"57":0,"58":0,"59":0,"60":0,"61":0,"62":0,"63":0,"64":0,"65":0,"66":0,"67":0,"68":0,"69":0,"70":0},"f":{"0":0,"1":0,"2":0,"3":0,"4":0,"5":0,"6":0,"7":0},"b":{"0":[0],"1":[0,0],"2":[0],"3":[0],"4":[0],"5":[0],"6":[0,0],"7":[0],"8":[0,0,0],"9":[0],"10":[0,0],"11":[0],"12":[0,0,0],"13":[0],"14":[0,0,0],"15":[0],"16":[0,0,0,0,0,0,0,0,0,0,0,0,0,0,0,0,0,0,0],"17":[0],"18":[0],"19":[0],"20":[0],"21":[0],"22":[0],"23":[0],"24":[0],"25":[0],"26":[0,0],"27":[0],"28":[0,0],"29":[0],"30":[0,0,0,0],"31":[0],"32":[0,0],"33":[0],"34":[0]}}
}
