{"/Users/jules/Code/React/Recipe-Extractor-API/src/index.ts": {"path":"/Users/jules/Code/React/Recipe-Extractor-API/src/index.ts","statementMap":{"0":{"start":{"line":105,"column":0},"end":{"line":105,"column":7}},"1":{"start":{"line":109,"column":0},"end":{"line":109,"column":7}},"2":{"start":{"line":115,"column":0},"end":{"line":115,"column":7}},"3":{"start":{"line":122,"column":0},"end":{"line":122,"column":7}},"4":{"start":{"line":2,"column":0},"end":{"line":2,"column":null}},"5":{"start":{"line":9,"column":0},"end":{"line":9,"column":53}},"6":{"start":{"line":11,"column":0},"end":{"line":11,"column":9}},"7":{"start":{"line":129,"column":9},"end":{"line":11,"column":59}},"8":{"start":{"line":13,"column":0},"end":{"line":13,"column":114}},"9":{"start":{"line":14,"column":0},"end":{"line":14,"column":null}},"10":{"start":{"line":24,"column":0},"end":{"line":24,"column":103}},"11":{"start":{"line":25,"column":0},"end":{"line":25,"column":null}},"12":{"start":{"line":28,"column":0},"end":{"line":28,"column":97}},"13":{"start":{"line":29,"column":0},"end":{"line":29,"column":87}},"14":{"start":{"line":30,"column":0},"end":{"line":30,"column":73}},"15":{"start":{"line":31,"column":0},"end":{"line":31,"column":66}},"16":{"start":{"line":32,"column":0},"end":{"line":32,"column":101}},"17":{"start":{"line":33,"column":0},"end":{"line":33,"column":null}},"18":{"start":{"line":49,"column":0},"end":{"line":49,"column":null}},"19":{"start":{"line":57,"column":0},"end":{"line":57,"column":78}},"20":{"start":{"line":59,"column":26},"end":{"line":59,"column":56}},"21":{"start":{"line":60,"column":27},"end":{"line":60,"column":58}},"22":{"start":{"line":62,"column":20},"end":{"line":62,"column":73}},"23":{"start":{"line":63,"column":22},"end":{"line":65,"column":null}},"24":{"start":{"line":67,"column":26},"end":{"line":67,"column":93}},"25":{"start":{"line":69,"column":28},"end":{"line":69,"column":46}},"26":{"start":{"line":70,"column":29},"end":{"line":70,"column":46}},"27":{"start":{"line":71,"column":33},"end":{"line":71,"column":51}},"28":{"start":{"line":74,"column":2},"end":{"line":74,"column":59}},"29":{"start":{"line":78,"column":2},"end":{"line":80,"column":3}},"30":{"start":{"line":79,"column":4},"end":{"line":79,"column":52}},"31":{"start":{"line":81,"column":2},"end":{"line":81,"column":86}},"32":{"start":{"line":84,"column":49},"end":{"line":84,"column":76}},"33":{"start":{"line":85,"column":47},"end":{"line":85,"column":70}},"34":{"start":{"line":88,"column":19},"end":{"line":88,"column":67}},"35":{"start":{"line":89,"column":22},"end":{"line":89,"column":80}},"36":{"start":{"line":90,"column":17},"end":{"line":90,"column":42}},"37":{"start":{"line":91,"column":20},"end":{"line":91,"column":105}},"38":{"start":{"line":92,"column":27},"end":{"line":92,"column":57}},"39":{"start":{"line":93,"column":26},"end":{"line":98,"column":null}},"40":{"start":{"line":100,"column":2},"end":{"line":100,"column":89}},"41":{"start":{"line":103,"column":15},"end":{"line":103,"column":30}},"42":{"start":{"line":106,"column":2},"end":{"line":106,"column":47}},"43":{"start":{"line":112,"column":2},"end":{"line":112,"column":62}},"44":{"start":{"line":119,"column":2},"end":{"line":119,"column":69}},"45":{"start":{"line":126,"column":2},"end":{"line":126,"column":84}},"46":{"start":{"line":132,"column":13},"end":{"line":215,"column":2}},"47":{"start":{"line":133,"column":49},"end":{"line":133,"column":100}},"48":{"start":{"line":152,"column":41},"end":{"line":152,"column":87}},"49":{"start":{"line":153,"column":36},"end":{"line":153,"column":80}},"50":{"start":{"line":154,"column":33},"end":{"line":154,"column":74}},"51":{"start":{"line":155,"column":36},"end":{"line":155,"column":56}},"52":{"start":{"line":156,"column":52},"end":{"line":156,"column":80}},"53":{"start":{"line":157,"column":20},"end":{"line":157,"column":39}},"54":{"start":{"line":158,"column":55},"end":{"line":158,"column":111}},"55":{"start":{"line":160,"column":4},"end":{"line":160,"column":24}},"56":{"start":{"line":161,"column":4},"end":{"line":161,"column":26}},"57":{"start":{"line":162,"column":4},"end":{"line":162,"column":30}},"58":{"start":{"line":163,"column":4},"end":{"line":163,"column":43}},"59":{"start":{"line":164,"column":4},"end":{"line":164,"column":49}},"60":{"start":{"line":167,"column":4},"end":{"line":167,"column":21}},"61":{"start":{"line":168,"column":4},"end":{"line":168,"column":31}},"62":{"start":{"line":171,"column":4},"end":{"line":180,"column":6}},"63":{"start":{"line":173,"column":25},"end":{"line":173,"column":38}},"64":{"start":{"line":174,"column":8},"end":{"line":178,"column":10}},"65":{"start":{"line":181,"column":4},"end":{"line":181,"column":31}},"66":{"start":{"line":184,"column":4},"end":{"line":193,"column":6}},"67":{"start":{"line":186,"column":25},"end":{"line":186,"column":38}},"68":{"start":{"line":187,"column":8},"end":{"line":191,"column":10}},"69":{"start":{"line":194,"column":4},"end":{"line":194,"column":31}},"70":{"start":{"line":197,"column":4},"end":{"line":197,"column":36}},"71":{"start":{"line":198,"column":4},"end":{"line":198,"column":31}},"72":{"start":{"line":201,"column":4},"end":{"line":201,"column":32}},"73":{"start":{"line":202,"column":4},"end":{"line":202,"column":31}},"74":{"start":{"line":205,"column":4},"end":{"line":205,"column":37}},"75":{"start":{"line":206,"column":4},"end":{"line":206,"column":35}},"76":{"start":{"line":207,"column":4},"end":{"line":207,"column":40}},"77":{"start":{"line":208,"column":4},"end":{"line":208,"column":31}},"78":{"start":{"line":211,"column":4},"end":{"line":211,"column":55}},"79":{"start":{"line":212,"column":4},"end":{"line":212,"column":47}},"80":{"start":{"line":213,"column":4},"end":{"line":213,"column":31}}},"fnMap":{"0":{"name":"(anonymous_0)","decl":{"start":{"line":129,"column":9},"end":{"line":129,"column":30}},"loc":{"start":{"line":129,"column":9},"end":{"line":11,"column":59}}},"1":{"name":"buildSocialScrapeProvider","decl":{"start":{"line":73,"column":9},"end":{"line":73,"column":34}},"loc":{"start":{"line":73,"column":34},"end":{"line":75,"column":1}}},"2":{"name":"buildSocialAiProvider","decl":{"start":{"line":77,"column":9},"end":{"line":77,"column":30}},"loc":{"start":{"line":77,"column":30},"end":{"line":82,"column":1}}},"3":{"name":"buildServices","decl":{"start":{"line":87,"column":9},"end":{"line":87,"column":22}},"loc":{"start":{"line":87,"column":22},"end":{"line":101,"column":1}}},"4":{"name":"extractRecipe","decl":{"start":{"line":105,"column":22},"end":{"line":105,"column":35}},"loc":{"start":{"line":105,"column":47},"end":{"line":107,"column":1}}},"5":{"name":"extractRecipeWithDiagnostics","decl":{"start":{"line":109,"column":22},"end":{"line":109,"column":50}},"loc":{"start":{"line":110,"column":13},"end":{"line":113,"column":1}}},"6":{"name":"extractSocialRecipe","decl":{"start":{"line":115,"column":22},"end":{"line":115,"column":41}},"loc":{"start":{"line":117,"column":46},"end":{"line":120,"column":1}}},"7":{"name":"extractSocialRecipeWithDiagnostics","decl":{"start":{"line":122,"column":22},"end":{"line":122,"column":56}},"loc":{"start":{"line":124,"column":46},"end":{"line":127,"column":1}}},"8":{"name":"(anonymous_8)","decl":{"start":{"line":133,"column":27},"end":{"line":133,"column":28}},"loc":{"start":{"line":133,"column":49},"end":{"line":133,"column":100}}},"9":{"name":"(anonymous_9)","decl":{"start":{"line":152,"column":27},"end":{"line":152,"column":28}},"loc":{"start":{"line":152,"column":41},"end":{"line":152,"column":87}}},"10":{"name":"(anonymous_10)","decl":{"start":{"line":153,"column":22},"end":{"line":153,"column":23}},"loc":{"start":{"line":153,"column":36},"end":{"line":153,"column":80}}},"11":{"name":"(anonymous_11)","decl":{"start":{"line":154,"column":19},"end":{"line":154,"column":20}},"loc":{"start":{"line":154,"column":33},"end":{"line":154,"column":74}}},"12":{"name":"(anonymous_12)","decl":{"start":{"line":155,"column":19},"end":{"line":155,"column":20}},"loc":{"start":{"line":155,"column":36},"end":{"line":155,"column":56}}},"13":{"name":"(anonymous_13)","decl":{"start":{"line":156,"column":19},"end":{"line":156,"column":20}},"loc":{"start":{"line":156,"column":52},"end":{"line":156,"column":80}}},"14":{"name":"(anonymous_14)","decl":{"start":{"line":157,"column":14},"end":{"line":157,"column":17}},"loc":{"start":{"line":157,"column":20},"end":{"line":157,"column":39}}},"15":{"name":"(anonymous_15)","decl":{"start":{"line":158,"column":33},"end":{"line":158,"column":34}},"loc":{"start":{"line":158,"column":55},"end":{"line":158,"column":111}}},"16":{"name":"(anonymous_16)","decl":{"start":{"line":159,"column":14},"end":{"line":159,"column":17}},"loc":{"start":{"line":159,"column":19},"end":{"line":165,"column":3}}},"17":{"name":"(anonymous_17)","decl":{"start":{"line":166,"column":24},"end":{"line":166,"column":25}},"loc":{"start":{"line":166,"column":41},"end":{"line":169,"column":3}}},"18":{"name":"(anonymous_18)","decl":{"start":{"line":170,"column":22},"end":{"line":170,"column":23}},"loc":{"start":{"line":170,"column":78},"end":{"line":182,"column":3}}},"19":{"name":"(anonymous_19)","decl":{"start":{"line":172,"column":6},"end":{"line":172,"column":11}},"loc":{"start":{"line":172,"column":27},"end":{"line":179,"column":7}}},"20":{"name":"(anonymous_20)","decl":{"start":{"line":183,"column":30},"end":{"line":183,"column":31}},"loc":{"start":{"line":183,"column":86},"end":{"line":195,"column":3}}},"21":{"name":"(anonymous_21)","decl":{"start":{"line":185,"column":6},"end":{"line":185,"column":11}},"loc":{"start":{"line":185,"column":27},"end":{"line":192,"column":7}}},"22":{"name":"(anonymous_22)","decl":{"start":{"line":196,"column":35},"end":{"line":196,"column":36}},"loc":{"start":{"line":196,"column":70},"end":{"line":199,"column":3}}},"23":{"name":"(anonymous_23)","decl":{"start":{"line":200,"column":37},"end":{"line":200,"column":38}},"loc":{"start":{"line":200,"column":74},"end":{"line":203,"column":3}}},"24":{"name":"(anonymous_24)","decl":{"start":{"line":204,"column":27},"end":{"line":204,"column":30}},"loc":{"start":{"line":204,"column":32},"end":{"line":209,"column":3}}},"25":{"name":"(anonymous_25)","decl":{"start":{"line":210,"column":32},"end":{"line":210,"column":35}},"loc":{"start":{"line":210,"column":37},"end":{"line":214,"column":3}}}},"branchMap":{"0":{"loc":{"start":{"line":78,"column":2},"end":{"line":80,"column":3}},"type":"if","locations":[{"start":{"line":78,"column":2},"end":{"line":80,"column":3}}]},"1":{"loc":{"start":{"line":117,"column":2},"end":{"line":117,"column":46}},"type":"default-arg","locations":[{"start":{"line":117,"column":44},"end":{"line":117,"column":46}}]},"2":{"loc":{"start":{"line":124,"column":2},"end":{"line":124,"column":46}},"type":"default-arg","locations":[{"start":{"line":124,"column":44},"end":{"line":124,"column":46}}]}},"s":{"0":1,"1":1,"2":1,"3":1,"4":1,"5":1,"6":1,"7":1,"8":1,"9":1,"10":1,"11":1,"12":1,"13":1,"14":1,"15":1,"16":1,"17":1,"18":1,"19":1,"20":1,"21":1,"22":1,"23":1,"24":1,"25":1,"26":1,"27":1,"28":35,"29":35,"30":35,"31":0,"32":1,"33":1,"34":49,"35":49,"36":49,"37":49,"38":49,"39":49,"40":49,"41":1,"42":0,"43":0,"44":12,"45":2,"46":1,"47":0,"48":0,"49":0,"50":0,"51":0,"52":0,"53":0,"54":4,"55":34,"56":34,"57":34,"58":34,"59":34,"60":0,"61":0,"62":0,"63":0,"64":0,"65":0,"66":0,"67":0,"68":0,"69":0,"70":7,"71":7,"72":7,"73":7,"74":0,"75":0,"76":0,"77":0,"78":34,"79":34,"80":34},"f":{"0":0,"1":35,"2":35,"3":49,"4":0,"5":0,"6":12,"7":2,"8":0,"9":0,"10":0,"11":0,"12":0,"13":0,"14":0,"15":4,"16":34,"17":0,"18":0,"19":0,"20":0,"21":0,"22":7,"23":7,"24":0,"25":34},"b":{"0":[35],"1":[12],"2":[2]}}
,"/Users/jules/Code/React/Recipe-Extractor-API/src/application/appApiKeyAuth.ts": {"path":"/Users/jules/Code/React/Recipe-Extractor-API/src/application/appApiKeyAuth.ts","statementMap":{"0":{"start":{"line":18,"column":0},"end":{"line":18,"column":16}},"1":{"start":{"line":31,"column":0},"end":{"line":31,"column":16}},"2":{"start":{"line":42,"column":0},"end":{"line":42,"column":16}},"3":{"start":{"line":19,"column":2},"end":{"line":21,"column":3}},"4":{"start":{"line":20,"column":4},"end":{"line":20,"column":33}},"5":{"start":{"line":23,"column":21},"end":{"line":23,"column":46}},"6":{"start":{"line":24,"column":2},"end":{"line":26,"column":3}},"7":{"start":{"line":25,"column":4},"end":{"line":25,"column":22}},"8":{"start":{"line":28,"column":2},"end":{"line":28,"column":31}},"9":{"start":{"line":35,"column":14},"end":{"line":35,"column":67}},"10":{"start":{"line":36,"column":2},"end":{"line":39,"column":4}},"11":{"start":{"line":46,"column":2},"end":{"line":51,"column":3}},"12":{"start":{"line":47,"column":4},"end":{"line":50,"column":6}},"13":{"start":{"line":53,"column":2},"end":{"line":58,"column":3}},"14":{"start":{"line":54,"column":4},"end":{"line":57,"column":6}},"15":{"start":{"line":60,"column":2},"end":{"line":65,"column":3}},"16":{"start":{"line":61,"column":4},"end":{"line":64,"column":6}},"17":{"start":{"line":67,"column":2},"end":{"line":70,"column":4}}},"fnMap":{"0":{"name":"normalizeAppApiKeyMode","decl":{"start":{"line":18,"column":16},"end":{"line":18,"column":38}},"loc":{"start":{"line":18,"column":80},"end":{"line":29,"column":1}}},"1":{"name":"resolveAppApiKeyConfig","decl":{"start":{"line":31,"column":16},"end":{"line":31,"column":38}},"loc":{"start":{"line":34,"column":28},"end":{"line":40,"column":1}}},"2":{"name":"evaluateAppApiKey","decl":{"start":{"line":42,"column":16},"end":{"line":42,"column":33}},"loc":{"start":{"line":44,"column":31},"end":{"line":71,"column":1}}}},"branchMap":{"0":{"loc":{"start":{"line":19,"column":2},"end":{"line":21,"column":3}},"type":"if","locations":[{"start":{"line":19,"column":2},"end":{"line":21,"column":3}}]},"1":{"loc":{"start":{"line":19,"column":6},"end":{"line":19,"column":46}},"type":"binary-expr","locations":[{"start":{"line":19,"column":6},"end":{"line":19,"column":30}},{"start":{"line":19,"column":34},"end":{"line":19,"column":46}}]},"2":{"loc":{"start":{"line":20,"column":11},"end":{"line":20,"column":32}},"type":"cond-expr","locations":[{"start":{"line":20,"column":20},"end":{"line":20,"column":24}},{"start":{"line":20,"column":27},"end":{"line":20,"column":32}}]},"3":{"loc":{"start":{"line":24,"column":2},"end":{"line":26,"column":3}},"type":"if","locations":[{"start":{"line":24,"column":2},"end":{"line":26,"column":3}}]},"4":{"loc":{"start":{"line":24,"column":6},"end":{"line":24,"column":74}},"type":"binary-expr","locations":[{"start":{"line":24,"column":6},"end":{"line":24,"column":26}},{"start":{"line":24,"column":30},"end":{"line":24,"column":51}},{"start":{"line":24,"column":55},"end":{"line":24,"column":74}}]},"5":{"loc":{"start":{"line":28,"column":9},"end":{"line":28,"column":30}},"type":"cond-expr","locations":[{"start":{"line":28,"column":18},"end":{"line":28,"column":22}},{"start":{"line":28,"column":25},"end":{"line":28,"column":30}}]},"6":{"loc":{"start":{"line":31,"column":39},"end":{"line":34,"column":28}},"type":"default-arg","locations":[{"start":{"line":34,"column":26},"end":{"line":34,"column":28}}]},"7":{"loc":{"start":{"line":32,"column":2},"end":{"line":32,"column":16}},"type":"default-arg","locations":[{"start":{"line":32,"column":14},"end":{"line":32,"column":16}}]},"8":{"loc":{"start":{"line":33,"column":2},"end":{"line":33,"column":20}},"type":"default-arg","locations":[{"start":{"line":33,"column":18},"end":{"line":33,"column":20}}]},"9":{"loc":{"start":{"line":35,"column":14},"end":{"line":35,"column":67}},"type":"cond-expr","locations":[{"start":{"line":35,"column":46},"end":{"line":35,"column":62}},{"start":{"line":35,"column":65},"end":{"line":35,"column":67}}]},"10":{"loc":{"start":{"line":46,"column":2},"end":{"line":51,"column":3}},"type":"if","locations":[{"start":{"line":46,"column":2},"end":{"line":51,"column":3}}]},"11":{"loc":{"start":{"line":46,"column":6},"end":{"line":46,"column":42}},"type":"binary-expr","locations":[{"start":{"line":46,"column":6},"end":{"line":46,"column":17}},{"start":{"line":46,"column":21},"end":{"line":46,"column":42}}]},"12":{"loc":{"start":{"line":53,"column":2},"end":{"line":58,"column":3}},"type":"if","locations":[{"start":{"line":53,"column":2},"end":{"line":58,"column":3}}]},"13":{"loc":{"start":{"line":53,"column":6},"end":{"line":53,"column":70}},"type":"binary-expr","locations":[{"start":{"line":53,"column":6},"end":{"line":53,"column":35}},{"start":{"line":53,"column":39},"end":{"line":53,"column":70}}]},"14":{"loc":{"start":{"line":60,"column":2},"end":{"line":65,"column":3}},"type":"if","locations":[{"start":{"line":60,"column":2},"end":{"line":65,"column":3}}]}},"s":{"0":0,"1":0,"2":0,"3":0,"4":0,"5":0,"6":0,"7":0,"8":0,"9":0,"10":0,"11":0,"12":0,"13":0,"14":0,"15":0,"16":0,"17":0},"f":{"0":0,"1":0,"2":0},"b":{"0":[0],"1":[0,0],"2":[0,0],"3":[0],"4":[0,0,0],"5":[0,0],"6":[0],"7":[0],"8":[0],"9":[0,0],"10":[0],"11":[0,0],"12":[0],"13":[0,0],"14":[0]}}
,"/Users/jules/Code/React/Recipe-Extractor-API/src/application/config.ts": {"path":"/Users/jules/Code/React/Recipe-Extractor-API/src/application/config.ts","statementMap":{"0":{"start":{"line":1,"column":13},"end":{"line":1,"column":35}},"1":{"start":{"line":2,"column":13},"end":{"line":2,"column":31}},"2":{"start":{"line":3,"column":13},"end":{"line":3,"column":37}},"3":{"start":{"line":4,"column":13},"end":{"line":4,"column":42}},"4":{"start":{"line":5,"column":13},"end":{"line":5,"column":35}},"5":{"start":{"line":6,"column":13},"end":{"line":6,"column":39}},"6":{"start":{"line":7,"column":13},"end":{"line":7,"column":51}},"7":{"start":{"line":8,"column":13},"end":{"line":8,"column":82}},"8":{"start":{"line":9,"column":13},"end":{"line":9,"column":89}},"9":{"start":{"line":10,"column":13},"end":{"line":10,"column":90}},"10":{"start":{"line":11,"column":13},"end":{"line":11,"column":97}},"11":{"start":{"line":12,"column":13},"end":{"line":12,"column":95}},"12":{"start":{"line":13,"column":13},"end":{"line":15,"column":2}},"13":{"start":{"line":17,"column":13},"end":{"line":18,"column":116}}},"fnMap":{},"branchMap":{"0":{"loc":{"start":{"line":8,"column":35},"end":{"line":8,"column":80}},"type":"binary-expr","locations":[{"start":{"line":8,"column":35},"end":{"line":8,"column":70}},{"start":{"line":8,"column":74},"end":{"line":8,"column":80}}]},"1":{"loc":{"start":{"line":9,"column":40},"end":{"line":9,"column":87}},"type":"binary-expr","locations":[{"start":{"line":9,"column":40},"end":{"line":9,"column":80}},{"start":{"line":9,"column":84},"end":{"line":9,"column":87}}]},"2":{"loc":{"start":{"line":10,"column":44},"end":{"line":10,"column":88}},"type":"binary-expr","locations":[{"start":{"line":10,"column":44},"end":{"line":10,"column":77}},{"start":{"line":10,"column":81},"end":{"line":10,"column":88}}]},"3":{"loc":{"start":{"line":11,"column":49},"end":{"line":11,"column":95}},"type":"binary-expr","locations":[{"start":{"line":11,"column":49},"end":{"line":11,"column":87}},{"start":{"line":11,"column":91},"end":{"line":11,"column":95}}]},"4":{"loc":{"start":{"line":12,"column":47},"end":{"line":12,"column":93}},"type":"binary-expr","locations":[{"start":{"line":12,"column":47},"end":{"line":12,"column":83}},{"start":{"line":12,"column":87},"end":{"line":12,"column":93}}]},"5":{"loc":{"start":{"line":14,"column":2},"end":{"line":14,"column":57}},"type":"binary-expr","locations":[{"start":{"line":14,"column":2},"end":{"line":14,"column":52}},{"start":{"line":14,"column":56},"end":{"line":14,"column":57}}]}},"s":{"0":1,"1":1,"2":1,"3":1,"4":1,"5":1,"6":1,"7":1,"8":1,"9":1,"10":1,"11":1,"12":1,"13":1},"f":{},"b":{"0":[1,1],"1":[1,1],"2":[1,1],"3":[1,1],"4":[1,1],"5":[1,1]}}
,"/Users/jules/Code/React/Recipe-Extractor-API/src/application/ttlCache.ts": {"path":"/Users/jules/Code/React/Recipe-Extractor-API/src/application/ttlCache.ts","statementMap":{"0":{"start":{"line":9,"column":31},"end":{"line":9,"column":44}},"1":{"start":{"line":9,"column":63},"end":{"line":9,"column":81}},"2":{"start":{"line":7,"column":19},"end":{"line":7,"column":62}},"3":{"start":{"line":12,"column":18},"end":{"line":12,"column":39}},"4":{"start":{"line":13,"column":4},"end":{"line":13,"column":28}},"5":{"start":{"line":13,"column":16},"end":{"line":13,"column":28}},"6":{"start":{"line":14,"column":4},"end":{"line":17,"column":5}},"7":{"start":{"line":15,"column":6},"end":{"line":15,"column":31}},"8":{"start":{"line":16,"column":6},"end":{"line":16,"column":18}},"9":{"start":{"line":18,"column":4},"end":{"line":18,"column":23}},"10":{"start":{"line":22,"column":4},"end":{"line":22,"column":56}},"11":{"start":{"line":22,"column":49},"end":{"line":22,"column":56}},"12":{"start":{"line":23,"column":4},"end":{"line":23,"column":17}},"13":{"start":{"line":24,"column":4},"end":{"line":24,"column":73}},"14":{"start":{"line":28,"column":4},"end":{"line":28,"column":25}},"15":{"start":{"line":32,"column":4},"end":{"line":32,"column":52}},"16":{"start":{"line":32,"column":45},"end":{"line":32,"column":52}},"17":{"start":{"line":34,"column":16},"end":{"line":34,"column":26}},"18":{"start":{"line":35,"column":4},"end":{"line":39,"column":5}},"19":{"start":{"line":36,"column":6},"end":{"line":38,"column":7}},"20":{"start":{"line":37,"column":8},"end":{"line":37,"column":33}},"21":{"start":{"line":41,"column":4},"end":{"line":41,"column":52}},"22":{"start":{"line":41,"column":45},"end":{"line":41,"column":52}},"23":{"start":{"line":43,"column":22},"end":{"line":43,"column":54}},"24":{"start":{"line":44,"column":4},"end":{"line":46,"column":5}},"25":{"start":{"line":45,"column":6},"end":{"line":45,"column":37}},"26":{"start":{"line":6,"column":0},"end":{"line":6,"column":13}}},"fnMap":{"0":{"name":"(anonymous_0)","decl":{"start":{"line":9,"column":2},"end":{"line":9,"column":31}},"loc":{"start":{"line":9,"column":81},"end":{"line":9,"column":85}}},"1":{"name":"(anonymous_1)","decl":{"start":{"line":11,"column":2},"end":{"line":11,"column":5}},"loc":{"start":{"line":11,"column":17},"end":{"line":19,"column":3}}},"2":{"name":"(anonymous_2)","decl":{"start":{"line":21,"column":2},"end":{"line":21,"column":5}},"loc":{"start":{"line":21,"column":27},"end":{"line":25,"column":3}}},"3":{"name":"(anonymous_3)","decl":{"start":{"line":27,"column":2},"end":{"line":27,"column":7}},"loc":{"start":{"line":27,"column":7},"end":{"line":29,"column":3}}},"4":{"name":"(anonymous_4)","decl":{"start":{"line":31,"column":2},"end":{"line":31,"column":7}},"loc":{"start":{"line":31,"column":7},"end":{"line":47,"column":3}}}},"branchMap":{"0":{"loc":{"start":{"line":13,"column":4},"end":{"line":13,"column":28}},"type":"if","locations":[{"start":{"line":13,"column":4},"end":{"line":13,"column":28}}]},"1":{"loc":{"start":{"line":14,"column":4},"end":{"line":17,"column":5}},"type":"if","locations":[{"start":{"line":14,"column":4},"end":{"line":17,"column":5}}]},"2":{"loc":{"start":{"line":22,"column":4},"end":{"line":22,"column":56}},"type":"if","locations":[{"start":{"line":22,"column":4},"end":{"line":22,"column":56}}]},"3":{"loc":{"start":{"line":22,"column":8},"end":{"line":22,"column":47}},"type":"binary-expr","locations":[{"start":{"line":22,"column":8},"end":{"line":22,"column":23}},{"start":{"line":22,"column":27},"end":{"line":22,"column":47}}]},"4":{"loc":{"start":{"line":32,"column":4},"end":{"line":32,"column":52}},"type":"if","locations":[{"start":{"line":32,"column":4},"end":{"line":32,"column":52}}]},"5":{"loc":{"start":{"line":36,"column":6},"end":{"line":38,"column":7}},"type":"if","locations":[{"start":{"line":36,"column":6},"end":{"line":38,"column":7}}]},"6":{"loc":{"start":{"line":41,"column":4},"end":{"line":41,"column":52}},"type":"if","locations":[{"start":{"line":41,"column":4},"end":{"line":41,"column":52}}]},"7":{"loc":{"start":{"line":44,"column":4},"end":{"line":46,"column":5}},"type":"if","locations":[{"start":{"line":44,"column":4},"end":{"line":46,"column":5}}]}},"s":{"0":3,"1":3,"2":3,"3":10,"4":10,"5":8,"6":2,"7":0,"8":0,"9":2,"10":4,"11":0,"12":4,"13":4,"14":170,"15":4,"16":4,"17":0,"18":0,"19":0,"20":0,"21":0,"22":0,"23":0,"24":0,"25":0,"26":1},"f":{"0":3,"1":10,"2":4,"3":170,"4":4},"b":{"0":[8],"1":[0],"2":[0],"3":[4,4],"4":[4],"5":[0],"6":[0],"7":[0]}}
,"/Users/jules/Code/React/Recipe-Extractor-API/src/domain/errors.ts": {"path":"/Users/jules/Code/React/Recipe-Extractor-API/src/domain/errors.ts","statementMap":{"0":{"start":{"line":7,"column":4},"end":{"line":7,"column":25}},"1":{"start":{"line":8,"column":4},"end":{"line":8,"column":40}},"2":{"start":{"line":9,"column":4},"end":{"line":9,"column":33}},"3":{"start":{"line":10,"column":4},"end":{"line":10,"column":39}},"4":{"start":{"line":11,"column":4},"end":{"line":11,"column":37}},"5":{"start":{"line":1,"column":0},"end":{"line":1,"column":13}}},"fnMap":{"0":{"name":"(anonymous_0)","decl":{"start":{"line":6,"column":2},"end":{"line":6,"column":14}},"loc":{"start":{"line":6,"column":95},"end":{"line":12,"column":3}}}},"branchMap":{},"s":{"0":11,"1":11,"2":11,"3":11,"4":11,"5":1},"f":{"0":11},"b":{}}
,"/Users/jules/Code/React/Recipe-Extractor-API/src/infrastructure/axiosHttpClient.ts": {"path":"/Users/jules/Code/React/Recipe-Extractor-API/src/infrastructure/axiosHttpClient.ts","statementMap":{"0":{"start":{"line":23,"column":0},"end":{"line":23,"column":16}},"1":{"start":{"line":52,"column":0},"end":{"line":52,"column":16}},"2":{"start":{"line":1,"column":0},"end":{"line":1,"column":70}},"3":{"start":{"line":2,"column":0},"end":{"line":2,"column":29}},"4":{"start":{"line":3,"column":0},"end":{"line":3,"column":31}},"5":{"start":{"line":5,"column":0},"end":{"line":5,"column":88}},"6":{"start":{"line":7,"column":18},"end":{"line":7,"column":90}},"7":{"start":{"line":8,"column":19},"end":{"line":8,"column":92}},"8":{"start":{"line":11,"column":31},"end":{"line":11,"column":52}},"9":{"start":{"line":14,"column":44},"end":{"line":14,"column":70}},"10":{"start":{"line":15,"column":4},"end":{"line":19,"column":6}},"11":{"start":{"line":10,"column":0},"end":{"line":10,"column":13}},"12":{"start":{"line":24,"column":17},"end":{"line":47,"column":4}},"13":{"start":{"line":33,"column":32},"end":{"line":33,"column":61}},"14":{"start":{"line":49,"column":2},"end":{"line":49,"column":37}},"15":{"start":{"line":53,"column":17},"end":{"line":73,"column":4}},"16":{"start":{"line":62,"column":32},"end":{"line":62,"column":61}},"17":{"start":{"line":75,"column":2},"end":{"line":75,"column":37}}},"fnMap":{"0":{"name":"(anonymous_1)","decl":{"start":{"line":11,"column":2},"end":{"line":11,"column":31}},"loc":{"start":{"line":11,"column":52},"end":{"line":11,"column":56}}},"1":{"name":"(anonymous_2)","decl":{"start":{"line":13,"column":2},"end":{"line":13,"column":7}},"loc":{"start":{"line":13,"column":23},"end":{"line":20,"column":3}}},"2":{"name":"createDefaultAxiosHttpClient","decl":{"start":{"line":23,"column":16},"end":{"line":23,"column":44}},"loc":{"start":{"line":23,"column":44},"end":{"line":50,"column":1}}},"3":{"name":"(anonymous_4)","decl":{"start":{"line":33,"column":20},"end":{"line":33,"column":21}},"loc":{"start":{"line":33,"column":32},"end":{"line":33,"column":61}}},"4":{"name":"createFallbackAxiosHttpClient","decl":{"start":{"line":52,"column":16},"end":{"line":52,"column":45}},"loc":{"start":{"line":52,"column":45},"end":{"line":76,"column":1}}},"5":{"name":"(anonymous_6)","decl":{"start":{"line":62,"column":20},"end":{"line":62,"column":21}},"loc":{"start":{"line":62,"column":32},"end":{"line":62,"column":61}}}},"branchMap":{"0":{"loc":{"start":{"line":33,"column":32},"end":{"line":33,"column":61}},"type":"binary-expr","locations":[{"start":{"line":33,"column":32},"end":{"line":33,"column":45}},{"start":{"line":33,"column":49},"end":{"line":33,"column":61}}]},"1":{"loc":{"start":{"line":62,"column":32},"end":{"line":62,"column":61}},"type":"binary-expr","locations":[{"start":{"line":62,"column":32},"end":{"line":62,"column":45}},{"start":{"line":62,"column":49},"end":{"line":62,"column":61}}]}},"s":{"0":1,"1":1,"2":1,"3":1,"4":1,"5":1,"6":1,"7":1,"8":2,"9":0,"10":0,"11":1,"12":1,"13":0,"14":1,"15":1,"16":0,"17":1},"f":{"0":2,"1":0,"2":1,"3":0,"4":1,"5":0},"b":{"0":[0,0],"1":[0,0]}}
,"/Users/jules/Code/React/Recipe-Extractor-API/src/services/htmlFetchService.ts": {"path":"/Users/jules/Code/React/Recipe-Extractor-API/src/services/htmlFetchService.ts","statementMap":{"0":{"start":{"line":108,"column":9},"end":{"line":108,"column":30}},"1":{"start":{"line":1,"column":0},"end":{"line":1,"column":26}},"2":{"start":{"line":2,"column":0},"end":{"line":2,"column":97}},"3":{"start":{"line":3,"column":0},"end":{"line":3,"column":60}},"4":{"start":{"line":8,"column":2},"end":{"line":8,"column":59}},"5":{"start":{"line":8,"column":34},"end":{"line":8,"column":57}},"6":{"start":{"line":12,"column":2},"end":{"line":12,"column":47}},"7":{"start":{"line":12,"column":34},"end":{"line":12,"column":47}},"8":{"start":{"line":13,"column":17},"end":{"line":13,"column":39}},"9":{"start":{"line":14,"column":2},"end":{"line":14,"column":67}},"10":{"start":{"line":14,"column":55},"end":{"line":14,"column":67}},"11":{"start":{"line":15,"column":2},"end":{"line":17,"column":4}},"12":{"start":{"line":21,"column":2},"end":{"line":21,"column":47}},"13":{"start":{"line":21,"column":34},"end":{"line":21,"column":47}},"14":{"start":{"line":22,"column":17},"end":{"line":22,"column":39}},"15":{"start":{"line":23,"column":2},"end":{"line":23,"column":66}},"16":{"start":{"line":28,"column":21},"end":{"line":28,"column":43}},"17":{"start":{"line":29,"column":21},"end":{"line":29,"column":46}},"18":{"start":{"line":30,"column":21},"end":{"line":30,"column":52}},"19":{"start":{"line":34,"column":19},"end":{"line":34,"column":61}},"20":{"start":{"line":35,"column":4},"end":{"line":35,"column":27}},"21":{"start":{"line":39,"column":24},"end":{"line":39,"column":29}},"22":{"start":{"line":41,"column":4},"end":{"line":66,"column":5}},"23":{"start":{"line":41,"column":23},"end":{"line":41,"column":24}},"24":{"start":{"line":42,"column":6},"end":{"line":65,"column":7}},"25":{"start":{"line":43,"column":25},"end":{"line":43,"column":66}},"26":{"start":{"line":44,"column":8},"end":{"line":44,"column":53}},"27":{"start":{"line":46,"column":8},"end":{"line":56,"column":9}},"28":{"start":{"line":47,"column":10},"end":{"line":47,"column":31}},"29":{"start":{"line":48,"column":25},"end":{"line":48,"column":56}},"30":{"start":{"line":49,"column":10},"end":{"line":49,"column":36}},"31":{"start":{"line":50,"column":10},"end":{"line":55,"column":11}},"32":{"start":{"line":51,"column":37},"end":{"line":51,"column":86}},"33":{"start":{"line":52,"column":12},"end":{"line":52,"column":76}},"34":{"start":{"line":54,"column":12},"end":{"line":54,"column":34}},"35":{"start":{"line":58,"column":8},"end":{"line":60,"column":9}},"36":{"start":{"line":59,"column":10},"end":{"line":59,"column":22}},"37":{"start":{"line":62,"column":23},"end":{"line":62,"column":54}},"38":{"start":{"line":63,"column":24},"end":{"line":63,"column":67}},"39":{"start":{"line":64,"column":8},"end":{"line":64,"column":29}},"40":{"start":{"line":68,"column":4},"end":{"line":68,"column":71}},"41":{"start":{"line":72,"column":21},"end":{"line":72,"column":31}},"42":{"start":{"line":73,"column":47},"end":{"line":73,"column":56}},"43":{"start":{"line":75,"column":4},"end":{"line":102,"column":5}},"44":{"start":{"line":75,"column":25},"end":{"line":75,"column":26}},"45":{"start":{"line":76,"column":6},"end":{"line":76,"column":62}},"46":{"start":{"line":78,"column":22},"end":{"line":78,"column":71}},"47":{"start":{"line":79,"column":23},"end":{"line":79,"column":39}},"48":{"start":{"line":80,"column":6},"end":{"line":80,"column":42}},"49":{"start":{"line":82,"column":6},"end":{"line":90,"column":7}},"50":{"start":{"line":83,"column":31},"end":{"line":83,"column":56}},"51":{"start":{"line":84,"column":8},"end":{"line":86,"column":9}},"52":{"start":{"line":85,"column":10},"end":{"line":85,"column":92}},"53":{"start":{"line":88,"column":8},"end":{"line":88,"column":107}},"54":{"start":{"line":89,"column":8},"end":{"line":89,"column":17}},"55":{"start":{"line":92,"column":26},"end":{"line":92,"column":86}},"56":{"start":{"line":93,"column":6},"end":{"line":95,"column":7}},"57":{"start":{"line":94,"column":8},"end":{"line":94,"column":91}},"58":{"start":{"line":97,"column":6},"end":{"line":99,"column":7}},"59":{"start":{"line":98,"column":8},"end":{"line":98,"column":89}},"60":{"start":{"line":101,"column":6},"end":{"line":101,"column":73}},"61":{"start":{"line":104,"column":4},"end":{"line":104,"column":63}},"62":{"start":{"line":26,"column":0},"end":{"line":26,"column":13}}},"fnMap":{"0":{"name":"sleep","decl":{"start":{"line":7,"column":9},"end":{"line":7,"column":14}},"loc":{"start":{"line":7,"column":25},"end":{"line":9,"column":1}}},"1":{"name":"(anonymous_2)","decl":{"start":{"line":8,"column":21},"end":{"line":8,"column":22}},"loc":{"start":{"line":8,"column":34},"end":{"line":8,"column":57}}},"2":{"name":"isTransientAxiosError","decl":{"start":{"line":11,"column":9},"end":{"line":11,"column":30}},"loc":{"start":{"line":11,"column":45},"end":{"line":18,"column":1}}},"3":{"name":"isBlockLikeAxiosError","decl":{"start":{"line":20,"column":9},"end":{"line":20,"column":30}},"loc":{"start":{"line":20,"column":45},"end":{"line":24,"column":1}}},"4":{"name":"(anonymous_5)","decl":{"start":{"line":27,"column":2},"end":{"line":27,"column":null}},"loc":{"start":{"line":30,"column":52},"end":{"line":31,"column":6}}},"5":{"name":"(anonymous_6)","decl":{"start":{"line":33,"column":2},"end":{"line":33,"column":7}},"loc":{"start":{"line":33,"column":35},"end":{"line":36,"column":3}}},"6":{"name":"(anonymous_7)","decl":{"start":{"line":38,"column":2},"end":{"line":38,"column":7}},"loc":{"start":{"line":38,"column":43},"end":{"line":69,"column":3}}},"7":{"name":"(anonymous_8)","decl":{"start":{"line":71,"column":2},"end":{"line":71,"column":7}},"loc":{"start":{"line":71,"column":39},"end":{"line":105,"column":3}}}},"branchMap":{"0":{"loc":{"start":{"line":12,"column":2},"end":{"line":12,"column":47}},"type":"if","locations":[{"start":{"line":12,"column":2},"end":{"line":12,"column":47}}]},"1":{"loc":{"start":{"line":14,"column":2},"end":{"line":14,"column":67}},"type":"if","locations":[{"start":{"line":14,"column":2},"end":{"line":14,"column":67}}]},"2":{"loc":{"start":{"line":14,"column":6},"end":{"line":14,"column":53}},"type":"binary-expr","locations":[{"start":{"line":14,"column":6},"end":{"line":14,"column":12}},{"start":{"line":14,"column":16},"end":{"line":14,"column":53}}]},"3":{"loc":{"start":{"line":21,"column":2},"end":{"line":21,"column":47}},"type":"if","locations":[{"start":{"line":21,"column":2},"end":{"line":21,"column":47}}]},"4":{"loc":{"start":{"line":23,"column":9},"end":{"line":23,"column":65}},"type":"binary-expr","locations":[{"start":{"line":23,"column":9},"end":{"line":23,"column":29}},{"start":{"line":23,"column":33},"end":{"line":23,"column":65}}]},"5":{"loc":{"start":{"line":46,"column":8},"end":{"line":56,"column":9}},"type":"if","locations":[{"start":{"line":46,"column":8},"end":{"line":56,"column":9}}]},"6":{"loc":{"start":{"line":46,"column":12},"end":{"line":46,"column":85}},"type":"binary-expr","locations":[{"start":{"line":46,"column":12},"end":{"line":46,"column":40}},{"start":{"line":46,"column":44},"end":{"line":46,"column":67}},{"start":{"line":46,"column":71},"end":{"line":46,"column":85}}]},"7":{"loc":{"start":{"line":58,"column":8},"end":{"line":60,"column":9}},"type":"if","locations":[{"start":{"line":58,"column":8},"end":{"line":60,"column":9}}]},"8":{"loc":{"start":{"line":58,"column":12},"end":{"line":58,"column":73}},"type":"binary-expr","locations":[{"start":{"line":58,"column":12},"end":{"line":58,"column":40}},{"start":{"line":58,"column":44},"end":{"line":58,"column":73}}]},"9":{"loc":{"start":{"line":82,"column":6},"end":{"line":90,"column":7}},"type":"if","locations":[{"start":{"line":82,"column":6},"end":{"line":90,"column":7}}]},"10":{"loc":{"start":{"line":82,"column":10},"end":{"line":82,"column":57}},"type":"binary-expr","locations":[{"start":{"line":82,"column":10},"end":{"line":82,"column":32}},{"start":{"line":82,"column":36},"end":{"line":82,"column":57}}]},"11":{"loc":{"start":{"line":84,"column":8},"end":{"line":86,"column":9}},"type":"if","locations":[{"start":{"line":84,"column":8},"end":{"line":86,"column":9}}]},"12":{"loc":{"start":{"line":84,"column":12},"end":{"line":84,"column":98}},"type":"binary-expr","locations":[{"start":{"line":84,"column":12},"end":{"line":84,"column":27}},{"start":{"line":84,"column":31},"end":{"line":84,"column":60}},{"start":{"line":84,"column":64},"end":{"line":84,"column":98}}]},"13":{"loc":{"start":{"line":92,"column":33},"end":{"line":92,"column":71}},"type":"binary-expr","locations":[{"start":{"line":92,"column":33},"end":{"line":92,"column":65}},{"start":{"line":92,"column":69},"end":{"line":92,"column":71}}]},"14":{"loc":{"start":{"line":93,"column":6},"end":{"line":95,"column":7}},"type":"if","locations":[{"start":{"line":93,"column":6},"end":{"line":95,"column":7}}]},"15":{"loc":{"start":{"line":93,"column":10},"end":{"line":93,"column":109}},"type":"binary-expr","locations":[{"start":{"line":93,"column":10},"end":{"line":93,"column":21}},{"start":{"line":93,"column":25},"end":{"line":93,"column":59}},{"start":{"line":93,"column":63},"end":{"line":93,"column":109}}]},"16":{"loc":{"start":{"line":97,"column":6},"end":{"line":99,"column":7}},"type":"if","locations":[{"start":{"line":97,"column":6},"end":{"line":99,"column":7}}]}},"s":{"0":1,"1":1,"2":1,"3":1,"4":0,"5":0,"6":0,"7":0,"8":0,"9":0,"10":0,"11":0,"12":0,"13":0,"14":0,"15":0,"16":49,"17":49,"18":49,"19":0,"20":0,"21":0,"22":0,"23":0,"24":0,"25":0,"26":0,"27":0,"28":0,"29":0,"30":0,"31":0,"32":0,"33":0,"34":0,"35":0,"36":0,"37":0,"38":0,"39":0,"40":0,"41":0,"42":0,"43":0,"44":0,"45":0,"46":0,"47":0,"48":0,"49":0,"50":0,"51":0,"52":0,"53":0,"54":0,"55":0,"56":0,"57":0,"58":0,"59":0,"60":0,"61":0,"62":1},"f":{"0":0,"1":0,"2":0,"3":0,"4":49,"5":0,"6":0,"7":0},"b":{"0":[0],"1":[0],"2":[0,0],"3":[0],"4":[0,0],"5":[0],"6":[0,0,0],"7":[0],"8":[0,0],"9":[0],"10":[0,0],"11":[0],"12":[0,0,0],"13":[0,0],"14":[0],"15":[0,0,0],"16":[0]}}
,"/Users/jules/Code/React/Recipe-Extractor-API/src/services/ingredientDetailParser.ts": {"path":"/Users/jules/Code/React/Recipe-Extractor-API/src/services/ingredientDetailParser.ts","statementMap":{"0":{"start":{"line":160,"column":0},"end":{"line":160,"column":16}},"1":{"start":{"line":225,"column":0},"end":{"line":225,"column":16}},"2":{"start":{"line":1,"column":0},"end":{"line":1,"column":62}},"3":{"start":{"line":4,"column":45},"end":{"line":42,"column":2}},"4":{"start":{"line":44,"column":22},"end":{"line":59,"column":2}},"5":{"start":{"line":61,"column":50},"end":{"line":71,"column":2}},"6":{"start":{"line":74,"column":2},"end":{"line":76,"column":3}},"7":{"start":{"line":75,"column":4},"end":{"line":75,"column":36}},"8":{"start":{"line":77,"column":24},"end":{"line":77,"column":62}},"9":{"start":{"line":77,"column":52},"end":{"line":77,"column":61}},"10":{"start":{"line":78,"column":2},"end":{"line":78,"column":35}},"11":{"start":{"line":78,"column":23},"end":{"line":78,"column":35}},"12":{"start":{"line":79,"column":2},"end":{"line":79,"column":22}},"13":{"start":{"line":83,"column":18},"end":{"line":83,"column":29}},"14":{"start":{"line":85,"column":16},"end":{"line":85,"column":71}},"15":{"start":{"line":86,"column":2},"end":{"line":92,"column":3}},"16":{"start":{"line":87,"column":4},"end":{"line":91,"column":6}},"17":{"start":{"line":94,"column":24},"end":{"line":94,"column":69}},"18":{"start":{"line":95,"column":2},"end":{"line":105,"column":3}},"19":{"start":{"line":96,"column":16},"end":{"line":96,"column":53}},"20":{"start":{"line":97,"column":16},"end":{"line":97,"column":53}},"21":{"start":{"line":98,"column":4},"end":{"line":104,"column":5}},"22":{"start":{"line":99,"column":6},"end":{"line":103,"column":8}},"23":{"start":{"line":107,"column":23},"end":{"line":107,"column":84}},"24":{"start":{"line":108,"column":2},"end":{"line":114,"column":3}},"25":{"start":{"line":109,"column":18},"end":{"line":109,"column":41}},"26":{"start":{"line":110,"column":21},"end":{"line":110,"column":57}},"27":{"start":{"line":111,"column":4},"end":{"line":113,"column":5}},"28":{"start":{"line":112,"column":6},"end":{"line":112,"column":78}},"29":{"start":{"line":116,"column":24},"end":{"line":116,"column":60}},"30":{"start":{"line":117,"column":2},"end":{"line":123,"column":3}},"31":{"start":{"line":118,"column":18},"end":{"line":118,"column":42}},"32":{"start":{"line":119,"column":21},"end":{"line":119,"column":58}},"33":{"start":{"line":120,"column":4},"end":{"line":122,"column":5}},"34":{"start":{"line":121,"column":6},"end":{"line":121,"column":79}},"35":{"start":{"line":125,"column":19},"end":{"line":125,"column":59}},"36":{"start":{"line":126,"column":2},"end":{"line":131,"column":3}},"37":{"start":{"line":127,"column":19},"end":{"line":127,"column":51}},"38":{"start":{"line":128,"column":4},"end":{"line":130,"column":5}},"39":{"start":{"line":129,"column":6},"end":{"line":129,"column":64}},"40":{"start":{"line":133,"column":18},"end":{"line":133,"column":51}},"41":{"start":{"line":134,"column":2},"end":{"line":136,"column":3}},"42":{"start":{"line":135,"column":4},"end":{"line":135,"column":73}},"43":{"start":{"line":138,"column":2},"end":{"line":138,"column":25}},"44":{"start":{"line":142,"column":2},"end":{"line":142,"column":61}},"45":{"start":{"line":146,"column":33},"end":{"line":146,"column":35}},"46":{"start":{"line":147,"column":18},"end":{"line":147,"column":52}},"47":{"start":{"line":148,"column":2},"end":{"line":148,"column":57}},"48":{"start":{"line":148,"column":20},"end":{"line":148,"column":57}},"49":{"start":{"line":149,"column":2},"end":{"line":149,"column":22}},"50":{"start":{"line":153,"column":18},"end":{"line":153,"column":53}},"51":{"start":{"line":154,"column":2},"end":{"line":157,"column":79}},"52":{"start":{"line":155,"column":20},"end":{"line":155,"column":42}},"53":{"start":{"line":156,"column":22},"end":{"line":156,"column":37}},"54":{"start":{"line":157,"column":19},"end":{"line":157,"column":77}},"55":{"start":{"line":161,"column":14},"end":{"line":161,"column":36}},"56":{"start":{"line":162,"column":35},"end":{"line":167,"column":4}},"57":{"start":{"line":169,"column":46},"end":{"line":169,"column":70}},"58":{"start":{"line":170,"column":2},"end":{"line":177,"column":3}},"59":{"start":{"line":171,"column":4},"end":{"line":171,"column":31}},"60":{"start":{"line":172,"column":4},"end":{"line":172,"column":28}},"61":{"start":{"line":173,"column":4},"end":{"line":176,"column":5}},"62":{"start":{"line":174,"column":6},"end":{"line":174,"column":39}},"63":{"start":{"line":175,"column":6},"end":{"line":175,"column":59}},"64":{"start":{"line":179,"column":15},"end":{"line":179,"column":41}},"65":{"start":{"line":180,"column":28},"end":{"line":180,"column":45}},"66":{"start":{"line":181,"column":24},"end":{"line":181,"column":62}},"67":{"start":{"line":183,"column":26},"end":{"line":183,"column":30}},"68":{"start":{"line":184,"column":2},"end":{"line":189,"column":3}},"69":{"start":{"line":185,"column":4},"end":{"line":185,"column":32}},"70":{"start":{"line":186,"column":4},"end":{"line":186,"column":37}},"71":{"start":{"line":187,"column":4},"end":{"line":187,"column":61}},"72":{"start":{"line":188,"column":4},"end":{"line":188,"column":29}},"73":{"start":{"line":191,"column":29},"end":{"line":191,"column":73}},"74":{"start":{"line":192,"column":2},"end":{"line":194,"column":3}},"75":{"start":{"line":193,"column":4},"end":{"line":193,"column":49}},"76":{"start":{"line":196,"column":34},"end":{"line":196,"column":104}},"77":{"start":{"line":197,"column":20},"end":{"line":197,"column":104}},"78":{"start":{"line":198,"column":2},"end":{"line":201,"column":3}},"79":{"start":{"line":199,"column":4},"end":{"line":199,"column":52}},"80":{"start":{"line":200,"column":4},"end":{"line":200,"column":62}},"81":{"start":{"line":203,"column":28},"end":{"line":207,"column":11}},"82":{"start":{"line":209,"column":2},"end":{"line":212,"column":3}},"83":{"start":{"line":210,"column":4},"end":{"line":210,"column":42}},"84":{"start":{"line":211,"column":4},"end":{"line":211,"column":63}},"85":{"start":{"line":214,"column":2},"end":{"line":216,"column":3}},"86":{"start":{"line":215,"column":4},"end":{"line":215,"column":28}},"87":{"start":{"line":218,"column":2},"end":{"line":220,"column":3}},"88":{"start":{"line":219,"column":4},"end":{"line":219,"column":31}},"89":{"start":{"line":222,"column":2},"end":{"line":222,"column":16}},"90":{"start":{"line":226,"column":2},"end":{"line":226,"column":62}},"91":{"start":{"line":226,"column":34},"end":{"line":226,"column":60}}},"fnMap":{"0":{"name":"parseSimpleFraction","decl":{"start":{"line":73,"column":9},"end":{"line":73,"column":28}},"loc":{"start":{"line":73,"column":42},"end":{"line":80,"column":1}}},"1":{"name":"(anonymous_1)","decl":{"start":{"line":77,"column":45},"end":{"line":77,"column":46}},"loc":{"start":{"line":77,"column":52},"end":{"line":77,"column":61}}},"2":{"name":"parseQuantityPrefix","decl":{"start":{"line":82,"column":9},"end":{"line":82,"column":28}},"loc":{"start":{"line":82,"column":41},"end":{"line":139,"column":1}}},"3":{"name":"normalizeRaw","decl":{"start":{"line":141,"column":9},"end":{"line":141,"column":21}},"loc":{"start":{"line":141,"column":33},"end":{"line":143,"column":1}}},"4":{"name":"parseAlternatives","decl":{"start":{"line":145,"column":9},"end":{"line":145,"column":26}},"loc":{"start":{"line":145,"column":38},"end":{"line":150,"column":1}}},"5":{"name":"extractParentheticalNotes","decl":{"start":{"line":152,"column":9},"end":{"line":152,"column":34}},"loc":{"start":{"line":152,"column":48},"end":{"line":158,"column":1}}},"6":{"name":"(anonymous_6)","decl":{"start":{"line":155,"column":9},"end":{"line":155,"column":10}},"loc":{"start":{"line":155,"column":20},"end":{"line":155,"column":42}}},"7":{"name":"(anonymous_7)","decl":{"start":{"line":156,"column":12},"end":{"line":156,"column":13}},"loc":{"start":{"line":156,"column":22},"end":{"line":156,"column":37}}},"8":{"name":"(anonymous_8)","decl":{"start":{"line":157,"column":9},"end":{"line":157,"column":10}},"loc":{"start":{"line":157,"column":19},"end":{"line":157,"column":77}}},"9":{"name":"parseIngredientDetail","decl":{"start":{"line":160,"column":16},"end":{"line":160,"column":37}},"loc":{"start":{"line":160,"column":54},"end":{"line":223,"column":1}}},"10":{"name":"parseIngredientDetails","decl":{"start":{"line":225,"column":16},"end":{"line":225,"column":38}},"loc":{"start":{"line":225,"column":60},"end":{"line":227,"column":1}}},"11":{"name":"(anonymous_11)","decl":{"start":{"line":226,"column":25},"end":{"line":226,"column":26}},"loc":{"start":{"line":226,"column":34},"end":{"line":226,"column":60}}}},"branchMap":{"0":{"loc":{"start":{"line":74,"column":2},"end":{"line":76,"column":3}},"type":"if","locations":[{"start":{"line":74,"column":2},"end":{"line":76,"column":3}}]},"1":{"loc":{"start":{"line":78,"column":2},"end":{"line":78,"column":35}},"type":"if","locations":[{"start":{"line":78,"column":2},"end":{"line":78,"column":35}}]},"2":{"loc":{"start":{"line":78,"column":6},"end":{"line":78,"column":21}},"type":"binary-expr","locations":[{"start":{"line":78,"column":6},"end":{"line":78,"column":10}},{"start":{"line":78,"column":14},"end":{"line":78,"column":21}}]},"3":{"loc":{"start":{"line":86,"column":2},"end":{"line":92,"column":3}},"type":"if","locations":[{"start":{"line":86,"column":2},"end":{"line":92,"column":3}}]},"4":{"loc":{"start":{"line":95,"column":2},"end":{"line":105,"column":3}},"type":"if","locations":[{"start":{"line":95,"column":2},"end":{"line":105,"column":3}}]},"5":{"loc":{"start":{"line":98,"column":4},"end":{"line":104,"column":5}},"type":"if","locations":[{"start":{"line":98,"column":4},"end":{"line":104,"column":5}}]},"6":{"loc":{"start":{"line":98,"column":8},"end":{"line":98,"column":36}},"type":"binary-expr","locations":[{"start":{"line":98,"column":8},"end":{"line":98,"column":20}},{"start":{"line":98,"column":24},"end":{"line":98,"column":36}}]},"7":{"loc":{"start":{"line":108,"column":2},"end":{"line":114,"column":3}},"type":"if","locations":[{"start":{"line":108,"column":2},"end":{"line":114,"column":3}}]},"8":{"loc":{"start":{"line":111,"column":4},"end":{"line":113,"column":5}},"type":"if","locations":[{"start":{"line":111,"column":4},"end":{"line":113,"column":5}}]},"9":{"loc":{"start":{"line":117,"column":2},"end":{"line":123,"column":3}},"type":"if","locations":[{"start":{"line":117,"column":2},"end":{"line":123,"column":3}}]},"10":{"loc":{"start":{"line":120,"column":4},"end":{"line":122,"column":5}},"type":"if","locations":[{"start":{"line":120,"column":4},"end":{"line":122,"column":5}}]},"11":{"loc":{"start":{"line":126,"column":2},"end":{"line":131,"column":3}},"type":"if","locations":[{"start":{"line":126,"column":2},"end":{"line":131,"column":3}}]},"12":{"loc":{"start":{"line":128,"column":4},"end":{"line":130,"column":5}},"type":"if","locations":[{"start":{"line":128,"column":4},"end":{"line":130,"column":5}}]},"13":{"loc":{"start":{"line":134,"column":2},"end":{"line":136,"column":3}},"type":"if","locations":[{"start":{"line":134,"column":2},"end":{"line":136,"column":3}}]},"14":{"loc":{"start":{"line":148,"column":2},"end":{"line":148,"column":57}},"type":"if","locations":[{"start":{"line":148,"column":2},"end":{"line":148,"column":57}}]},"15":{"loc":{"start":{"line":155,"column":20},"end":{"line":155,"column":42}},"type":"binary-expr","locations":[{"start":{"line":155,"column":20},"end":{"line":155,"column":36}},{"start":{"line":155,"column":40},"end":{"line":155,"column":42}}]},"16":{"loc":{"start":{"line":170,"column":2},"end":{"line":177,"column":3}},"type":"if","locations":[{"start":{"line":170,"column":2},"end":{"line":177,"column":3}}]},"17":{"loc":{"start":{"line":173,"column":4},"end":{"line":176,"column":5}},"type":"if","locations":[{"start":{"line":173,"column":4},"end":{"line":176,"column":5}}]},"18":{"loc":{"start":{"line":180,"column":9},"end":{"line":180,"column":24}},"type":"default-arg","locations":[{"start":{"line":180,"column":22},"end":{"line":180,"column":24}}]},"19":{"loc":{"start":{"line":184,"column":2},"end":{"line":189,"column":3}},"type":"if","locations":[{"start":{"line":184,"column":2},"end":{"line":189,"column":3}}]},"20":{"loc":{"start":{"line":192,"column":2},"end":{"line":194,"column":3}},"type":"if","locations":[{"start":{"line":192,"column":2},"end":{"line":194,"column":3}}]},"21":{"loc":{"start":{"line":198,"column":2},"end":{"line":201,"column":3}},"type":"if","locations":[{"start":{"line":198,"column":2},"end":{"line":201,"column":3}}]},"22":{"loc":{"start":{"line":200,"column":33},"end":{"line":200,"column":55}},"type":"binary-expr","locations":[{"start":{"line":200,"column":33},"end":{"line":200,"column":50}},{"start":{"line":200,"column":54},"end":{"line":200,"column":55}}]},"23":{"loc":{"start":{"line":209,"column":2},"end":{"line":212,"column":3}},"type":"if","locations":[{"start":{"line":209,"column":2},"end":{"line":212,"column":3}}]},"24":{"loc":{"start":{"line":211,"column":33},"end":{"line":211,"column":55}},"type":"binary-expr","locations":[{"start":{"line":211,"column":33},"end":{"line":211,"column":50}},{"start":{"line":211,"column":54},"end":{"line":211,"column":55}}]},"25":{"loc":{"start":{"line":214,"column":2},"end":{"line":216,"column":3}},"type":"if","locations":[{"start":{"line":214,"column":2},"end":{"line":216,"column":3}}]},"26":{"loc":{"start":{"line":214,"column":6},"end":{"line":214,"column":60}},"type":"binary-expr","locations":[{"start":{"line":214,"column":6},"end":{"line":214,"column":22}},{"start":{"line":214,"column":26},"end":{"line":214,"column":38}},{"start":{"line":214,"column":42},"end":{"line":214,"column":60}}]},"27":{"loc":{"start":{"line":218,"column":2},"end":{"line":220,"column":3}},"type":"if","locations":[{"start":{"line":218,"column":2},"end":{"line":220,"column":3}}]}},"s":{"0":1,"1":1,"2":1,"3":1,"4":1,"5":1,"6":0,"7":0,"8":0,"9":0,"10":0,"11":0,"12":0,"13":6,"14":6,"15":6,"16":0,"17":6,"18":6,"19":0,"20":0,"21":0,"22":0,"23":6,"24":6,"25":0,"26":0,"27":0,"28":0,"29":6,"30":6,"31":0,"32":0,"33":0,"34":0,"35":6,"36":6,"37":0,"38":0,"39":0,"40":6,"41":6,"42":4,"43":2,"44":6,"45":6,"46":6,"47":6,"48":0,"49":6,"50":6,"51":6,"52":0,"53":0,"54":0,"55":6,"56":6,"57":6,"58":6,"59":4,"60":4,"61":4,"62":0,"63":0,"64":6,"65":6,"66":6,"67":6,"68":6,"69":3,"70":3,"71":3,"72":3,"73":6,"74":6,"75":0,"76":6,"77":6,"78":6,"79":0,"80":0,"81":6,"82":6,"83":6,"84":6,"85":6,"86":0,"87":6,"88":6,"89":6,"90":5,"91":6},"f":{"0":0,"1":0,"2":6,"3":6,"4":6,"5":6,"6":0,"7":0,"8":0,"9":6,"10":5,"11":6},"b":{"0":[0],"1":[0],"2":[0,0],"3":[0],"4":[0],"5":[0],"6":[0,0],"7":[0],"8":[0],"9":[0],"10":[0],"11":[0],"12":[0],"13":[4],"14":[0],"15":[0,0],"16":[4],"17":[0],"18":[0],"19":[3],"20":[0],"21":[0],"22":[0,0],"23":[6],"24":[6,0],"25":[0],"26":[6,2,2],"27":[6]}}
,"/Users/jules/Code/React/Recipe-Extractor-API/src/services/ingredientMigration.ts": {"path":"/Users/jules/Code/React/Recipe-Extractor-API/src/services/ingredientMigration.ts","statementMap":{"0":{"start":{"line":21,"column":0},"end":{"line":21,"column":16}},"1":{"start":{"line":33,"column":0},"end":{"line":33,"column":16}},"2":{"start":{"line":2,"column":0},"end":{"line":2,"column":68}},"3":{"start":{"line":5,"column":2},"end":{"line":5,"column":53}},"4":{"start":{"line":9,"column":2},"end":{"line":9,"column":37}},"5":{"start":{"line":9,"column":24},"end":{"line":9,"column":37}},"6":{"start":{"line":10,"column":2},"end":{"line":10,"column":79}},"7":{"start":{"line":14,"column":2},"end":{"line":14,"column":50}},"8":{"start":{"line":14,"column":37},"end":{"line":14,"column":50}},"9":{"start":{"line":15,"column":2},"end":{"line":17,"column":3}},"10":{"start":{"line":16,"column":4},"end":{"line":16,"column":47}},"11":{"start":{"line":18,"column":2},"end":{"line":18,"column":31}},"12":{"start":{"line":22,"column":2},"end":{"line":24,"column":3}},"13":{"start":{"line":23,"column":4},"end":{"line":23,"column":39}},"14":{"start":{"line":26,"column":2},"end":{"line":28,"column":3}},"15":{"start":{"line":27,"column":4},"end":{"line":27,"column":32}},"16":{"start":{"line":30,"column":2},"end":{"line":30,"column":51}},"17":{"start":{"line":34,"column":2},"end":{"line":34,"column":48}}},"fnMap":{"0":{"name":"isObject","decl":{"start":{"line":4,"column":9},"end":{"line":4,"column":17}},"loc":{"start":{"line":4,"column":32},"end":{"line":6,"column":1}}},"1":{"name":"isIngredientDetail","decl":{"start":{"line":8,"column":9},"end":{"line":8,"column":27}},"loc":{"start":{"line":8,"column":42},"end":{"line":11,"column":1}}},"2":{"name":"ensureRawField","decl":{"start":{"line":13,"column":9},"end":{"line":13,"column":23}},"loc":{"start":{"line":13,"column":47},"end":{"line":19,"column":1}}},"3":{"name":"migrateLegacyIngredientItem","decl":{"start":{"line":21,"column":16},"end":{"line":21,"column":43}},"loc":{"start":{"line":21,"column":57},"end":{"line":31,"column":1}}},"4":{"name":"migrateLegacyIngredientsToDetails","decl":{"start":{"line":33,"column":16},"end":{"line":33,"column":49}},"loc":{"start":{"line":33,"column":75},"end":{"line":35,"column":1}}}},"branchMap":{"0":{"loc":{"start":{"line":5,"column":9},"end":{"line":5,"column":52}},"type":"binary-expr","locations":[{"start":{"line":5,"column":9},"end":{"line":5,"column":34}},{"start":{"line":5,"column":38},"end":{"line":5,"column":52}}]},"1":{"loc":{"start":{"line":9,"column":2},"end":{"line":9,"column":37}},"type":"if","locations":[{"start":{"line":9,"column":2},"end":{"line":9,"column":37}}]},"2":{"loc":{"start":{"line":10,"column":9},"end":{"line":10,"column":78}},"type":"binary-expr","locations":[{"start":{"line":10,"column":9},"end":{"line":10,"column":38}},{"start":{"line":10,"column":42},"end":{"line":10,"column":78}}]},"3":{"loc":{"start":{"line":14,"column":2},"end":{"line":14,"column":50}},"type":"if","locations":[{"start":{"line":14,"column":2},"end":{"line":14,"column":50}}]},"4":{"loc":{"start":{"line":15,"column":2},"end":{"line":17,"column":3}},"type":"if","locations":[{"start":{"line":15,"column":2},"end":{"line":17,"column":3}}]},"5":{"loc":{"start":{"line":15,"column":6},"end":{"line":15,"column":80}},"type":"binary-expr","locations":[{"start":{"line":15,"column":6},"end":{"line":15,"column":42}},{"start":{"line":15,"column":46},"end":{"line":15,"column":80}}]},"6":{"loc":{"start":{"line":22,"column":2},"end":{"line":24,"column":3}},"type":"if","locations":[{"start":{"line":22,"column":2},"end":{"line":24,"column":3}}]},"7":{"loc":{"start":{"line":26,"column":2},"end":{"line":28,"column":3}},"type":"if","locations":[{"start":{"line":26,"column":2},"end":{"line":28,"column":3}}]},"8":{"loc":{"start":{"line":30,"column":38},"end":{"line":30,"column":48}},"type":"binary-expr","locations":[{"start":{"line":30,"column":38},"end":{"line":30,"column":42}},{"start":{"line":30,"column":46},"end":{"line":30,"column":48}}]}},"s":{"0":0,"1":0,"2":0,"3":0,"4":0,"5":0,"6":0,"7":0,"8":0,"9":0,"10":0,"11":0,"12":0,"13":0,"14":0,"15":0,"16":0,"17":0},"f":{"0":0,"1":0,"2":0,"3":0,"4":0},"b":{"0":[0,0],"1":[0],"2":[0,0],"3":[0],"4":[0],"5":[0,0],"6":[0],"7":[0],"8":[0,0]}}
,"/Users/jules/Code/React/Recipe-Extractor-API/src/services/recipeExtractorService.ts": {"path":"/Users/jules/Code/React/Recipe-Extractor-API/src/services/recipeExtractorService.ts","statementMap":{"0":{"start":{"line":1,"column":0},"end":{"line":1,"column":26}},"1":{"start":{"line":2,"column":0},"end":{"line":2,"column":60}},"2":{"start":{"line":5,"column":0},"end":{"line":5,"column":null}},"3":{"start":{"line":34,"column":21},"end":{"line":34,"column":46}},"4":{"start":{"line":35,"column":21},"end":{"line":35,"column":50}},"5":{"start":{"line":36,"column":21},"end":{"line":36,"column":48}},"6":{"start":{"line":37,"column":21},"end":{"line":37,"column":44}},"7":{"start":{"line":38,"column":21},"end":{"line":38,"column":64}},"8":{"start":{"line":30,"column":19},"end":{"line":30,"column":62}},"9":{"start":{"line":31,"column":19},"end":{"line":31,"column":63}},"10":{"start":{"line":42,"column":19},"end":{"line":42,"column":68}},"11":{"start":{"line":43,"column":4},"end":{"line":43,"column":25}},"12":{"start":{"line":47,"column":47},"end":{"line":47,"column":68}},"13":{"start":{"line":49,"column":4},"end":{"line":55,"column":5}},"14":{"start":{"line":50,"column":6},"end":{"line":50,"column":64}},"15":{"start":{"line":51,"column":6},"end":{"line":51,"column":53}},"16":{"start":{"line":53,"column":6},"end":{"line":53,"column":62}},"17":{"start":{"line":53,"column":50},"end":{"line":53,"column":62}},"18":{"start":{"line":54,"column":6},"end":{"line":54,"column":88}},"19":{"start":{"line":57,"column":21},"end":{"line":57,"column":39}},"20":{"start":{"line":58,"column":22},"end":{"line":58,"column":52}},"21":{"start":{"line":59,"column":25},"end":{"line":59,"column":59}},"22":{"start":{"line":60,"column":4},"end":{"line":65,"column":5}},"23":{"start":{"line":61,"column":6},"end":{"line":64,"column":9}},"24":{"start":{"line":67,"column":19},"end":{"line":67,"column":43}},"25":{"start":{"line":68,"column":4},"end":{"line":73,"column":5}},"26":{"start":{"line":69,"column":6},"end":{"line":72,"column":8}},"27":{"start":{"line":75,"column":26},"end":{"line":75,"column":58}},"28":{"start":{"line":76,"column":4},"end":{"line":81,"column":5}},"29":{"start":{"line":77,"column":6},"end":{"line":80,"column":9}},"30":{"start":{"line":86,"column":4},"end":{"line":160,"column":5}},"31":{"start":{"line":87,"column":22},"end":{"line":87,"column":69}},"32":{"start":{"line":88,"column":6},"end":{"line":88,"column":26}},"33":{"start":{"line":89,"column":6},"end":{"line":89,"column":34}},"34":{"start":{"line":90,"column":6},"end":{"line":90,"column":42}},"35":{"start":{"line":91,"column":6},"end":{"line":91,"column":49}},"36":{"start":{"line":92,"column":6},"end":{"line":92,"column":46}},"37":{"start":{"line":94,"column":6},"end":{"line":102,"column":7}},"38":{"start":{"line":95,"column":24},"end":{"line":99,"column":10}},"39":{"start":{"line":100,"column":8},"end":{"line":100,"column":58}},"40":{"start":{"line":101,"column":8},"end":{"line":101,"column":22}},"41":{"start":{"line":104,"column":6},"end":{"line":152,"column":7}},"42":{"start":{"line":105,"column":8},"end":{"line":113,"column":9}},"43":{"start":{"line":106,"column":25},"end":{"line":110,"column":12}},"44":{"start":{"line":111,"column":10},"end":{"line":111,"column":59}},"45":{"start":{"line":112,"column":10},"end":{"line":112,"column":23}},"46":{"start":{"line":114,"column":8},"end":{"line":123,"column":9}},"47":{"start":{"line":115,"column":25},"end":{"line":120,"column":12}},"48":{"start":{"line":121,"column":10},"end":{"line":121,"column":59}},"49":{"start":{"line":122,"column":10},"end":{"line":122,"column":23}},"50":{"start":{"line":124,"column":8},"end":{"line":133,"column":9}},"51":{"start":{"line":125,"column":25},"end":{"line":130,"column":12}},"52":{"start":{"line":131,"column":10},"end":{"line":131,"column":59}},"53":{"start":{"line":132,"column":10},"end":{"line":132,"column":23}},"54":{"start":{"line":134,"column":8},"end":{"line":143,"column":9}},"55":{"start":{"line":135,"column":25},"end":{"line":140,"column":12}},"56":{"start":{"line":141,"column":10},"end":{"line":141,"column":59}},"57":{"start":{"line":142,"column":10},"end":{"line":142,"column":23}},"58":{"start":{"line":144,"column":23},"end":{"line":149,"column":10}},"59":{"start":{"line":150,"column":8},"end":{"line":150,"column":57}},"60":{"start":{"line":151,"column":8},"end":{"line":151,"column":21}},"61":{"start":{"line":154,"column":21},"end":{"line":157,"column":8}},"62":{"start":{"line":158,"column":6},"end":{"line":158,"column":55}},"63":{"start":{"line":159,"column":6},"end":{"line":159,"column":19}},"64":{"start":{"line":163,"column":4},"end":{"line":180,"column":5}},"65":{"start":{"line":164,"column":21},"end":{"line":164,"column":60}},"66":{"start":{"line":165,"column":21},"end":{"line":165,"column":67}},"67":{"start":{"line":166,"column":6},"end":{"line":166,"column":29}},"68":{"start":{"line":167,"column":6},"end":{"line":167,"column":40}},"69":{"start":{"line":168,"column":6},"end":{"line":168,"column":49}},"70":{"start":{"line":170,"column":6},"end":{"line":178,"column":7}},"71":{"start":{"line":171,"column":24},"end":{"line":175,"column":10}},"72":{"start":{"line":176,"column":8},"end":{"line":176,"column":58}},"73":{"start":{"line":177,"column":8},"end":{"line":177,"column":22}},"74":{"start":{"line":179,"column":6},"end":{"line":179,"column":18}},"75":{"start":{"line":181,"column":4},"end":{"line":181,"column":37}},"76":{"start":{"line":182,"column":4},"end":{"line":182,"column":44}},"77":{"start":{"line":183,"column":4},"end":{"line":183,"column":35}},"78":{"start":{"line":187,"column":4},"end":{"line":187,"column":32}},"79":{"start":{"line":188,"column":4},"end":{"line":188,"column":33}},"80":{"start":{"line":189,"column":4},"end":{"line":189,"column":31}},"81":{"start":{"line":193,"column":4},"end":{"line":198,"column":5}},"82":{"start":{"line":194,"column":6},"end":{"line":197,"column":9}},"83":{"start":{"line":200,"column":4},"end":{"line":203,"column":5}},"84":{"start":{"line":201,"column":6},"end":{"line":201,"column":46}},"85":{"start":{"line":202,"column":6},"end":{"line":202,"column":13}},"86":{"start":{"line":206,"column":18},"end":{"line":206,"column":64}},"87":{"start":{"line":207,"column":4},"end":{"line":207,"column":47}},"88":{"start":{"line":208,"column":4},"end":{"line":210,"column":5}},"89":{"start":{"line":209,"column":6},"end":{"line":209,"column":80}},"90":{"start":{"line":214,"column":4},"end":{"line":214,"column":43}},"91":{"start":{"line":215,"column":4},"end":{"line":215,"column":42}},"92":{"start":{"line":29,"column":0},"end":{"line":29,"column":13}}},"fnMap":{"0":{"name":"(anonymous_1)","decl":{"start":{"line":33,"column":2},"end":{"line":33,"column":null}},"loc":{"start":{"line":38,"column":64},"end":{"line":39,"column":6}}},"1":{"name":"(anonymous_2)","decl":{"start":{"line":41,"column":2},"end":{"line":41,"column":7}},"loc":{"start":{"line":41,"column":38},"end":{"line":44,"column":3}}},"2":{"name":"(anonymous_3)","decl":{"start":{"line":46,"column":2},"end":{"line":46,"column":7}},"loc":{"start":{"line":46,"column":53},"end":{"line":184,"column":3}}},"3":{"name":"(anonymous_4)","decl":{"start":{"line":186,"column":2},"end":{"line":186,"column":19}},"loc":{"start":{"line":186,"column":19},"end":{"line":190,"column":3}}},"4":{"name":"(anonymous_5)","decl":{"start":{"line":192,"column":10},"end":{"line":192,"column":24}},"loc":{"start":{"line":192,"column":90},"end":{"line":211,"column":3}}},"5":{"name":"(anonymous_6)","decl":{"start":{"line":213,"column":10},"end":{"line":213,"column":33}},"loc":{"start":{"line":213,"column":51},"end":{"line":216,"column":3}}}},"branchMap":{"0":{"loc":{"start":{"line":53,"column":6},"end":{"line":53,"column":62}},"type":"if","locations":[{"start":{"line":53,"column":6},"end":{"line":53,"column":62}}]},"1":{"loc":{"start":{"line":60,"column":4},"end":{"line":65,"column":5}},"type":"if","locations":[{"start":{"line":60,"column":4},"end":{"line":65,"column":5}}]},"2":{"loc":{"start":{"line":60,"column":8},"end":{"line":60,"column":49}},"type":"binary-expr","locations":[{"start":{"line":60,"column":8},"end":{"line":60,"column":20}},{"start":{"line":60,"column":24},"end":{"line":60,"column":49}}]},"3":{"loc":{"start":{"line":68,"column":4},"end":{"line":73,"column":5}},"type":"if","locations":[{"start":{"line":68,"column":4},"end":{"line":73,"column":5}}]},"4":{"loc":{"start":{"line":76,"column":4},"end":{"line":81,"column":5}},"type":"if","locations":[{"start":{"line":76,"column":4},"end":{"line":81,"column":5}}]},"5":{"loc":{"start":{"line":94,"column":6},"end":{"line":102,"column":7}},"type":"if","locations":[{"start":{"line":94,"column":6},"end":{"line":102,"column":7}}]},"6":{"loc":{"start":{"line":98,"column":14},"end":{"line":98,"column":38}},"type":"binary-expr","locations":[{"start":{"line":98,"column":14},"end":{"line":98,"column":32}},{"start":{"line":98,"column":36},"end":{"line":98,"column":38}}]},"7":{"loc":{"start":{"line":104,"column":6},"end":{"line":152,"column":7}},"type":"if","locations":[{"start":{"line":104,"column":6},"end":{"line":152,"column":7}}]},"8":{"loc":{"start":{"line":105,"column":8},"end":{"line":113,"column":9}},"type":"if","locations":[{"start":{"line":105,"column":8},"end":{"line":113,"column":9}}]},"9":{"loc":{"start":{"line":114,"column":8},"end":{"line":123,"column":9}},"type":"if","locations":[{"start":{"line":114,"column":8},"end":{"line":123,"column":9}}]},"10":{"loc":{"start":{"line":119,"column":33},"end":{"line":119,"column":49}},"type":"binary-expr","locations":[{"start":{"line":119,"column":33},"end":{"line":119,"column":43}},{"start":{"line":119,"column":47},"end":{"line":119,"column":49}}]},"11":{"loc":{"start":{"line":124,"column":8},"end":{"line":133,"column":9}},"type":"if","locations":[{"start":{"line":124,"column":8},"end":{"line":133,"column":9}}]},"12":{"loc":{"start":{"line":124,"column":12},"end":{"line":124,"column":76}},"type":"binary-expr","locations":[{"start":{"line":124,"column":12},"end":{"line":124,"column":42}},{"start":{"line":124,"column":46},"end":{"line":124,"column":76}}]},"13":{"loc":{"start":{"line":129,"column":33},"end":{"line":129,"column":49}},"type":"binary-expr","locations":[{"start":{"line":129,"column":33},"end":{"line":129,"column":43}},{"start":{"line":129,"column":47},"end":{"line":129,"column":49}}]},"14":{"loc":{"start":{"line":134,"column":8},"end":{"line":143,"column":9}},"type":"if","locations":[{"start":{"line":134,"column":8},"end":{"line":143,"column":9}}]},"15":{"loc":{"start":{"line":134,"column":12},"end":{"line":134,"column":89}},"type":"binary-expr","locations":[{"start":{"line":134,"column":12},"end":{"line":134,"column":26}},{"start":{"line":134,"column":30},"end":{"line":134,"column":58}},{"start":{"line":134,"column":62},"end":{"line":134,"column":89}}]},"16":{"loc":{"start":{"line":139,"column":33},"end":{"line":139,"column":49}},"type":"binary-expr","locations":[{"start":{"line":139,"column":33},"end":{"line":139,"column":43}},{"start":{"line":139,"column":47},"end":{"line":139,"column":49}}]},"17":{"loc":{"start":{"line":147,"column":26},"end":{"line":147,"column":74}},"type":"binary-expr","locations":[{"start":{"line":147,"column":26},"end":{"line":147,"column":61}},{"start":{"line":147,"column":65},"end":{"line":147,"column":74}}]},"18":{"loc":{"start":{"line":147,"column":33},"end":{"line":147,"column":60}},"type":"binary-expr","locations":[{"start":{"line":147,"column":33},"end":{"line":147,"column":55}},{"start":{"line":147,"column":59},"end":{"line":147,"column":60}}]},"19":{"loc":{"start":{"line":148,"column":31},"end":{"line":148,"column":47}},"type":"binary-expr","locations":[{"start":{"line":148,"column":31},"end":{"line":148,"column":41}},{"start":{"line":148,"column":45},"end":{"line":148,"column":47}}]},"20":{"loc":{"start":{"line":170,"column":6},"end":{"line":178,"column":7}},"type":"if","locations":[{"start":{"line":170,"column":6},"end":{"line":178,"column":7}}]},"21":{"loc":{"start":{"line":174,"column":14},"end":{"line":174,"column":38}},"type":"binary-expr","locations":[{"start":{"line":174,"column":14},"end":{"line":174,"column":32}},{"start":{"line":174,"column":36},"end":{"line":174,"column":38}}]},"22":{"loc":{"start":{"line":193,"column":4},"end":{"line":198,"column":5}},"type":"if","locations":[{"start":{"line":193,"column":4},"end":{"line":198,"column":5}}]},"23":{"loc":{"start":{"line":200,"column":4},"end":{"line":203,"column":5}},"type":"if","locations":[{"start":{"line":200,"column":4},"end":{"line":203,"column":5}}]},"24":{"loc":{"start":{"line":206,"column":19},"end":{"line":206,"column":59}},"type":"binary-expr","locations":[{"start":{"line":206,"column":19},"end":{"line":206,"column":54}},{"start":{"line":206,"column":58},"end":{"line":206,"column":59}}]},"25":{"loc":{"start":{"line":208,"column":4},"end":{"line":210,"column":5}},"type":"if","locations":[{"start":{"line":208,"column":4},"end":{"line":210,"column":5}}]}},"s":{"0":1,"1":1,"2":1,"3":49,"4":49,"5":49,"6":49,"7":49,"8":49,"9":49,"10":0,"11":0,"12":0,"13":0,"14":0,"15":0,"16":0,"17":0,"18":0,"19":0,"20":0,"21":0,"22":0,"23":0,"24":0,"25":0,"26":0,"27":0,"28":0,"29":0,"30":0,"31":0,"32":0,"33":0,"34":0,"35":0,"36":0,"37":0,"38":0,"39":0,"40":0,"41":0,"42":0,"43":0,"44":0,"45":0,"46":0,"47":0,"48":0,"49":0,"50":0,"51":0,"52":0,"53":0,"54":0,"55":0,"56":0,"57":0,"58":0,"59":0,"60":0,"61":0,"62":0,"63":0,"64":0,"65":0,"66":0,"67":0,"68":0,"69":0,"70":0,"71":0,"72":0,"73":0,"74":0,"75":0,"76":0,"77":0,"78":34,"79":34,"80":34,"81":0,"82":0,"83":0,"84":0,"85":0,"86":0,"87":0,"88":0,"89":0,"90":0,"91":0,"92":1},"f":{"0":49,"1":0,"2":0,"3":34,"4":0,"5":0},"b":{"0":[0],"1":[0],"2":[0,0],"3":[0],"4":[0],"5":[0],"6":[0,0],"7":[0],"8":[0],"9":[0],"10":[0,0],"11":[0],"12":[0,0],"13":[0,0],"14":[0],"15":[0,0,0],"16":[0,0],"17":[0,0],"18":[0,0],"19":[0,0],"20":[0],"21":[0,0],"22":[0],"23":[0],"24":[0,0],"25":[0]}}
,"/Users/jules/Code/React/Recipe-Extractor-API/src/services/recipeParserService.ts": {"path":"/Users/jules/Code/React/Recipe-Extractor-API/src/services/recipeParserService.ts","statementMap":{"0":{"start":{"line":16,"column":0},"end":{"line":16,"column":16}},"1":{"start":{"line":50,"column":0},"end":{"line":50,"column":16}},"2":{"start":{"line":73,"column":0},"end":{"line":73,"column":16}},"3":{"start":{"line":85,"column":0},"end":{"line":85,"column":16}},"4":{"start":{"line":96,"column":0},"end":{"line":96,"column":16}},"5":{"start":{"line":113,"column":0},"end":{"line":113,"column":16}},"6":{"start":{"line":170,"column":0},"end":{"line":170,"column":16}},"7":{"start":{"line":188,"column":0},"end":{"line":188,"column":16}},"8":{"start":{"line":235,"column":0},"end":{"line":235,"column":16}},"9":{"start":{"line":243,"column":0},"end":{"line":243,"column":16}},"10":{"start":{"line":249,"column":0},"end":{"line":249,"column":16}},"11":{"start":{"line":280,"column":0},"end":{"line":280,"column":16}},"12":{"start":{"line":305,"column":0},"end":{"line":305,"column":16}},"13":{"start":{"line":320,"column":0},"end":{"line":320,"column":16}},"14":{"start":{"line":1,"column":0},"end":{"line":1,"column":35}},"15":{"start":{"line":2,"column":0},"end":{"line":2,"column":68}},"16":{"start":{"line":3,"column":0},"end":{"line":3,"column":60}},"17":{"start":{"line":5,"column":0},"end":{"line":5,"column":69}},"18":{"start":{"line":7,"column":43},"end":{"line":14,"column":2}},"19":{"start":{"line":17,"column":2},"end":{"line":28,"column":5}},"20":{"start":{"line":18,"column":23},"end":{"line":18,"column":43}},"21":{"start":{"line":19,"column":4},"end":{"line":22,"column":5}},"22":{"start":{"line":20,"column":24},"end":{"line":20,"column":57}},"23":{"start":{"line":21,"column":6},"end":{"line":21,"column":83}},"24":{"start":{"line":23,"column":4},"end":{"line":26,"column":5}},"25":{"start":{"line":24,"column":24},"end":{"line":24,"column":57}},"26":{"start":{"line":25,"column":6},"end":{"line":25,"column":83}},"27":{"start":{"line":27,"column":4},"end":{"line":27,"column":47}},"28":{"start":{"line":32,"column":13},"end":{"line":32,"column":18}},"29":{"start":{"line":34,"column":2},"end":{"line":36,"column":3}},"30":{"start":{"line":35,"column":4},"end":{"line":35,"column":60}},"31":{"start":{"line":37,"column":2},"end":{"line":37,"column":14}},"32":{"start":{"line":41,"column":18},"end":{"line":41,"column":57}},"33":{"start":{"line":42,"column":27},"end":{"line":42,"column":64}},"34":{"start":{"line":43,"column":2},"end":{"line":43,"column":33}},"35":{"start":{"line":47,"column":2},"end":{"line":47,"column":40}},"36":{"start":{"line":51,"column":2},"end":{"line":51,"column":30}},"37":{"start":{"line":51,"column":20},"end":{"line":51,"column":30}},"38":{"start":{"line":53,"column":2},"end":{"line":55,"column":3}},"39":{"start":{"line":54,"column":4},"end":{"line":54,"column":80}},"40":{"start":{"line":57,"column":2},"end":{"line":63,"column":3}},"41":{"start":{"line":58,"column":4},"end":{"line":61,"column":5}},"42":{"start":{"line":59,"column":25},"end":{"line":59,"column":51}},"43":{"start":{"line":60,"column":6},"end":{"line":60,"column":40}},"44":{"start":{"line":60,"column":22},"end":{"line":60,"column":40}},"45":{"start":{"line":62,"column":4},"end":{"line":62,"column":14}},"46":{"start":{"line":65,"column":2},"end":{"line":68,"column":3}},"47":{"start":{"line":66,"column":4},"end":{"line":66,"column":72}},"48":{"start":{"line":66,"column":26},"end":{"line":66,"column":72}},"49":{"start":{"line":67,"column":4},"end":{"line":67,"column":72}},"50":{"start":{"line":67,"column":26},"end":{"line":67,"column":72}},"51":{"start":{"line":70,"column":2},"end":{"line":70,"column":35}},"52":{"start":{"line":74,"column":2},"end":{"line":74,"column":31}},"53":{"start":{"line":74,"column":14},"end":{"line":74,"column":31}},"54":{"start":{"line":75,"column":2},"end":{"line":79,"column":3}},"55":{"start":{"line":76,"column":20},"end":{"line":76,"column":39}},"56":{"start":{"line":77,"column":4},"end":{"line":77,"column":60}},"57":{"start":{"line":77,"column":34},"end":{"line":77,"column":60}},"58":{"start":{"line":78,"column":4},"end":{"line":78,"column":19}},"59":{"start":{"line":80,"column":2},"end":{"line":80,"column":60}},"60":{"start":{"line":80,"column":28},"end":{"line":80,"column":60}},"61":{"start":{"line":81,"column":2},"end":{"line":81,"column":79}},"62":{"start":{"line":81,"column":46},"end":{"line":81,"column":79}},"63":{"start":{"line":82,"column":2},"end":{"line":82,"column":19}},"64":{"start":{"line":86,"column":2},"end":{"line":86,"column":27}},"65":{"start":{"line":86,"column":17},"end":{"line":86,"column":27}},"66":{"start":{"line":87,"column":2},"end":{"line":87,"column":66}},"67":{"start":{"line":87,"column":36},"end":{"line":87,"column":66}},"68":{"start":{"line":88,"column":2},"end":{"line":88,"column":69}},"69":{"start":{"line":88,"column":31},"end":{"line":88,"column":69}},"70":{"start":{"line":89,"column":2},"end":{"line":92,"column":3}},"71":{"start":{"line":90,"column":4},"end":{"line":90,"column":58}},"72":{"start":{"line":90,"column":23},"end":{"line":90,"column":58}},"73":{"start":{"line":91,"column":4},"end":{"line":91,"column":58}},"74":{"start":{"line":91,"column":23},"end":{"line":91,"column":58}},"75":{"start":{"line":93,"column":2},"end":{"line":93,"column":12}},"76":{"start":{"line":97,"column":2},"end":{"line":97,"column":24}},"77":{"start":{"line":97,"column":14},"end":{"line":97,"column":24}},"78":{"start":{"line":98,"column":2},"end":{"line":101,"column":3}},"79":{"start":{"line":99,"column":20},"end":{"line":99,"column":39}},"80":{"start":{"line":100,"column":4},"end":{"line":100,"column":36}},"81":{"start":{"line":102,"column":2},"end":{"line":102,"column":39}},"82":{"start":{"line":102,"column":29},"end":{"line":102,"column":39}},"83":{"start":{"line":104,"column":2},"end":{"line":110,"column":47}},"84":{"start":{"line":106,"column":6},"end":{"line":106,"column":62}},"85":{"start":{"line":106,"column":36},"end":{"line":106,"column":62}},"86":{"start":{"line":107,"column":6},"end":{"line":107,"column":60}},"87":{"start":{"line":107,"column":29},"end":{"line":107,"column":60}},"88":{"start":{"line":108,"column":6},"end":{"line":108,"column":32}},"89":{"start":{"line":110,"column":30},"end":{"line":110,"column":45}},"90":{"start":{"line":114,"column":2},"end":{"line":114,"column":31}},"91":{"start":{"line":114,"column":21},"end":{"line":114,"column":31}},"92":{"start":{"line":115,"column":2},"end":{"line":118,"column":3}},"93":{"start":{"line":116,"column":20},"end":{"line":116,"column":46}},"94":{"start":{"line":117,"column":4},"end":{"line":117,"column":36}},"95":{"start":{"line":119,"column":2},"end":{"line":119,"column":46}},"96":{"start":{"line":119,"column":36},"end":{"line":119,"column":46}},"97":{"start":{"line":121,"column":27},"end":{"line":121,"column":29}},"98":{"start":{"line":122,"column":2},"end":{"line":165,"column":5}},"99":{"start":{"line":123,"column":4},"end":{"line":127,"column":5}},"100":{"start":{"line":124,"column":22},"end":{"line":124,"column":47}},"101":{"start":{"line":125,"column":6},"end":{"line":125,"column":40}},"102":{"start":{"line":125,"column":19},"end":{"line":125,"column":40}},"103":{"start":{"line":126,"column":6},"end":{"line":126,"column":13}},"104":{"start":{"line":129,"column":4},"end":{"line":133,"column":5}},"105":{"start":{"line":130,"column":22},"end":{"line":130,"column":52}},"106":{"start":{"line":131,"column":6},"end":{"line":131,"column":40}},"107":{"start":{"line":131,"column":19},"end":{"line":131,"column":40}},"108":{"start":{"line":132,"column":6},"end":{"line":132,"column":13}},"109":{"start":{"line":135,"column":4},"end":{"line":135,"column":64}},"110":{"start":{"line":135,"column":57},"end":{"line":135,"column":64}},"111":{"start":{"line":137,"column":4},"end":{"line":148,"column":5}},"112":{"start":{"line":138,"column":6},"end":{"line":146,"column":9}},"113":{"start":{"line":139,"column":8},"end":{"line":145,"column":9}},"114":{"start":{"line":140,"column":26},"end":{"line":140,"column":49}},"115":{"start":{"line":141,"column":10},"end":{"line":141,"column":44}},"116":{"start":{"line":141,"column":23},"end":{"line":141,"column":44}},"117":{"start":{"line":142,"column":15},"end":{"line":145,"column":9}},"118":{"start":{"line":143,"column":26},"end":{"line":143,"column":49}},"119":{"start":{"line":144,"column":10},"end":{"line":144,"column":44}},"120":{"start":{"line":144,"column":23},"end":{"line":144,"column":44}}
[...]
,"/Users/jules/Code/React/Recipe-Extractor-API/src/social/services/socialExtractionService.ts": {"path":"/Users/jules/Code/React/Recipe-Extractor-API/src/social/services/socialExtractionService.ts","statementMap":{"0":{"start":{"line":1,"column":0},"end":{"line":1,"column":63}},"1":{"start":{"line":6,"column":0},"end":{"line":6,"column":98}},"2":{"start":{"line":10,"column":2},"end":{"line":10,"column":63}},"3":{"start":{"line":15,"column":21},"end":{"line":15,"column":55}},"4":{"start":{"line":16,"column":21},"end":{"line":16,"column":57}},"5":{"start":{"line":17,"column":21},"end":{"line":17,"column":55}},"6":{"start":{"line":18,"column":21},"end":{"line":18,"column":44}},"7":{"start":{"line":19,"column":21},"end":{"line":19,"column":42}},"8":{"start":{"line":23,"column":19},"end":{"line":23,"column":67}},"9":{"start":{"line":24,"column":4},"end":{"line":24,"column":25}},"10":{"start":{"line":30,"column":22},"end":{"line":30,"column":32}},"11":{"start":{"line":31,"column":53},"end":{"line":31,"column":74}},"12":{"start":{"line":34,"column":4},"end":{"line":42,"column":5}},"13":{"start":{"line":35,"column":6},"end":{"line":35,"column":75}},"14":{"start":{"line":36,"column":6},"end":{"line":36,"column":60}},"15":{"start":{"line":37,"column":6},"end":{"line":37,"column":49}},"16":{"start":{"line":38,"column":6},"end":{"line":38,"column":54}},"17":{"start":{"line":40,"column":6},"end":{"line":40,"column":62}},"18":{"start":{"line":40,"column":50},"end":{"line":40,"column":62}},"19":{"start":{"line":41,"column":6},"end":{"line":41,"column":95}},"20":{"start":{"line":44,"column":21},"end":{"line":44,"column":82}},"21":{"start":{"line":45,"column":19},"end":{"line":45,"column":43}},"22":{"start":{"line":46,"column":4},"end":{"line":57,"column":5}},"23":{"start":{"line":47,"column":6},"end":{"line":56,"column":8}},"24":{"start":{"line":59,"column":4},"end":{"line":105,"column":5}},"25":{"start":{"line":60,"column":30},"end":{"line":60,"column":40}},"26":{"start":{"line":61,"column":23},"end":{"line":65,"column":8}},"27":{"start":{"line":66,"column":6},"end":{"line":66,"column":58}},"28":{"start":{"line":67,"column":6},"end":{"line":67,"column":55}},"29":{"start":{"line":68,"column":6},"end":{"line":68,"column":34}},"30":{"start":{"line":70,"column":6},"end":{"line":75,"column":7}},"31":{"start":{"line":71,"column":8},"end":{"line":74,"column":11}},"32":{"start":{"line":77,"column":29},"end":{"line":77,"column":39}},"33":{"start":{"line":78,"column":20},"end":{"line":78,"column":57}},"34":{"start":{"line":79,"column":6},"end":{"line":79,"column":56}},"35":{"start":{"line":80,"column":26},"end":{"line":80,"column":76}},"36":{"start":{"line":81,"column":21},"end":{"line":81,"column":64}},"37":{"start":{"line":82,"column":6},"end":{"line":82,"column":39}},"38":{"start":{"line":83,"column":6},"end":{"line":83,"column":51}},"39":{"start":{"line":85,"column":6},"end":{"line":87,"column":7}},"40":{"start":{"line":86,"column":8},"end":{"line":86,"column":43}},"41":{"start":{"line":89,"column":6},"end":{"line":89,"column":37}},"42":{"start":{"line":91,"column":6},"end":{"line":98,"column":7}},"43":{"start":{"line":92,"column":8},"end":{"line":97,"column":11}},"44":{"start":{"line":100,"column":6},"end":{"line":104,"column":9}},"45":{"start":{"line":109,"column":4},"end":{"line":109,"column":23}},"46":{"start":{"line":13,"column":0},"end":{"line":13,"column":13}}},"fnMap":{"0":{"name":"hasUsableSocialText","decl":{"start":{"line":9,"column":9},"end":{"line":9,"column":28}},"loc":{"start":{"line":9,"column":54},"end":{"line":11,"column":1}}},"1":{"name":"(anonymous_1)","decl":{"start":{"line":14,"column":2},"end":{"line":14,"column":null}},"loc":{"start":{"line":19,"column":42},"end":{"line":20,"column":6}}},"2":{"name":"(anonymous_2)","decl":{"start":{"line":22,"column":2},"end":{"line":22,"column":7}},"loc":{"start":{"line":22,"column":54},"end":{"line":25,"column":3}}},"3":{"name":"(anonymous_3)","decl":{"start":{"line":27,"column":2},"end":{"line":27,"column":7}},"loc":{"start":{"line":28,"column":36},"end":{"line":106,"column":3}}},"4":{"name":"(anonymous_4)","decl":{"start":{"line":108,"column":2},"end":{"line":108,"column":19}},"loc":{"start":{"line":108,"column":19},"end":{"line":110,"column":3}}}},"branchMap":{"0":{"loc":{"start":{"line":10,"column":9},"end":{"line":10,"column":62}},"type":"binary-expr","locations":[{"start":{"line":10,"column":9},"end":{"line":10,"column":34}},{"start":{"line":10,"column":38},"end":{"line":10,"column":62}}]},"1":{"loc":{"start":{"line":38,"column":28},"end":{"line":38,"column":53}},"type":"binary-expr","locations":[{"start":{"line":38,"column":28},"end":{"line":38,"column":43}},{"start":{"line":38,"column":47},"end":{"line":38,"column":53}}]},"2":{"loc":{"start":{"line":40,"column":6},"end":{"line":40,"column":62}},"type":"if","locations":[{"start":{"line":40,"column":6},"end":{"line":40,"column":62}}]},"3":{"loc":{"start":{"line":44,"column":55},"end":{"line":44,"column":80}},"type":"binary-expr","locations":[{"start":{"line":44,"column":55},"end":{"line":44,"column":70}},{"start":{"line":44,"column":74},"end":{"line":44,"column":80}}]},"4":{"loc":{"start":{"line":46,"column":4},"end":{"line":57,"column":5}},"type":"if","locations":[{"start":{"line":46,"column":4},"end":{"line":57,"column":5}}]},"5":{"loc":{"start":{"line":64,"column":17},"end":{"line":64,"column":42}},"type":"binary-expr","locations":[{"start":{"line":64,"column":17},"end":{"line":64,"column":32}},{"start":{"line":64,"column":36},"end":{"line":64,"column":42}}]},"6":{"loc":{"start":{"line":70,"column":6},"end":{"line":75,"column":7}},"type":"if","locations":[{"start":{"line":70,"column":6},"end":{"line":75,"column":7}}]},"7":{"loc":{"start":{"line":70,"column":10},"end":{"line":70,"column":92}},"type":"binary-expr","locations":[{"start":{"line":70,"column":10},"end":{"line":70,"column":48}},{"start":{"line":70,"column":52},"end":{"line":70,"column":92}}]},"8":{"loc":{"start":{"line":85,"column":6},"end":{"line":87,"column":7}},"type":"if","locations":[{"start":{"line":85,"column":6},"end":{"line":87,"column":7}}]},"9":{"loc":{"start":{"line":91,"column":6},"end":{"line":98,"column":7}},"type":"if","locations":[{"start":{"line":91,"column":6},"end":{"line":98,"column":7}}]},"10":{"loc":{"start":{"line":94,"column":14},"end":{"line":94,"column":38}},"type":"binary-expr","locations":[{"start":{"line":94,"column":14},"end":{"line":94,"column":32}},{"start":{"line":94,"column":36},"end":{"line":94,"column":38}}]},"11":{"loc":{"start":{"line":95,"column":24},"end":{"line":95,"column":69}},"type":"cond-expr","locations":[{"start":{"line":95,"column":51},"end":{"line":95,"column":58}},{"start":{"line":95,"column":61},"end":{"line":95,"column":69}}]},"12":{"loc":{"start":{"line":102,"column":22},"end":{"line":102,"column":67}},"type":"cond-expr","locations":[{"start":{"line":102,"column":49},"end":{"line":102,"column":56}},{"start":{"line":102,"column":59},"end":{"line":102,"column":67}}]}},"s":{"0":1,"1":1,"2":7,"3":49,"4":49,"5":49,"6":49,"7":49,"8":12,"9":4,"10":14,"11":14,"12":14,"13":14,"14":10,"15":10,"16":10,"17":4,"18":4,"19":0,"20":10,"21":10,"22":10,"23":2,"24":8,"25":8,"26":8,"27":6,"28":6,"29":6,"30":6,"31":1,"32":5,"33":5,"34":4,"35":4,"36":4,"37":4,"38":4,"39":4,"40":0,"41":4,"42":4,"43":2,"44":2,"45":34,"46":1},"f":{"0":7,"1":49,"2":12,"3":14,"4":34},"b":{"0":[7,7],"1":[10,10],"2":[4],"3":[10,10],"4":[2],"5":[8,8],"6":[1],"7":[6,1],"8":[0],"9":[2],"10":[2,0],"11":[1,1],"12":[1,1]}}
,"/Users/jules/Code/React/Recipe-Extractor-API/src/social/services/socialRecipeNormalizer.ts": {"path":"/Users/jules/Code/React/Recipe-Extractor-API/src/social/services/socialRecipeNormalizer.ts","statementMap":{"0":{"start":{"line":16,"column":0},"end":{"line":16,"column":16}},"1":{"start":{"line":41,"column":0},"end":{"line":41,"column":16}},"2":{"start":{"line":3,"column":0},"end":{"line":3,"column":82}},"3":{"start":{"line":6,"column":2},"end":{"line":6,"column":55}},"4":{"start":{"line":10,"column":2},"end":{"line":10,"column":39}},"5":{"start":{"line":10,"column":29},"end":{"line":10,"column":39}},"6":{"start":{"line":11,"column":2},"end":{"line":13,"column":21}},"7":{"start":{"line":12,"column":20},"end":{"line":12,"column":42}},"8":{"start":{"line":17,"column":22},"end":{"line":17,"column":61}},"9":{"start":{"line":18,"column":23},"end":{"line":18,"column":63}},"10":{"start":{"line":19,"column":16},"end":{"line":19,"column":49}},"11":{"start":{"line":21,"column":4},"end":{"line":21,"column":130}},"12":{"start":{"line":23,"column":2},"end":{"line":38,"column":4}},"13":{"start":{"line":42,"column":2},"end":{"line":42,"column":13}},"14":{"start":{"line":43,"column":2},"end":{"line":43,"column":21}},"15":{"start":{"line":44,"column":2},"end":{"line":44,"column":15}}},"fnMap":{"0":{"name":"normalizeString","decl":{"start":{"line":5,"column":9},"end":{"line":5,"column":24}},"loc":{"start":{"line":5,"column":39},"end":{"line":7,"column":1}}},"1":{"name":"normalizeStringArray","decl":{"start":{"line":9,"column":9},"end":{"line":9,"column":29}},"loc":{"start":{"line":9,"column":44},"end":{"line":14,"column":1}}},"2":{"name":"(anonymous_2)","decl":{"start":{"line":12,"column":9},"end":{"line":12,"column":10}},"loc":{"start":{"line":12,"column":20},"end":{"line":12,"column":42}}},"3":{"name":"normalizeSocialRecipeDraft","decl":{"start":{"line":16,"column":16},"end":{"line":16,"column":42}},"loc":{"start":{"line":16,"column":93},"end":{"line":39,"column":1}}},"4":{"name":"isWeakSocialRecipeDraft","decl":{"start":{"line":41,"column":16},"end":{"line":41,"column":39}},"loc":{"start":{"line":41,"column":87},"end":{"line":45,"column":1}}}},"branchMap":{"0":{"loc":{"start":{"line":6,"column":9},"end":{"line":6,"column":54}},"type":"cond-expr","locations":[{"start":{"line":6,"column":37},"end":{"line":6,"column":49}},{"start":{"line":6,"column":52},"end":{"line":6,"column":54}}]},"1":{"loc":{"start":{"line":10,"column":2},"end":{"line":10,"column":39}},"type":"if","locations":[{"start":{"line":10,"column":2},"end":{"line":10,"column":39}}]},"2":{"loc":{"start":{"line":21,"column":4},"end":{"line":21,"column":130}},"type":"binary-expr","locations":[{"start":{"line":21,"column":4},"end":{"line":21,"column":32}},{"start":{"line":21,"column":36},"end":{"line":21,"column":83}},{"start":{"line":21,"column":87},"end":{"line":21,"column":130}}]},"3":{"loc":{"start":{"line":24,"column":11},"end":{"line":24,"column":99}},"type":"binary-expr","locations":[{"start":{"line":24,"column":11},"end":{"line":24,"column":39}},{"start":{"line":24,"column":43},"end":{"line":24,"column":78}},{"start":{"line":24,"column":82},"end":{"line":24,"column":99}}]},"4":{"loc":{"start":{"line":25,"column":17},"end":{"line":25,"column":88}},"type":"binary-expr","locations":[{"start":{"line":25,"column":17},"end":{"line":25,"column":51}},{"start":{"line":25,"column":55},"end":{"line":25,"column":88}}]}},"s":{"0":1,"1":1,"2":1,"3":63,"4":15,"5":0,"6":15,"7":14,"8":5,"9":5,"10":5,"11":5,"12":5,"13":5,"14":5,"15":5},"f":{"0":63,"1":15,"2":14,"3":5,"4":5},"b":{"0":[62,1],"1":[0],"2":[5,5,1],"3":[5,2,0],"4":[5,1]}}
,"/Users/jules/Code/React/Recipe-Extractor-API/src/social/services/socialUrlService.ts": {"path":"/Users/jules/Code/React/Recipe-Extractor-API/src/social/services/socialUrlService.ts","statementMap":{"0":{"start":{"line":1,"column":0},"end":{"line":1,"column":63}},"1":{"start":{"line":5,"column":57},"end":{"line":9,"column":2}},"2":{"start":{"line":12,"column":31},"end":{"line":12,"column":49}},"3":{"start":{"line":15,"column":16},"end":{"line":15,"column":63}},"4":{"start":{"line":16,"column":21},"end":{"line":16,"column":47}},"5":{"start":{"line":17,"column":21},"end":{"line":17,"column":50}},"6":{"start":{"line":19,"column":4},"end":{"line":21,"column":5}},"7":{"start":{"line":20,"column":6},"end":{"line":20,"column":123}},"8":{"start":{"line":23,"column":4},"end":{"line":23,"column":18}},"9":{"start":{"line":25,"column":4},"end":{"line":25,"column":45}},"10":{"start":{"line":26,"column":4},"end":{"line":26,"column":48}},"11":{"start":{"line":28,"column":4},"end":{"line":32,"column":6}},"12":{"start":{"line":36,"column":4},"end":{"line":40,"column":5}},"13":{"start":{"line":37,"column":6},"end":{"line":39,"column":7}},"14":{"start":{"line":37,"column":42},"end":{"line":37,"column":100}},"15":{"start":{"line":38,"column":8},"end":{"line":38,"column":24}},"16":{"start":{"line":42,"column":4},"end":{"line":42,"column":16}},"17":{"start":{"line":46,"column":4},"end":{"line":54,"column":5}},"18":{"start":{"line":47,"column":6},"end":{"line":52,"column":7}},"19":{"start":{"line":48,"column":8},"end":{"line":51,"column":11}},"20":{"start":{"line":53,"column":6},"end":{"line":53,"column":13}},"21":{"start":{"line":56,"column":4},"end":{"line":61,"column":5}},"22":{"start":{"line":57,"column":6},"end":{"line":60,"column":9}},"23":{"start":{"line":63,"column":4},"end":{"line":82,"column":5}},"24":{"start":{"line":64,"column":6},"end":{"line":72,"column":7}},"25":{"start":{"line":65,"column":8},"end":{"line":70,"column":9}},"26":{"start":{"line":66,"column":10},"end":{"line":69,"column":13}},"27":{"start":{"line":71,"column":8},"end":{"line":71,"column":15}},"28":{"start":{"line":74,"column":23},"end":{"line":74,"column":60}},"29":{"start":{"line":75,"column":22},"end":{"line":75,"column":78}},"30":{"start":{"line":76,"column":6},"end":{"line":81,"column":7}},"31":{"start":{"line":77,"column":8},"end":{"line":80,"column":11}},"32":{"start":{"line":86,"column":4},"end":{"line":93,"column":5}},"33":{"start":{"line":87,"column":22},"end":{"line":87,"column":47}},"34":{"start":{"line":88,"column":6},"end":{"line":88,"column":22}},"35":{"start":{"line":89,"column":6},"end":{"line":91,"column":7}},"36":{"start":{"line":90,"column":8},"end":{"line":90,"column":43}},"37":{"start":{"line":92,"column":6},"end":{"line":92,"column":13}},"38":{"start":{"line":96,"column":4},"end":{"line":96,"column":20}},"39":{"start":{"line":11,"column":0},"end":{"line":11,"column":13}}},"fnMap":{"0":{"name":"(anonymous_0)","decl":{"start":{"line":12,"column":2},"end":{"line":12,"column":31}},"loc":{"start":{"line":12,"column":49},"end":{"line":12,"column":53}}},"1":{"name":"(anonymous_1)","decl":{"start":{"line":14,"column":2},"end":{"line":14,"column":22}},"loc":{"start":{"line":14,"column":39},"end":{"line":33,"column":3}}},"2":{"name":"(anonymous_2)","decl":{"start":{"line":35,"column":10},"end":{"line":35,"column":24}},"loc":{"start":{"line":35,"column":41},"end":{"line":43,"column":3}}},"3":{"name":"(anonymous_3)","decl":{"start":{"line":37,"column":28},"end":{"line":37,"column":29}},"loc":{"start":{"line":37,"column":42},"end":{"line":37,"column":100}}},"4":{"name":"(anonymous_4)","decl":{"start":{"line":45,"column":10},"end":{"line":45,"column":30}},"loc":{"start":{"line":45,"column":65},"end":{"line":83,"column":3}}},"5":{"name":"(anonymous_5)","decl":{"start":{"line":85,"column":10},"end":{"line":85,"column":33}},"loc":{"start":{"line":85,"column":68},"end":{"line":97,"column":3}}}},"branchMap":{"0":{"loc":{"start":{"line":19,"column":4},"end":{"line":21,"column":5}},"type":"if","locations":[{"start":{"line":19,"column":4},"end":{"line":21,"column":5}}]},"1":{"loc":{"start":{"line":37,"column":6},"end":{"line":39,"column":7}},"type":"if","locations":[{"start":{"line":37,"column":6},"end":{"line":39,"column":7}}]},"2":{"loc":{"start":{"line":37,"column":42},"end":{"line":37,"column":100}},"type":"binary-expr","locations":[{"start":{"line":37,"column":42},"end":{"line":37,"column":63}},{"start":{"line":37,"column":67},"end":{"line":37,"column":100}}]},"3":{"loc":{"start":{"line":46,"column":4},"end":{"line":54,"column":5}},"type":"if","locations":[{"start":{"line":46,"column":4},"end":{"line":54,"column":5}}]},"4":{"loc":{"start":{"line":47,"column":6},"end":{"line":52,"column":7}},"type":"if","locations":[{"start":{"line":47,"column":6},"end":{"line":52,"column":7}}]},"5":{"loc":{"start":{"line":56,"column":4},"end":{"line":61,"column":5}},"type":"if","locations":[{"start":{"line":56,"column":4},"end":{"line":61,"column":5}}]},"6":{"loc":{"start":{"line":56,"column":8},"end":{"line":56,"column":78}},"type":"binary-expr","locations":[{"start":{"line":56,"column":8},"end":{"line":56,"column":29}},{"start":{"line":56,"column":33},"end":{"line":56,"column":78}}]},"7":{"loc":{"start":{"line":63,"column":4},"end":{"line":82,"column":5}},"type":"if","locations":[{"start":{"line":63,"column":4},"end":{"line":82,"column":5}}]},"8":{"loc":{"start":{"line":64,"column":6},"end":{"line":72,"column":7}},"type":"if","locations":[{"start":{"line":64,"column":6},"end":{"line":72,"column":7}}]},"9":{"loc":{"start":{"line":65,"column":8},"end":{"line":70,"column":9}},"type":"if","locations":[{"start":{"line":65,"column":8},"end":{"line":70,"column":9}}]},"10":{"loc":{"start":{"line":75,"column":22},"end":{"line":75,"column":78}},"type":"binary-expr","locations":[{"start":{"line":75,"column":22},"end":{"line":75,"column":47}},{"start":{"line":75,"column":51},"end":{"line":75,"column":78}}]},"11":{"loc":{"start":{"line":76,"column":6},"end":{"line":81,"column":7}},"type":"if","locations":[{"start":{"line":76,"column":6},"end":{"line":81,"column":7}}]},"12":{"loc":{"start":{"line":76,"column":10},"end":{"line":76,"column":31}},"type":"binary-expr","locations":[{"start":{"line":76,"column":10},"end":{"line":76,"column":19}},{"start":{"line":76,"column":23},"end":{"line":76,"column":31}}]},"13":{"loc":{"start":{"line":86,"column":4},"end":{"line":93,"column":5}},"type":"if","locations":[{"start":{"line":86,"column":4},"end":{"line":93,"column":5}}]},"14":{"loc":{"start":{"line":86,"column":8},"end":{"line":86,"column":59}},"type":"binary-expr","locations":[{"start":{"line":86,"column":8},"end":{"line":86,"column":30}},{"start":{"line":86,"column":34},"end":{"line":86,"column":59}}]},"15":{"loc":{"start":{"line":89,"column":6},"end":{"line":91,"column":7}},"type":"if","locations":[{"start":{"line":89,"column":6},"end":{"line":91,"column":7}}]}},"s":{"0":1,"1":1,"2":49,"3":18,"4":18,"5":18,"6":18,"7":1,"8":17,"9":17,"10":14,"11":14,"12":18,"13":38,"14":43,"15":17,"16":1,"17":17,"18":2,"19":1,"20":1,"21":15,"22":1,"23":14,"24":3,"25":0,"26":0,"27":0,"28":3,"29":3,"30":3,"31":1,"32":14,"33":1,"34":1,"35":1,"36":1,"37":1,"38":13,"39":1},"f":{"0":49,"1":18,"2":18,"3":43,"4":17,"5":14},"b":{"0":[1],"1":[17],"2":[43,42],"3":[2],"4":[1],"5":[1],"6":[15,12],"7":[3],"8":[0],"9":[0],"10":[3,1],"11":[1],"12":[3,2],"13":[1],"14":[14,2],"15":[1]}}
}
