TN:
SF:src/index.ts
FN:129,(anonymous_0)
FN:73,buildSocialScrapeProvider
FN:77,buildSocialAiProvider
FN:87,buildServices
FN:105,extractRecipe
FN:109,extractRecipeWithDiagnostics
FN:115,extractSocialRecipe
FN:122,extractSocialRecipeWithDiagnostics
FN:133,(anonymous_8)
FN:152,(anonymous_9)
FN:153,(anonymous_10)
FN:154,(anonymous_11)
FN:155,(anonymous_12)
FN:156,(anonymous_13)
FN:157,(anonymous_14)
FN:158,(anonymous_15)
FN:159,(anonymous_16)
FN:166,(anonymous_17)
FN:170,(anonymous_18)
FN:172,(anonymous_19)
FN:183,(anonymous_20)
FN:185,(anonymous_21)
FN:196,(anonymous_22)
FN:200,(anonymous_23)
FN:204,(anonymous_24)
FN:210,(anonymous_25)
FNF:26
FNH:23
FNDA:3,(anonymous_0)
FNDA:39,buildSocialScrapeProvider
FNDA:39,buildSocialAiProvider
FNDA:135,buildServices
FNDA:24,extractRecipe
FNDA:1,extractRecipeWithDiagnostics
FNDA:12,extractSocialRecipe
FNDA:2,extractSocialRecipeWithDiagnostics
FNDA:7,(anonymous_8)
FNDA:1,(anonymous_9)
FNDA:3,(anonymous_10)
FNDA:4,(anonymous_11)
FNDA:0,(anonymous_12)
FNDA:0,(anonymous_13)
FNDA:0,(anonymous_14)
FNDA:3,(anonymous_15)
FNDA:70,(anonymous_16)
FNDA:20,(anonymous_17)
FNDA:22,(anonymous_18)
FNDA:33,(anonymous_19)
FNDA:2,(anonymous_20)
FNDA:3,(anonymous_21)
FNDA:7,(anonymous_22)
FNDA:7,(anonymous_23)
FNDA:38,(anonymous_24)
FNDA:32,(anonymous_25)
DA:2,7
DA:9,7
DA:11,7
DA:13,7
DA:14,7
DA:24,7
DA:25,7
DA:28,7
DA:29,7
DA:30,7
DA:31,7
DA:32,7
DA:33,7
DA:49,7
DA:57,7
DA:59,7
DA:60,7
DA:62,7
DA:63,7
DA:67,7
DA:69,7
DA:70,7
DA:71,7
DA:74,39
DA:78,39
DA:79,39
DA:81,0
DA:84,7
DA:85,7
DA:88,135
DA:89,135
DA:90,135
DA:91,135
DA:92,135
DA:93,135
DA:100,135
DA:103,7
DA:105,7
DA:106,24
DA:109,7
DA:112,1
DA:115,7
DA:119,12
DA:122,7
DA:126,2
DA:129,10
DA:132,7
DA:133,7
DA:152,1
DA:153,3
DA:154,4
DA:155,0
DA:156,0
DA:157,0
DA:158,3
DA:160,70
DA:161,70
DA:162,70
DA:163,70
DA:164,70
DA:167,20
DA:168,20
DA:171,22
DA:173,33
DA:174,18
DA:181,22
DA:184,2
DA:186,3
DA:187,1
DA:194,2
DA:197,7
DA:198,7
DA:201,7
DA:202,7
DA:205,38
DA:206,38
DA:207,38
DA:208,38
DA:211,32
DA:212,32
DA:213,32
LF:81
LH:77
BRDA:78,0,0,39
BRDA:117,1,0,12
BRDA:124,2,0,2
BRF:3
BRH:3
end_of_record
TN:
SF:src/application/appApiKeyAuth.ts
FN:18,normalizeAppApiKeyMode
FN:31,resolveAppApiKeyConfig
FN:42,evaluateAppApiKey
FNF:3
FNH:3
FNDA:12,normalizeAppApiKeyMode
FNDA:5,resolveAppApiKeyConfig
FNDA:7,evaluateAppApiKey
DA:18,1
DA:19,12
DA:20,4
DA:23,8
DA:24,8
DA:25,6
DA:28,2
DA:31,1
DA:35,5
DA:36,5
DA:42,1
DA:46,7
DA:47,1
DA:53,6
DA:54,2
DA:60,4
DA:61,2
DA:67,2
LF:18
LH:18
BRDA:19,0,0,4
BRDA:19,1,0,12
BRDA:19,1,1,12
BRDA:20,2,0,2
BRDA:20,2,1,2
BRDA:24,3,0,6
BRDA:24,4,0,8
BRDA:24,4,1,6
BRDA:24,4,2,4
BRDA:28,5,0,1
BRDA:28,5,1,1
BRDA:31,6,0,0
BRDA:32,7,0,1
BRDA:33,8,0,2
BRDA:35,9,0,5
BRDA:35,9,1,0
BRDA:46,10,0,1
BRDA:46,11,0,7
BRDA:46,11,1,7
BRDA:53,12,0,2
BRDA:53,13,0,6
BRDA:53,13,1,4
BRDA:60,14,0,2
BRF:23
BRH:21
end_of_record
TN:
SF:src/application/config.ts
FNF:0
FNH:0
DA:1,9
DA:2,9
DA:3,9
DA:4,9
DA:5,9
DA:6,9
DA:7,9
DA:8,9
DA:9,9
DA:10,9
DA:11,9
DA:12,9
DA:13,9
DA:17,9
LF:14
LH:14
BRDA:8,0,0,9
BRDA:8,0,1,9
BRDA:9,1,0,9
BRDA:9,1,1,9
BRDA:10,2,0,9
BRDA:10,2,1,9
BRDA:11,3,0,9
BRDA:11,3,1,9
BRDA:12,4,0,9
BRDA:12,4,1,9
BRDA:14,5,0,9
BRDA:14,5,1,9
BRF:12
BRH:12
end_of_record
TN:
SF:src/application/ttlCache.ts
FN:9,(anonymous_0)
FN:11,(anonymous_1)
FN:21,(anonymous_2)
FN:27,(anonymous_3)
FN:31,(anonymous_4)
FNF:5
FNH:5
FNDA:26,(anonymous_0)
FNDA:54,(anonymous_1)
FNDA:25,(anonymous_2)
FNDA:351,(anonymous_3)
FNDA:24,(anonymous_4)
DA:6,8
DA:7,26
DA:9,26
DA:12,54
DA:13,54
DA:14,7
DA:15,1
DA:16,1
DA:18,6
DA:22,25
DA:23,23
DA:24,23
DA:28,351
DA:32,24
DA:34,2
DA:35,2
DA:36,4
DA:37,2
DA:41,2
DA:43,1
DA:44,1
DA:45,1
LF:22
LH:22
BRDA:13,0,0,47
BRDA:14,1,0,1
BRDA:22,2,0,2
BRDA:22,3,0,25
BRDA:22,3,1,24
BRDA:32,4,0,22
BRDA:36,5,0,2
BRDA:41,6,0,1
BRDA:44,7,0,1
BRF:9
BRH:9
end_of_record
TN:
SF:src/domain/errors.ts
FN:6,(anonymous_0)
FNF:1
FNH:1
FNDA:41,(anonymous_0)
DA:1,9
DA:7,41
DA:8,41
DA:9,41
DA:10,41
DA:11,41
LF:6
LH:6
BRF:0
BRH:0
end_of_record
TN:
SF:src/infrastructure/axiosHttpClient.ts
FN:11,(anonymous_1)
FN:13,(anonymous_2)
FN:23,createDefaultAxiosHttpClient
FN:33,(anonymous_4)
FN:52,createFallbackAxiosHttpClient
FN:62,(anonymous_6)
FNF:6
FNH:4
FNDA:14,(anonymous_1)
FNDA:2,(anonymous_2)
FNDA:7,createDefaultAxiosHttpClient
FNDA:0,(anonymous_4)
FNDA:7,createFallbackAxiosHttpClient
FNDA:0,(anonymous_6)
DA:1,7
DA:2,7
DA:3,7
DA:5,7
DA:7,7
DA:8,7
DA:10,7
DA:11,14
DA:14,2
DA:15,0
DA:23,7
DA:24,7
DA:33,0
DA:49,7
DA:52,7
DA:53,7
DA:62,0
DA:75,7
LF:18
LH:15
BRDA:33,0,0,0
BRDA:33,0,1,0
BRDA:62,1,0,0
BRDA:62,1,1,0
BRF:4
BRH:0
end_of_record
TN:
SF:src/services/htmlFetchService.ts
FN:7,sleep
FN:8,(anonymous_2)
FN:11,isTransientAxiosError
FN:20,isBlockLikeAxiosError
FN:27,(anonymous_5)
FN:33,(anonymous_6)
FN:38,(anonymous_7)
FN:71,(anonymous_8)
FNF:8
FNH:8
FNDA:10,sleep
FNDA:10,(anonymous_2)
FNDA:13,isTransientAxiosError
FNDA:15,isBlockLikeAxiosError
FNDA:135,(anonymous_5)
FNDA:3,(anonymous_6)
FNDA:28,(anonymous_7)
FNDA:20,(anonymous_8)
DA:1,7
DA:2,7
DA:3,7
DA:8,10
DA:12,13
DA:13,12
DA:14,12
DA:15,11
DA:21,15
DA:22,14
DA:23,14
DA:26,7
DA:28,135
DA:29,135
DA:30,135
DA:34,3
DA:35,2
DA:39,28
DA:41,28
DA:42,33
DA:43,33
DA:44,18
DA:46,15
DA:47,5
DA:48,5
DA:49,5
DA:50,5
DA:51,5
DA:52,1
DA:54,4
DA:58,14
DA:59,9
DA:62,5
DA:63,5
DA:64,5
DA:68,0
DA:72,20
DA:73,20
DA:75,20
DA:76,26
DA:78,25
DA:79,17
DA:80,17
DA:82,17
DA:83,8
DA:84,8
DA:85,1
DA:88,7
DA:89,7
DA:92,9
DA:93,9
DA:94,1
DA:97,8
DA:98,0
DA:101,8
DA:104,1
DA:108,7
LF:57
LH:55
BRDA:12,0,0,1
BRDA:14,1,0,1
BRDA:14,2,0,12
BRDA:14,2,1,8
BRDA:21,3,0,1
BRDA:23,4,0,14
BRDA:23,4,1,11
BRDA:46,5,0,5
BRDA:46,6,0,15
BRDA:46,6,1,7
BRDA:46,6,2,7
BRDA:58,7,0,9
BRDA:58,8,0,14
BRDA:58,8,1,13
BRDA:82,9,0,8
BRDA:82,10,0,17
BRDA:82,10,1,8
BRDA:84,11,0,1
BRDA:84,12,0,8
BRDA:84,12,1,7
BRDA:84,12,2,7
BRDA:92,13,0,9
BRDA:92,13,1,0
BRDA:93,14,0,1
BRDA:93,15,0,9
BRDA:93,15,1,9
BRDA:93,15,2,1
BRDA:97,16,0,0
BRF:28
BRH:26
end_of_record
TN:
SF:src/services/ingredientDetailParser.ts
FN:73,parseSimpleFraction
FN:77,(anonymous_1)
FN:82,parseQuantityPrefix
FN:141,normalizeRaw
FN:145,parseAlternatives
FN:152,extractParentheticalNotes
FN:155,(anonymous_6)
FN:156,(anonymous_7)
FN:157,(anonymous_8)
FN:160,parseIngredientDetail
FN:225,parseIngredientDetails
FN:226,(anonymous_11)
FNF:12
FNH:12
FNDA:5,parseSimpleFraction
FNDA:8,(anonymous_1)
FNDA:26,parseQuantityPrefix
FNDA:26,normalizeRaw
FNDA:26,parseAlternatives
FNDA:26,extractParentheticalNotes
FNDA:4,(anonymous_6)
FNDA:4,(anonymous_7)
FNDA:4,(anonymous_8)
FNDA:26,parseIngredientDetail
FNDA:13,parseIngredientDetails
FNDA:17,(anonymous_11)
DA:1,9
DA:4,9
DA:44,9
DA:61,9
DA:74,5
DA:75,1
DA:77,8
DA:78,4
DA:79,4
DA:83,26
DA:85,26
DA:86,26
DA:87,2
DA:94,24
DA:95,24
DA:96,1
DA:97,1
DA:98,1
DA:99,1
DA:107,23
DA:108,23
DA:109,1
DA:110,1
DA:111,1
DA:112,1
DA:116,22
DA:117,22
DA:118,1
DA:119,1
DA:120,1
DA:121,1
DA:125,21
DA:126,21
DA:127,1
DA:128,1
DA:129,1
DA:133,20
DA:134,20
DA:135,8
DA:138,12
DA:142,26
DA:146,26
DA:147,26
DA:148,26
DA:149,26
DA:153,26
DA:154,26
DA:155,4
DA:156,4
DA:157,4
DA:160,9
DA:161,26
DA:162,26
DA:169,26
DA:170,26
DA:171,14
DA:172,14
DA:173,14
DA:174,3
DA:175,3
DA:179,26
DA:180,26
DA:181,26
DA:183,26
DA:184,26
DA:185,9
DA:186,9
DA:187,9
DA:188,9
DA:191,26
DA:192,26
DA:193,4
DA:196,26
DA:197,26
DA:198,26
DA:199,1
DA:200,1
DA:203,26
DA:209,26
DA:210,25
DA:211,25
DA:214,26
DA:215,1
DA:218,26
DA:219,25
DA:222,26
DA:225,9
DA:226,17
LF:88
LH:88
BRDA:74,0,0,1
BRDA:78,1,0,0
BRDA:78,2,0,4
BRDA:78,2,1,4
BRDA:86,3,0,2
BRDA:95,4,0,1
BRDA:98,5,0,1
BRDA:98,6,0,1
BRDA:98,6,1,1
BRDA:108,7,0,1
BRDA:111,8,0,1
BRDA:117,9,0,1
BRDA:120,10,0,1
BRDA:126,11,0,1
BRDA:128,12,0,1
BRDA:134,13,0,8
BRDA:148,14,0,1
BRDA:155,15,0,4
BRDA:155,15,1,0
BRDA:170,16,0,14
BRDA:173,17,0,3
BRDA:180,18,0,0
BRDA:184,19,0,9
BRDA:192,20,0,4
BRDA:198,21,0,1
BRDA:200,22,0,1
BRDA:200,22,1,0
BRDA:209,23,0,25
BRDA:211,24,0,25
BRDA:211,24,1,0
BRDA:214,25,0,1
BRDA:214,26,0,26
BRDA:214,26,1,12
BRDA:214,26,2,12
BRDA:218,27,0,25
BRF:35
BRH:30
end_of_record
TN:
SF:src/services/ingredientMigration.ts
FN:4,isObject
FN:8,isIngredientDetail
FN:13,ensureRawField
FN:21,migrateLegacyIngredientItem
FN:33,migrateLegacyIngredientsToDetails
FNF:5
FNH:0
FNDA:0,isObject
FNDA:0,isIngredientDetail
FNDA:0,ensureRawField
FNDA:0,migrateLegacyIngredientItem
FNDA:0,migrateLegacyIngredientsToDetails
DA:2,0
DA:5,0
DA:9,0
DA:10,0
DA:14,0
DA:15,0
DA:16,0
DA:18,0
DA:21,0
DA:22,0
DA:23,0
DA:26,0
DA:27,0
DA:30,0
DA:33,0
DA:34,0
LF:16
LH:0
BRDA:5,0,0,0
BRDA:5,0,1,0
BRDA:9,1,0,0
BRDA:10,2,0,0
BRDA:10,2,1,0
BRDA:14,3,0,0
BRDA:15,4,0,0
BRDA:15,5,0,0
BRDA:15,5,1,0
BRDA:22,6,0,0
BRDA:26,7,0,0
BRDA:30,8,0,0
BRDA:30,8,1,0
BRF:13
BRH:0
end_of_record
TN:
SF:src/services/recipeExtractorService.ts
FN:33,(anonymous_1)
FN:41,(anonymous_2)
FN:46,(anonymous_3)
FN:186,(anonymous_4)
FN:192,(anonymous_5)
FN:213,(anonymous_6)
FNF:6
FNH:6
FNDA:135,(anonymous_1)
FNDA:24,(anonymous_2)
FNDA:25,(anonymous_3)
FNDA:70,(anonymous_4)
FNDA:10,(anonymous_5)
FNDA:13,(anonymous_6)
DA:1,7
DA:2,7
DA:5,7
DA:29,7
DA:30,135
DA:31,135
DA:34,135
DA:35,135
DA:36,135
DA:37,135
DA:38,135
DA:42,24
DA:43,6
DA:47,25
DA:49,25
DA:50,25
DA:51,19
DA:53,6
DA:54,0
DA:57,19
DA:58,19
DA:59,19
DA:60,19
DA:61,1
DA:67,18
DA:68,18
DA:69,1
DA:75,17
DA:76,17
DA:77,1
DA:86,16
DA:87,16
DA:88,7
DA:89,7
DA:90,7
DA:91,7
DA:92,7
DA:94,9
DA:95,1
DA:100,1
DA:101,1
DA:104,8
DA:105,7
DA:106,1
DA:111,1
DA:112,1
DA:114,6
DA:115,3
DA:121,3
DA:122,3
DA:124,3
DA:125,0
DA:131,0
DA:132,0
DA:134,3
DA:135,2
DA:141,2
DA:142,2
DA:144,1
DA:150,1
DA:151,1
DA:154,1
DA:158,1
DA:159,1
DA:163,7
DA:164,7
DA:165,7
DA:166,6
DA:167,6
DA:168,6
DA:170,1
DA:171,1
DA:176,1
DA:177,1
DA:179,0
DA:181,6
DA:182,6
DA:183,6
DA:187,70
DA:188,70
DA:189,70
DA:193,10
DA:194,6
DA:200,10
DA:201,7
DA:202,7
DA:206,3
DA:207,3
DA:208,3
DA:209,1
DA:214,13
DA:215,13
LF:92
LH:87
BRDA:53,0,0,6
BRDA:60,1,0,1
BRDA:60,2,0,19
BRDA:60,2,1,1
BRDA:68,3,0,1
BRDA:76,4,0,1
BRDA:94,5,0,1
BRDA:98,6,0,1
BRDA:98,6,1,1
BRDA:104,7,0,7
BRDA:105,8,0,1
BRDA:114,9,0,3
BRDA:119,10,0,3
BRDA:119,10,1,0
BRDA:124,11,0,0
BRDA:124,12,0,3
BRDA:124,12,1,3
BRDA:129,13,0,0
BRDA:129,13,1,0
BRDA:134,14,0,2
BRDA:134,15,0,3
BRDA:134,15,1,3
BRDA:134,15,2,3
BRDA:139,16,0,2
BRDA:139,16,1,0
BRDA:147,17,0,1
BRDA:147,17,1,0
BRDA:147,18,0,1
BRDA:147,18,1,0
BRDA:148,19,0,1
BRDA:148,19,1,0
BRDA:170,20,0,1
BRDA:174,21,0,1
BRDA:174,21,1,1
BRDA:193,22,0,6
BRDA:200,23,0,7
BRDA:206,24,0,3
BRDA:206,24,1,2
BRDA:208,25,0,1
BRF:39
BRH:31
end_of_record
TN:
SF:src/services/recipeParserService.ts
FN:16,decodeHtmlEntities
FN:17,(anonymous_10)
FN:31,collapseDuplicateParentheses
FN:40,sanitizeText
FN:46,stripHtmlTags
FN:50,normalizeDescription
FN:73,normalizeImage
FN:85,normalizeCategory
FN:96,normalizeNotes
FN:105,(anonymous_18)
FN:110,(anonymous_19)
FN:113,normalizeInstructions
FN:122,(anonymous_21)
FN:138,(anonymous_22)
FN:170,normalizeIngredients
FN:174,(anonymous_24)
FN:179,(anonymous_25)
FN:188,normalizeTimeString
FN:235,normalizeServingSize
FN:243,normalizeDifficulty
FN:249,findRecipeObject
FN:280,extractNotesFromHtml
FN:293,(anonymous_31)
FN:294,(anonymous_32)
FN:305,extractJsonLdBlocks
FN:320,buildRecipeFromSchemaData
FN:341,(anonymous_35)
FN:345,(anonymous_36)
FN:371,(anonymous_37)
FN:373,(anonymous_38)
FN:383,(anonymous_39)
FN:385,(anonymous_40)
FN:389,(anonymous_41)
FN:391,(anonymous_42)
FN:398,(anonymous_43)
FN:400,(anonymous_44)
FN:413,(anonymous_45)
FN:415,(anonymous_46)
FNF:38
FNH:36
FNDA:103,decodeHtmlEntities
FNDA:10,(anonymous_10)
FNDA:72,collapseDuplicateParentheses
FNDA:72,sanitizeText
FNDA:0,stripHtmlTags
FNDA:7,normalizeDescription
FNDA:13,normalizeImage
FNDA:10,normalizeCategory
FNDA:6,normalizeNotes
FNDA:2,(anonymous_18)
FNDA:2,(anonymous_19)
FNDA:9,normalizeInstructions
FNDA:9,(anonymous_21)
FNDA:2,(anonymous_22)
FNDA:9,normalizeIngredients
FNDA:8,(anonymous_24)
FNDA:8,(anonymous_25)
FNDA:14,normalizeTimeString
FNDA:7,normalizeServingSize
FNDA:6,normalizeDifficulty
FNDA:13,findRecipeObject
FNDA:1,extractNotesFromHtml
FNDA:8,(anonymous_31)
FNDA:4,(anonymous_32)
FNDA:8,extractJsonLdBlocks
FNDA:4,buildRecipeFromSchemaData
FNDA:0,(anonymous_35)
FNDA:7,(anonymous_36)
FNDA:5,(anonymous_37)
FNDA:5,(anonymous_38)
FNDA:2,(anonymous_39)
FNDA:2,(anonymous_40)
FNDA:1,(anonymous_41)
FNDA:1,(anonymous_42)
FNDA:2,(anonymous_43)
FNDA:2,(anonymous_44)
FNDA:1,(anonymous_45)
FNDA:1,(anonymous_46)
DA:1,9
DA:2,9
DA:3,9
DA:5,9
DA:7,9
DA:16,9
DA:17,103
DA:18,10
DA:19,10
DA:20,1
DA:21,1
DA:23,9
DA:24,1
DA:25,1
DA:27,8
DA:32,72
DA:34,72
DA:35,2
DA:37,72
DA:41,72
DA:42,72
DA:43,72
DA:47,0
DA:50,9
DA:51,7
DA:53,0
DA:54,0
DA:57,0
DA:58,0
DA:59,0
DA:60,0
DA:62,0
DA:65,0
DA:66,0
DA:67,0
DA:70,0
DA:73,9
DA:74,13
DA:75,7
DA:76,5
DA:77,5
DA:78,3
DA:80,2
DA:81,1
DA:82,0
DA:85,9
DA:86,10
DA:87,7
DA:88,4
DA:89,3
DA:90,3
DA:91,2
DA:93,1
DA:96,9
DA:97,6
DA:98,2
DA:99,1
DA:100,1
DA:102,1
DA:104,1
DA:106,2
DA:107,1
DA:108,0
DA:110,2
DA:113,9
DA:114,9
DA:115,8
DA:116,1
DA:117,1
DA:119,7
DA:121,7
DA:122,7
DA:123,9
DA:124,2
DA:125,2
DA:126,2
DA:129,7
DA:130,4
DA:131,4
DA:132,4
DA:135,3
DA:137,3
DA:138,1
DA:139,2
DA:140,1
DA:141,1
DA:142,1
DA:143,1
DA:144,1
DA:147,1
DA:150,2
DA:151,1
DA:152,0
DA:153,0
DA:154,1
DA:155,1
DA:156,1
DA:158,1
DA:161,1
DA:162,1
DA:163,0
DA:167,7
DA:170,9
DA:171,9
DA:172,8
DA:173,7
DA:175,8
DA:176,1
DA:177,0
DA:179,8
DA:181,1
DA:182,1
DA:183,1
DA:185,0
DA:188,9
DA:189,14
DA:191,6
DA:192,4
DA:194,4
DA:195,2
DA:196,2
DA:197,2
DA:198,2
DA:199,2
DA:200,2
DA:201,2
DA:204,2
DA:205,2
DA:206,2
DA:207,2
DA:208,2
DA:209,2
DA:210,2
DA:213,0
DA:214,0
DA:217,2
DA:218,2
DA:219,1
DA:220,1
DA:222,1
DA:223,1
DA:224,1
DA:225,1
DA:226,1
DA:230,0
DA:231,0
DA:232,0
DA:235,9
DA:236,7
DA:237,4
DA:238,3
DA:239,2
DA:240,1
DA:243,9
DA:244,6
DA:245,2
DA:246,1
DA:249,9
DA:250,13
DA:252,10
DA:253,2
DA:254,4
DA:255,4
DA:257,0
DA:260,8
DA:261,8
DA:262,4
DA:265,4
DA:266,2
DA:267,2
DA:270,2
DA:271,2
DA:272,2
DA:273,2
DA:277,2
DA:280,9
DA:281,1
DA:282,1
DA:293,1
DA:294,8
DA:295,4
DA:296,4
DA:297,2
DA:302,1
DA:305,9
DA:306,8
DA:308,8
DA:311,8
DA:312,6
DA:313,6
DA:314,6
DA:317,8
DA:320,9
DA:321,4
DA:322,4
DA:340,9
DA:342,0
DA:346,7
DA:347,7
DA:348,4
DA:349,4
DA:350,3
DA:351,3
DA:352,3
DA:359,4
DA:361,4
DA:363,4
DA:364,1
DA:367,3
DA:368,3
DA:369,3
DA:371,5
DA:373,5
DA:375,3
DA:376,3
DA:378,3
DA:379,2
DA:380,2
DA:381,1
DA:383,2
DA:385,2
DA:386,1
DA:387,1
DA:389,1
DA:391,1
DA:393,0
DA:394,0
DA:397,1
DA:398,2
DA:400,2
DA:403,3
DA:404,3
DA:405,3
DA:406,3
DA:407,3
DA:408,3
DA:409,3
DA:410,3
DA:411,3
DA:413,1
DA:415,1
DA:417,3
DA:418,3
DA:419,3
DA:421,3
DA:423,3
LF:246
LH:218
BRDA:19,0,0,1
BRDA:21,1,0,0
BRDA:21,1,1,1
BRDA:23,2,0,1
BRDA:25,3,0,0
BRDA:25,3,1,1
BRDA:27,4,0,8
BRDA:27,4,1,1
BRDA:34,5,0,74
BRDA:34,5,1,72
BRDA:41,6,0,72
BRDA:41,6,1,0
BRDA:51,7,0,7
BRDA:53,8,0,0
BRDA:57,9,0,0
BRDA:60,10,0,0
BRDA:65,11,0,0
BRDA:66,12,0,0
BRDA:67,13,0,0
BRDA:74,14,0,6
BRDA:75,15,0,5
BRDA:77,16,0,2
BRDA:80,17,0,1
BRDA:81,18,0,1
BRDA:81,19,0,1
BRDA:81,19,1,1
BRDA:86,20,0,3
BRDA:87,21,0,3
BRDA:88,22,0,1
BRDA:89,23,0,3
BRDA:90,24,0,1
BRDA:91,25,0,1
BRDA:97,26,0,4
BRDA:98,27,0,1
BRDA:100,28,0,1
BRDA:100,28,1,0
BRDA:102,29,0,0
BRDA:106,30,0,1
BRDA:107,31,0,1
BRDA:107,32,0,1
BRDA:107,32,1,1
BRDA:114,33,0,1
BRDA:115,34,0,1
BRDA:117,35,0,1
BRDA:117,35,1,0
BRDA:119,36,0,0
BRDA:123,37,0,2
BRDA:125,38,0,2
BRDA:129,39,0,4
BRDA:129,40,0,7
BRDA:129,40,1,7
BRDA:131,41,0,4
BRDA:135,42,0,0
BRDA:135,43,0,3
BRDA:135,43,1,3
BRDA:137,44,0,1
BRDA:137,45,0,3
BRDA:137,45,1,1
BRDA:139,46,0,1
BRDA:139,46,1,1
BRDA:141,47,0,1
BRDA:142,48,0,1
BRDA:144,49,0,1
BRDA:150,50,0,1
BRDA:151,51,0,0
BRDA:151,51,1,1
BRDA:153,52,0,0
BRDA:154,53,0,1
BRDA:156,54,0,1
BRDA:162,55,0,0
BRDA:162,56,0,1
BRDA:162,56,1,1
BRDA:162,56,2,1
BRDA:171,57,0,1
BRDA:172,58,0,7
BRDA:175,59,0,7
BRDA:176,60,0,1
BRDA:176,61,0,1
BRDA:176,61,1,1
BRDA:181,62,0,1
BRDA:183,63,0,1
BRDA:183,63,1,0
BRDA:189,64,0,8
BRDA:191,65,0,4
BRDA:194,66,0,2
BRDA:199,67,0,1
BRDA:200,68,0,2
BRDA:206,69,0,2
BRDA:206,70,0,2
BRDA:206,70,1,1
BRDA:208,71,0,1
BRDA:209,72,0,2
BRDA:214,73,0,0
BRDA:214,73,1,0
BRDA:217,74,0,2
BRDA:218,75,0,1
BRDA:218,76,0,2
BRDA:218,76,1,1
BRDA:219,77,0,1
BRDA:219,77,1,0
BRDA:220,78,0,1
BRDA:222,79,0,1
BRDA:222,80,0,1
BRDA:222,80,1,0
BRDA:224,81,0,1
BRDA:225,82,0,1
BRDA:232,83,0,0
BRDA:232,83,1,0
BRDA:236,84,0,3
BRDA:237,85,0,1
BRDA:238,86,0,1
BRDA:239,87,0,1
BRDA:239,88,0,1
BRDA:239,88,1,0
BRDA:244,89,0,4
BRDA:245,90,0,1
BRDA:250,91,0,3
BRDA:250,92,0,13
BRDA:250,92,1,12
BRDA:252,93,0,2
BRDA:255,94,0,2
BRDA:261,95,0,4
BRDA:261,96,0,8
BRDA:261,96,1,4
BRDA:261,96,2,0
BRDA:265,97,0,2
BRDA:267,98,0,2
BRDA:271,99,0,2
BRDA:273,100,0,0
BRDA:296,101,0,2
BRDA:296,102,0,4
BRDA:296,102,1,4
BRDA:313,103,0,0
BRDA:313,104,0,6
BRDA:313,104,1,6
BRDA:323,105,0,4
BRDA:323,105,1,0
BRDA:323,105,2,0
BRDA:328,106,0,4
BRDA:328,106,1,3
BRDA:330,107,0,4
BRDA:330,107,1,3
BRDA:331,108,0,4
BRDA:331,108,1,4
BRDA:332,109,0,4
BRDA:332,109,1,4
BRDA:333,110,0,4
BRDA:333,110,1,4
BRDA:334,111,0,4
BRDA:334,111,1,4
BRDA:335,112,0,4
BRDA:335,112,1,3
BRDA:335,112,2,3
BRDA:351,113,0,3
BRDA:363,114,0,1
BRDA:378,115,0,2
BRDA:378,115,1,1
BRDA:380,116,0,1
BRDA:380,116,1,1
BRDA:386,117,0,1
BRDA:386,117,1,0
BRDA:394,118,0,0
BRDA:403,119,0,3
BRDA:403,119,1,2
BRDA:405,120,0,1
BRDA:405,120,1,2
BRDA:407,121,0,0
BRDA:407,121,1,3
BRDA:410,122,0,3
BRDA:410,122,1,3
BRDA:410,122,2,3
BRDA:410,122,3,3
BRDA:434,123,0,1
BRDA:434,123,1,2
BRDA:435,124,0,1
BRDA:435,124,1,2
BRDA:436,125,0,1
BRDA:436,125,1,2
BRDA:437,126,0,1
BRDA:437,126,1,2
BRF:180
BRH:147
end_of_record
TN:
SF:src/services/urlGuardService.ts
FN:8,isPrivateOrReservedIPv4
FN:10,(anonymous_1)
FN:27,isPrivateOrReservedIPv6
FN:52,isPrivateOrReservedAddress
FN:59,(anonymous_4)
FN:65,(anonymous_5)
FN:67,(anonymous_6)
FN:117,(anonymous_7)
FNF:8
FNH:7
FNDA:31,isPrivateOrReservedIPv4
FNDA:124,(anonymous_1)
FNDA:4,isPrivateOrReservedIPv6
FNDA:27,isPrivateOrReservedAddress
FNDA:0,(anonymous_4)
FNDA:135,(anonymous_5)
FNDA:56,(anonymous_6)
FNDA:27,(anonymous_7)
DA:1,7
DA:2,7
DA:3,7
DA:8,7
DA:9,31
DA:10,124
DA:11,0
DA:14,31
DA:15,31
DA:16,29
DA:17,29
DA:18,29
DA:19,29
DA:20,28
DA:21,26
DA:22,26
DA:23,26
DA:24,26
DA:27,7
DA:28,4
DA:29,4
DA:52,7
DA:53,27
DA:54,27
DA:55,0
DA:56,0
DA:59,7
DA:60,0
DA:61,0
DA:64,7
DA:65,135
DA:68,56
DA:69,0
DA:72,56
DA:73,56
DA:74,1
DA:77,55
DA:78,1
DA:82,54
DA:83,54
DA:85,1
DA:88,53
DA:89,3
DA:92,50
DA:93,0
DA:96,50
DA:97,2
DA:100,48
DA:101,2
DA:104,46
DA:105,46
DA:111,2
DA:114,44
DA:118,27
DA:119,27
DA:120,27
DA:121,1
DA:125,26
DA:126,26
DA:128,0
DA:131,26
DA:132,0
DA:135,26
DA:136,26
DA:137,1
DA:143,7
LF:66
LH:57
BRDA:10,0,0,0
BRDA:10,1,0,31
BRDA:10,1,1,31
BRDA:15,2,0,2
BRDA:16,3,0,0
BRDA:17,4,0,0
BRDA:18,5,0,0
BRDA:18,6,0,29
BRDA:18,6,1,0
BRDA:19,7,0,1
BRDA:19,8,0,29
BRDA:19,8,1,1
BRDA:19,8,2,1
BRDA:20,9,0,2
BRDA:20,10,0,28
BRDA:20,10,1,2
BRDA:21,11,0,0
BRDA:21,12,0,26
BRDA:21,12,1,0
BRDA:21,12,2,0
BRDA:22,13,0,0
BRDA:22,14,0,26
BRDA:22,14,1,0
BRDA:22,14,2,0
BRDA:23,15,0,0
BRDA:30,16,0,4
BRDA:30,16,1,3
BRDA:30,16,2,3
BRDA:30,16,3,2
BRDA:30,16,4,1
BRDA:30,16,5,1
BRDA:30,16,6,1
BRDA:30,16,7,1
BRDA:30,16,8,1
BRDA:30,16,9,1
BRDA:30,16,10,1
BRDA:30,16,11,1
BRDA:30,16,12,1
BRDA:30,16,13,1
BRDA:30,16,14,1
BRDA:30,16,15,1
BRDA:30,16,16,1
BRDA:30,16,17,1
BRDA:30,16,18,1
BRDA:54,17,0,27
BRDA:55,18,0,0
BRDA:65,19,0,0
BRDA:68,20,0,0
BRDA:73,21,0,1
BRDA:77,22,0,1
BRDA:88,23,0,3
BRDA:92,24,0,0
BRDA:96,25,0,2
BRDA:96,26,0,50
BRDA:96,26,1,48
BRDA:100,27,0,2
BRDA:100,28,0,48
BRDA:100,28,1,2
BRDA:105,29,0,2
BRDA:106,30,0,46
BRDA:106,30,1,45
BRDA:106,30,2,45
BRDA:106,30,3,45
BRDA:120,31,0,1
BRDA:120,32,0,27
BRDA:120,32,1,1
BRDA:131,33,0,0
BRDA:136,34,0,1
BRF:68
BRH:51
end_of_record
TN:
SF:src/social/application/config.ts
FNF:0
FNH:0
DA:1,7
DA:2,7
DA:3,7
DA:4,7
DA:5,7
DA:6,7
DA:7,7
DA:8,7
DA:9,7
LF:9
LH:9
BRDA:1,0,0,7
BRDA:1,0,1,7
BRDA:2,1,0,7
BRDA:2,1,1,7
BRDA:3,2,0,7
BRDA:3,2,1,7
BRDA:4,3,0,7
BRDA:4,3,1,7
BRDA:5,4,0,7
BRDA:5,4,1,7
BRDA:6,5,0,7
BRDA:6,5,1,7
BRDA:7,6,0,7
BRDA:7,6,1,7
BRDA:8,7,0,7
BRDA:8,7,1,7
BRDA:9,8,0,7
BRDA:9,8,1,7
BRF:18
BRH:18
end_of_record
TN:
SF:src/social/infrastructure/openAiSocialRecipeAiProvider.ts
FN:24,isRecord
FN:28,asString
FN:32,asStringArray
FN:34,(anonymous_3)
FN:37,asNumber
FN:41,asIngredientDetails
FN:44,(anonymous_6)
FN:45,(anonymous_7)
FN:60,extractOutputText
FN:84,buildPrompt
FN:106,(anonymous_10)
FN:113,(anonymous_11)
FN:134,(anonymous_12)
FNF:13
FNH:0
FNDA:0,isRecord
FNDA:0,asString
FNDA:0,asStringArray
FNDA:0,(anonymous_3)
FNDA:0,asNumber
FNDA:0,asIngredientDetails
FNDA:0,(anonymous_6)
FNDA:0,(anonymous_7)
FNDA:0,extractOutputText
FNDA:0,buildPrompt
FNDA:0,(anonymous_10)
FNDA:0,(anonymous_11)
FNDA:0,(anonymous_12)
DA:1,7
DA:3,7
DA:25,0
DA:29,0
DA:33,0
DA:34,0
DA:38,0
DA:42,0
DA:43,0
DA:44,0
DA:45,0
DA:61,0
DA:62,0
DA:65,0
DA:66,0
DA:69,0
DA:70,0
DA:71,0
DA:72,0
DA:73,0
DA:75,0
DA:76,0
DA:81,0
DA:85,0
DA:105,7
DA:107,0
DA:108,0
DA:109,0
DA:110,0
DA:114,0
DA:115,0
DA:133,0
DA:134,0
DA:135,0
DA:142,0
DA:143,0
DA:144,0
DA:145,0
DA:152,0
DA:153,0
DA:155,0
DA:161,0
DA:162,0
DA:167,0
DA:186,0
DA:187,0
DA:189,0
DA:193,0
DA:198,0
LF:49
LH:3
BRDA:25,0,0,0
BRDA:25,0,1,0
BRDA:25,0,2,0
BRDA:29,1,0,0
BRDA:29,1,1,0
BRDA:33,2,0,0
BRDA:38,3,0,0
BRDA:38,3,1,0
BRDA:38,4,0,0
BRDA:38,4,1,0
BRDA:42,5,0,0
BRDA:44,6,0,0
BRDA:44,6,1,0
BRDA:47,7,0,0
BRDA:47,7,1,0
BRDA:48,8,0,0
BRDA:48,8,1,0
BRDA:49,9,0,0
BRDA:49,9,1,0
BRDA:50,10,0,0
BRDA:50,10,1,0
BRDA:51,11,0,0
BRDA:51,11,1,0
BRDA:52,12,0,0
BRDA:52,12,1,0
BRDA:53,13,0,0
BRDA:53,13,1,0
BRDA:54,14,0,0
BRDA:54,14,1,0
BRDA:55,15,0,0
BRDA:55,15,1,0
BRDA:56,16,0,0
BRDA:56,16,1,0
BRDA:61,17,0,0
BRDA:61,18,0,0
BRDA:61,18,1,0
BRDA:65,19,0,0
BRDA:70,20,0,0
BRDA:72,21,0,0
BRDA:72,22,0,0
BRDA:72,22,1,0
BRDA:72,22,2,0
BRDA:75,23,0,0
BRDA:75,24,0,0
BRDA:75,24,1,0
BRDA:109,25,0,0
BRDA:110,26,0,0
BRDA:133,27,0,0
BRDA:144,28,0,0
BRDA:161,29,0,0
BRDA:174,30,0,0
BRDA:174,30,1,0
BRDA:186,31,0,0
BRDA:189,32,0,0
BRDA:190,33,0,0
BRDA:190,33,1,0
BRDA:190,33,2,0
BRF:57
BRH:0
end_of_record
TN:
SF:src/social/infrastructure/unconfiguredSocialProviders.ts
FN:8,(anonymous_0)
FN:16,(anonymous_1)
FNF:2
FNH:1
FNDA:0,(anonymous_0)
FNDA:1,(anonymous_1)
DA:1,7
DA:5,7
DA:7,7
DA:9,0
DA:15,7
DA:17,1
LF:6
LH:5
BRF:0
BRH:0
end_of_record
TN:
SF:src/social/infrastructure/ytDlpSocialScrapeProvider.ts
FN:20,firstString
FN:25,(anonymous_1)
FN:27,(anonymous_2)
FNF:3
FNH:2
FNDA:0,firstString
FNDA:39,(anonymous_1)
FNDA:1,(anonymous_2)
DA:1,7
DA:2,7
DA:3,7
DA:4,7
DA:8,7
DA:21,0
DA:24,7
DA:25,39
DA:28,1
DA:29,1
DA:34,0
DA:35,0
DA:36,0
DA:37,0
DA:38,0
DA:40,0
DA:54,1
DA:55,0
DA:61,1
DA:62,0
DA:70,1
DA:71,1
LF:22
LH:13
BRDA:21,0,0,0
BRDA:21,0,1,0
BRDA:25,1,0,0
BRDA:25,2,0,39
BRDA:35,3,0,0
BRDA:35,3,1,0
BRDA:37,4,0,0
BRDA:37,4,1,0
BRDA:38,5,0,0
BRDA:38,5,1,0
BRDA:38,5,2,0
BRDA:54,6,0,0
BRDA:61,7,0,0
BRDA:61,8,0,1
BRDA:61,8,1,1
BRDA:70,9,0,1
BRDA:70,9,1,0
BRF:17
BRH:4
end_of_record
TN:
SF:src/social/services/socialExtractionService.ts
FN:9,hasUsableSocialText
FN:14,(anonymous_1)
FN:22,(anonymous_2)
FN:27,(anonymous_3)
FN:108,(anonymous_4)
FNF:5
FNH:5
FNDA:7,hasUsableSocialText
FNDA:135,(anonymous_1)
FNDA:12,(anonymous_2)
FNDA:14,(anonymous_3)
FNDA:70,(anonymous_4)
DA:1,7
DA:6,7
DA:10,7
DA:13,7
DA:15,135
DA:16,135
DA:17,135
DA:18,135
DA:19,135
DA:23,12
DA:24,4
DA:30,14
DA:31,14
DA:34,14
DA:35,14
DA:36,10
DA:37,10
DA:38,10
DA:40,4
DA:41,0
DA:44,10
DA:45,10
DA:46,10
DA:47,2
DA:59,8
DA:60,8
DA:61,8
DA:66,6
DA:67,6
DA:68,6
DA:70,6
DA:71,1
DA:77,5
DA:78,5
DA:79,4
DA:80,4
DA:81,4
DA:82,4
DA:83,4
DA:85,4
DA:86,0
DA:89,4
DA:91,4
DA:92,2
DA:100,2
DA:109,70
LF:46
LH:44
BRDA:10,0,0,7
BRDA:10,0,1,7
BRDA:38,1,0,10
BRDA:38,1,1,10
BRDA:40,2,0,4
BRDA:44,3,0,10
BRDA:44,3,1,10
BRDA:46,4,0,2
BRDA:64,5,0,8
BRDA:64,5,1,8
BRDA:70,6,0,1
BRDA:70,7,0,6
BRDA:70,7,1,1
BRDA:85,8,0,0
BRDA:91,9,0,2
BRDA:94,10,0,2
BRDA:94,10,1,0
BRDA:95,11,0,1
BRDA:95,11,1,1
BRDA:102,12,0,1
BRDA:102,12,1,1
BRF:21
BRH:19
end_of_record
TN:
SF:src/social/services/socialRecipeNormalizer.ts
FN:5,normalizeString
FN:9,normalizeStringArray
FN:12,(anonymous_2)
FN:16,normalizeSocialRecipeDraft
FN:41,isWeakSocialRecipeDraft
FNF:5
FNH:5
FNDA:63,normalizeString
FNDA:15,normalizeStringArray
FNDA:14,(anonymous_2)
FNDA:5,normalizeSocialRecipeDraft
FNDA:5,isWeakSocialRecipeDraft
DA:3,7
DA:6,63
DA:10,15
DA:11,15
DA:12,14
DA:16,7
DA:17,5
DA:18,5
DA:19,5
DA:21,5
DA:23,5
DA:41,7
DA:42,5
DA:43,5
DA:44,5
LF:15
LH:15
BRDA:6,0,0,62
BRDA:6,0,1,1
BRDA:10,1,0,0
BRDA:21,2,0,5
BRDA:21,2,1,5
BRDA:21,2,2,1
BRDA:24,3,0,5
BRDA:24,3,1,2
BRDA:24,3,2,0
BRDA:25,4,0,5
BRDA:25,4,1,1
BRF:11
BRH:9
end_of_record
TN:
SF:src/social/services/socialUrlService.ts
FN:12,(anonymous_0)
FN:14,(anonymous_1)
FN:39,(anonymous_2)
FN:41,(anonymous_3)
FN:49,(anonymous_4)
FNF:5
FNH:5
FNDA:135,(anonymous_0)
FNDA:17,(anonymous_1)
FNDA:17,(anonymous_2)
FNDA:39,(anonymous_3)
FNDA:16,(anonymous_4)
DA:1,7
DA:5,7
DA:11,7
DA:12,135
DA:15,17
DA:16,17
DA:17,17
DA:19,17
DA:20,1
DA:23,16
DA:26,16
DA:27,5
DA:30,16
DA:32,13
DA:40,17
DA:41,39
DA:42,16
DA:46,1
DA:50,16
DA:51,2
DA:52,1
DA:57,1
DA:60,14
DA:61,1
DA:67,13
DA:68,2
DA:69,0
DA:70,0
DA:75,0
DA:78,2
DA:79,2
DA:80,2
DA:81,1
LF:33
LH:30
BRDA:19,0,0,1
BRDA:41,1,0,16
BRDA:41,2,0,39
BRDA:41,2,1,38
BRDA:50,3,0,2
BRDA:51,4,0,1
BRDA:60,5,0,1
BRDA:60,6,0,14
BRDA:60,6,1,12
BRDA:67,7,0,2
BRDA:68,8,0,0
BRDA:69,9,0,0
BRDA:79,10,0,2
BRDA:79,10,1,0
BRDA:80,11,0,1
BRDA:80,12,0,2
BRDA:80,12,1,1
BRF:17
BRH:14
end_of_record
