TN:
SF:src/index.ts
FN:75,(anonymous_0)
FN:55,buildServices
FN:65,extractRecipe
FN:69,extractRecipeWithDiagnostics
FN:79,(anonymous_4)
FN:98,(anonymous_5)
FN:99,(anonymous_6)
FN:100,(anonymous_7)
FN:101,(anonymous_8)
FN:102,(anonymous_9)
FN:103,(anonymous_10)
FN:104,(anonymous_11)
FN:109,(anonymous_12)
FN:113,(anonymous_13)
FN:115,(anonymous_14)
FN:126,(anonymous_15)
FN:128,(anonymous_16)
FN:139,(anonymous_17)
FNF:18
FNH:15
FNDA:3,(anonymous_0)
FNDA:88,buildServices
FNDA:24,extractRecipe
FNDA:1,extractRecipeWithDiagnostics
FNDA:7,(anonymous_4)
FNDA:1,(anonymous_5)
FNDA:3,(anonymous_6)
FNDA:4,(anonymous_7)
FNDA:0,(anonymous_8)
FNDA:0,(anonymous_9)
FNDA:0,(anonymous_10)
FNDA:38,(anonymous_11)
FNDA:20,(anonymous_12)
FNDA:22,(anonymous_13)
FNDA:31,(anonymous_14)
FNDA:2,(anonymous_15)
FNDA:3,(anonymous_16)
FNDA:38,(anonymous_17)
DA:2,6
DA:9,6
DA:11,6
DA:13,6
DA:14,6
DA:15,6
DA:16,6
DA:32,6
DA:40,6
DA:42,6
DA:43,6
DA:45,6
DA:46,6
DA:51,6
DA:52,6
DA:53,6
DA:56,88
DA:57,88
DA:58,88
DA:59,88
DA:60,88
DA:63,6
DA:65,6
DA:66,24
DA:69,6
DA:72,1
DA:75,9
DA:78,6
DA:79,7
DA:98,1
DA:99,3
DA:100,4
DA:101,0
DA:102,0
DA:103,0
DA:105,38
DA:106,38
DA:107,38
DA:110,20
DA:111,20
DA:114,22
DA:116,31
DA:117,17
DA:124,22
DA:127,2
DA:129,3
DA:130,1
DA:137,2
DA:140,38
DA:141,38
DA:142,38
DA:143,38
LF:52
LH:49
BRF:0
BRH:0
end_of_record
TN:
SF:src/application/config.ts
FNF:0
FNH:0
DA:1,8
DA:2,8
DA:3,8
DA:4,8
DA:5,8
DA:6,8
DA:7,8
DA:8,8
DA:9,8
DA:10,8
DA:11,8
DA:12,8
DA:13,8
DA:17,8
LF:14
LH:14
BRDA:8,0,0,8
BRDA:8,0,1,8
BRDA:9,1,0,8
BRDA:9,1,1,8
BRDA:10,2,0,8
BRDA:10,2,1,8
BRDA:11,3,0,8
BRDA:11,3,1,8
BRDA:12,4,0,8
BRDA:12,4,1,8
BRDA:14,5,0,8
BRDA:14,5,1,8
BRF:12
BRH:12
end_of_record
TN:
SF:src/application/ttlCache.ts
FN:9,(anonymous_0)
FN:11,(anonymous_1)
FN:21,(anonymous_2)
FN:27,(anonymous_3)
FN:31,(anonymous_4)
FNF:5
FNH:5
FNDA:17,(anonymous_0)
FNDA:44,(anonymous_1)
FNDA:21,(anonymous_2)
FNDA:115,(anonymous_3)
FNDA:20,(anonymous_4)
DA:6,7
DA:7,17
DA:9,17
DA:12,44
DA:13,44
DA:14,5
DA:15,1
DA:16,1
DA:18,4
DA:22,21
DA:23,19
DA:24,19
DA:28,115
DA:32,20
DA:34,2
DA:35,2
DA:36,4
DA:37,2
DA:41,2
DA:43,1
DA:44,1
DA:45,1
LF:22
LH:22
BRDA:13,0,0,39
BRDA:14,1,0,1
BRDA:22,2,0,2
BRDA:22,3,0,21
BRDA:22,3,1,20
BRDA:32,4,0,18
BRDA:36,5,0,2
BRDA:41,6,0,1
BRDA:44,7,0,1
BRF:9
BRH:9
end_of_record
TN:
SF:src/domain/errors.ts
FN:6,(anonymous_0)
FNF:1
FNH:1
FNDA:30,(anonymous_0)
DA:1,8
DA:7,30
DA:8,30
DA:9,30
DA:10,30
DA:11,30
LF:6
LH:6
BRF:0
BRH:0
end_of_record
TN:
SF:src/infrastructure/axiosHttpClient.ts
FN:11,(anonymous_1)
FN:13,(anonymous_2)
FN:23,createDefaultAxiosHttpClient
FN:33,(anonymous_4)
FN:52,createFallbackAxiosHttpClient
FN:62,(anonymous_6)
FNF:6
FNH:5
FNDA:12,(anonymous_1)
FNDA:2,(anonymous_2)
FNDA:6,createDefaultAxiosHttpClient
FNDA:0,(anonymous_4)
FNDA:6,createFallbackAxiosHttpClient
FNDA:1,(anonymous_6)
DA:1,6
DA:2,6
DA:3,6
DA:5,6
DA:7,6
DA:8,6
DA:10,6
DA:11,12
DA:14,2
DA:15,1
DA:23,6
DA:24,6
DA:33,0
DA:49,6
DA:52,6
DA:53,6
DA:62,1
DA:75,6
LF:18
LH:17
BRDA:33,0,0,0
BRDA:33,0,1,0
BRDA:62,1,0,1
BRDA:62,1,1,1
BRF:4
BRH:2
end_of_record
TN:
SF:src/services/htmlFetchService.ts
FN:7,sleep
FN:8,(anonymous_2)
FN:11,isTransientAxiosError
FN:20,isBlockLikeAxiosError
FN:27,(anonymous_5)
FN:33,(anonymous_6)
FN:38,(anonymous_7)
FN:71,(anonymous_8)
FNF:8
FNH:8
FNDA:8,sleep
FNDA:8,(anonymous_2)
FNDA:11,isTransientAxiosError
FNDA:14,isBlockLikeAxiosError
FNDA:88,(anonymous_5)
FNDA:3,(anonymous_6)
FNDA:28,(anonymous_7)
FNDA:20,(anonymous_8)
DA:1,6
DA:2,6
DA:3,6
DA:8,8
DA:12,11
DA:13,10
DA:14,10
DA:15,10
DA:21,14
DA:22,13
DA:23,13
DA:26,6
DA:28,88
DA:29,88
DA:30,88
DA:34,3
DA:35,2
DA:39,28
DA:41,28
DA:42,31
DA:43,31
DA:44,17
DA:46,14
DA:47,5
DA:48,5
DA:49,5
DA:50,5
DA:51,5
DA:52,2
DA:54,3
DA:58,12
DA:59,9
DA:62,3
DA:63,3
DA:64,3
DA:68,0
DA:72,20
DA:73,20
DA:75,20
DA:76,26
DA:78,25
DA:79,17
DA:80,17
DA:82,17
DA:83,8
DA:84,8
DA:85,1
DA:88,7
DA:89,7
DA:92,9
DA:93,9
DA:94,1
DA:97,8
DA:98,0
DA:101,8
DA:104,1
DA:108,6
LF:57
LH:55
BRDA:12,0,0,1
BRDA:14,1,0,0
BRDA:14,2,0,10
BRDA:14,2,1,7
BRDA:21,3,0,1
BRDA:23,4,0,13
BRDA:23,4,1,10
BRDA:46,5,0,5
BRDA:46,6,0,14
BRDA:46,6,1,6
BRDA:46,6,2,6
BRDA:58,7,0,9
BRDA:58,8,0,12
BRDA:58,8,1,11
BRDA:82,9,0,8
BRDA:82,10,0,17
BRDA:82,10,1,8
BRDA:84,11,0,1
BRDA:84,12,0,8
BRDA:84,12,1,7
BRDA:84,12,2,7
BRDA:92,13,0,9
BRDA:92,13,1,0
BRDA:93,14,0,1
BRDA:93,15,0,9
BRDA:93,15,1,9
BRDA:93,15,2,1
BRDA:97,16,0,0
BRF:28
BRH:25
end_of_record
TN:
SF:src/services/ingredientDetailParser.ts
FN:73,parseSimpleFraction
FN:77,(anonymous_1)
FN:82,parseQuantityPrefix
FN:141,normalizeRaw
FN:145,parseAlternatives
FN:152,extractParentheticalNotes
FN:155,(anonymous_6)
FN:156,(anonymous_7)
FN:157,(anonymous_8)
FN:160,parseIngredientDetail
FN:225,parseIngredientDetails
FN:226,(anonymous_11)
FNF:12
FNH:12
FNDA:5,parseSimpleFraction
FNDA:8,(anonymous_1)
FNDA:20,parseQuantityPrefix
FNDA:20,normalizeRaw
FNDA:20,parseAlternatives
FNDA:20,extractParentheticalNotes
FNDA:4,(anonymous_6)
FNDA:4,(anonymous_7)
FNDA:4,(anonymous_8)
FNDA:20,parseIngredientDetail
FNDA:8,parseIngredientDetails
FNDA:11,(anonymous_11)
DA:1,8
DA:4,8
DA:44,8
DA:61,8
DA:74,5
DA:75,1
DA:77,8
DA:78,4
DA:79,4
DA:83,20
DA:85,20
DA:86,20
DA:87,2
DA:94,18
DA:95,18
DA:96,1
DA:97,1
DA:98,1
DA:99,1
DA:107,17
DA:108,17
DA:109,1
DA:110,1
DA:111,1
DA:112,1
DA:116,16
DA:117,16
DA:118,1
DA:119,1
DA:120,1
DA:121,1
DA:125,15
DA:126,15
DA:127,1
DA:128,1
DA:129,1
DA:133,14
DA:134,14
DA:135,4
DA:138,10
DA:142,20
DA:146,20
DA:147,20
DA:148,20
DA:149,20
DA:153,20
DA:154,20
DA:155,4
DA:156,4
DA:157,4
DA:160,8
DA:161,20
DA:162,20
DA:169,20
DA:170,20
DA:171,10
DA:172,10
DA:173,10
DA:174,3
DA:175,3
DA:179,20
DA:180,20
DA:181,20
DA:183,20
DA:184,20
DA:185,6
DA:186,6
DA:187,6
DA:188,6
DA:191,20
DA:192,20
DA:193,4
DA:196,20
DA:197,20
DA:198,20
DA:199,1
DA:200,1
DA:203,20
DA:209,20
DA:210,19
DA:211,19
DA:214,20
DA:215,1
DA:218,20
DA:219,19
DA:222,20
DA:225,8
DA:226,11
LF:88
LH:88
BRDA:74,0,0,1
BRDA:78,1,0,0
BRDA:78,2,0,4
BRDA:78,2,1,4
BRDA:86,3,0,2
BRDA:95,4,0,1
BRDA:98,5,0,1
BRDA:98,6,0,1
BRDA:98,6,1,1
BRDA:108,7,0,1
BRDA:111,8,0,1
BRDA:117,9,0,1
BRDA:120,10,0,1
BRDA:126,11,0,1
BRDA:128,12,0,1
BRDA:134,13,0,4
BRDA:148,14,0,1
BRDA:155,15,0,4
BRDA:155,15,1,0
BRDA:170,16,0,10
BRDA:173,17,0,3
BRDA:180,18,0,0
BRDA:184,19,0,6
BRDA:192,20,0,4
BRDA:198,21,0,1
BRDA:200,22,0,1
BRDA:200,22,1,0
BRDA:209,23,0,19
BRDA:211,24,0,19
BRDA:211,24,1,0
BRDA:214,25,0,1
BRDA:214,26,0,20
BRDA:214,26,1,10
BRDA:214,26,2,10
BRDA:218,27,0,19
BRF:35
BRH:30
end_of_record
TN:
SF:src/services/recipeExtractorService.ts
FN:33,(anonymous_1)
FN:41,(anonymous_2)
FN:46,(anonymous_3)
FN:186,(anonymous_4)
FN:192,(anonymous_5)
FN:213,(anonymous_6)
FNF:6
FNH:6
FNDA:88,(anonymous_1)
FNDA:24,(anonymous_2)
FNDA:25,(anonymous_3)
FNDA:38,(anonymous_4)
FNDA:10,(anonymous_5)
FNDA:13,(anonymous_6)
DA:1,6
DA:2,6
DA:5,6
DA:29,6
DA:30,88
DA:31,88
DA:34,88
DA:35,88
DA:36,88
DA:37,88
DA:38,88
DA:42,24
DA:43,6
DA:47,25
DA:49,25
DA:50,25
DA:51,19
DA:53,6
DA:54,0
DA:57,19
DA:58,19
DA:59,19
DA:60,19
DA:61,1
DA:67,18
DA:68,18
DA:69,1
DA:75,17
DA:76,17
DA:77,1
DA:86,16
DA:87,16
DA:88,7
DA:89,7
DA:90,7
DA:91,7
DA:92,7
DA:94,9
DA:95,1
DA:100,1
DA:101,1
DA:104,8
DA:105,7
DA:106,1
DA:111,1
DA:112,1
DA:114,6
DA:115,3
DA:121,3
DA:122,3
DA:124,3
DA:125,0
DA:131,0
DA:132,0
DA:134,3
DA:135,2
DA:141,2
DA:142,2
DA:144,1
DA:150,1
DA:151,1
DA:154,1
DA:158,1
DA:159,1
DA:163,7
DA:164,7
DA:165,7
DA:166,6
DA:167,6
DA:168,6
DA:170,1
DA:171,1
DA:176,1
DA:177,1
DA:179,0
DA:181,6
DA:182,6
DA:183,6
DA:187,38
DA:188,38
DA:189,38
DA:193,10
DA:194,6
DA:200,10
DA:201,7
DA:202,7
DA:206,3
DA:207,3
DA:208,3
DA:209,1
DA:214,13
DA:215,13
LF:92
LH:87
BRDA:53,0,0,6
BRDA:60,1,0,1
BRDA:60,2,0,19
BRDA:60,2,1,1
BRDA:68,3,0,1
BRDA:76,4,0,1
BRDA:94,5,0,1
BRDA:98,6,0,1
BRDA:98,6,1,1
BRDA:104,7,0,7
BRDA:105,8,0,1
BRDA:114,9,0,3
BRDA:119,10,0,3
BRDA:119,10,1,0
BRDA:124,11,0,0
BRDA:124,12,0,3
BRDA:124,12,1,3
BRDA:129,13,0,0
BRDA:129,13,1,0
BRDA:134,14,0,2
BRDA:134,15,0,3
BRDA:134,15,1,3
BRDA:134,15,2,3
BRDA:139,16,0,2
BRDA:139,16,1,0
BRDA:147,17,0,1
BRDA:147,17,1,0
BRDA:147,18,0,1
BRDA:147,18,1,0
BRDA:148,19,0,1
BRDA:148,19,1,0
BRDA:170,20,0,1
BRDA:174,21,0,1
BRDA:174,21,1,1
BRDA:193,22,0,6
BRDA:200,23,0,7
BRDA:206,24,0,3
BRDA:206,24,1,2
BRDA:208,25,0,1
BRF:39
BRH:31
end_of_record
TN:
SF:src/services/recipeParserService.ts
FN:16,decodeHtmlEntities
FN:17,(anonymous_10)
FN:31,collapseDuplicateParentheses
FN:40,sanitizeText
FN:46,stripHtmlTags
FN:50,normalizeDescription
FN:73,normalizeImage
FN:85,normalizeCategory
FN:96,normalizeNotes
FN:105,(anonymous_18)
FN:110,(anonymous_19)
FN:113,normalizeInstructions
FN:122,(anonymous_21)
FN:138,(anonymous_22)
FN:170,normalizeIngredients
FN:174,(anonymous_24)
FN:179,(anonymous_25)
FN:188,normalizeTimeString
FN:235,normalizeServingSize
FN:243,normalizeDifficulty
FN:249,findRecipeObject
FN:280,extractNotesFromHtml
FN:293,(anonymous_31)
FN:294,(anonymous_32)
FN:305,extractJsonLdBlocks
FN:320,buildRecipeFromSchemaData
FN:341,(anonymous_35)
FN:345,(anonymous_36)
FN:371,(anonymous_37)
FN:373,(anonymous_38)
FN:383,(anonymous_39)
FN:385,(anonymous_40)
FN:389,(anonymous_41)
FN:391,(anonymous_42)
FN:398,(anonymous_43)
FN:400,(anonymous_44)
FN:413,(anonymous_45)
FN:415,(anonymous_46)
FNF:38
FNH:36
FNDA:97,decodeHtmlEntities
FNDA:10,(anonymous_10)
FNDA:72,collapseDuplicateParentheses
FNDA:72,sanitizeText
FNDA:0,stripHtmlTags
FNDA:7,normalizeDescription
FNDA:13,normalizeImage
FNDA:10,normalizeCategory
FNDA:6,normalizeNotes
FNDA:2,(anonymous_18)
FNDA:2,(anonymous_19)
FNDA:9,normalizeInstructions
FNDA:9,(anonymous_21)
FNDA:2,(anonymous_22)
FNDA:9,normalizeIngredients
FNDA:8,(anonymous_24)
FNDA:8,(anonymous_25)
FNDA:14,normalizeTimeString
FNDA:7,normalizeServingSize
FNDA:6,normalizeDifficulty
FNDA:13,findRecipeObject
FNDA:1,extractNotesFromHtml
FNDA:8,(anonymous_31)
FNDA:4,(anonymous_32)
FNDA:8,extractJsonLdBlocks
FNDA:4,buildRecipeFromSchemaData
FNDA:0,(anonymous_35)
FNDA:7,(anonymous_36)
FNDA:5,(anonymous_37)
FNDA:5,(anonymous_38)
FNDA:2,(anonymous_39)
FNDA:2,(anonymous_40)
FNDA:1,(anonymous_41)
FNDA:1,(anonymous_42)
FNDA:2,(anonymous_43)
FNDA:2,(anonymous_44)
FNDA:1,(anonymous_45)
FNDA:1,(anonymous_46)
DA:1,8
DA:2,8
DA:3,8
DA:5,8
DA:7,8
DA:16,8
DA:17,97
DA:18,10
DA:19,10
DA:20,1
DA:21,1
DA:23,9
DA:24,1
DA:25,1
DA:27,8
DA:32,72
DA:34,72
DA:35,2
DA:37,72
DA:41,72
DA:42,72
DA:43,72
DA:47,0
DA:50,8
DA:51,7
DA:53,0
DA:54,0
DA:57,0
DA:58,0
DA:59,0
DA:60,0
DA:62,0
DA:65,0
DA:66,0
DA:67,0
DA:70,0
DA:73,8
DA:74,13
DA:75,7
DA:76,5
DA:77,5
DA:78,3
DA:80,2
DA:81,1
DA:82,0
DA:85,8
DA:86,10
DA:87,7
DA:88,4
DA:89,3
DA:90,3
DA:91,2
DA:93,1
DA:96,8
DA:97,6
DA:98,2
DA:99,1
DA:100,1
DA:102,1
DA:104,1
DA:106,2
DA:107,1
DA:108,0
DA:110,2
DA:113,8
DA:114,9
DA:115,8
DA:116,1
DA:117,1
DA:119,7
DA:121,7
DA:122,7
DA:123,9
DA:124,2
DA:125,2
DA:126,2
DA:129,7
DA:130,4
DA:131,4
DA:132,4
DA:135,3
DA:137,3
DA:138,1
DA:139,2
DA:140,1
DA:141,1
DA:142,1
DA:143,1
DA:144,1
DA:147,1
DA:150,2
DA:151,1
DA:152,0
DA:153,0
DA:154,1
DA:155,1
DA:156,1
DA:158,1
DA:161,1
DA:162,1
DA:163,0
DA:167,7
DA:170,8
DA:171,9
DA:172,8
DA:173,7
DA:175,8
DA:176,1
DA:177,0
DA:179,8
DA:181,1
DA:182,1
DA:183,1
DA:185,0
DA:188,8
DA:189,14
DA:191,6
DA:192,4
DA:194,4
DA:195,2
DA:196,2
DA:197,2
DA:198,2
DA:199,2
DA:200,2
DA:201,2
DA:204,2
DA:205,2
DA:206,2
DA:207,2
DA:208,2
DA:209,2
DA:210,2
DA:213,0
DA:214,0
DA:217,2
DA:218,2
DA:219,1
DA:220,1
DA:222,1
DA:223,1
DA:224,1
DA:225,1
DA:226,1
DA:230,0
DA:231,0
DA:232,0
DA:235,8
DA:236,7
DA:237,4
DA:238,3
DA:239,2
DA:240,1
DA:243,8
DA:244,6
DA:245,2
DA:246,1
DA:249,8
DA:250,13
DA:252,10
DA:253,2
DA:254,4
DA:255,4
DA:257,0
DA:260,8
DA:261,8
DA:262,4
DA:265,4
DA:266,2
DA:267,2
DA:270,2
DA:271,2
DA:272,2
DA:273,2
DA:277,2
DA:280,8
DA:281,1
DA:282,1
DA:293,1
DA:294,8
DA:295,4
DA:296,4
DA:297,2
DA:302,1
DA:305,8
DA:306,8
DA:308,8
DA:311,8
DA:312,6
DA:313,6
DA:314,6
DA:317,8
DA:320,8
DA:321,4
DA:322,4
DA:340,8
DA:342,0
DA:346,7
DA:347,7
DA:348,4
DA:349,4
DA:350,3
DA:351,3
DA:352,3
DA:359,4
DA:361,4
DA:363,4
DA:364,1
DA:367,3
DA:368,3
DA:369,3
DA:371,5
DA:373,5
DA:375,3
DA:376,3
DA:378,3
DA:379,2
DA:380,2
DA:381,1
DA:383,2
DA:385,2
DA:386,1
DA:387,1
DA:389,1
DA:391,1
DA:393,0
DA:394,0
DA:397,1
DA:398,2
DA:400,2
DA:403,3
DA:404,3
DA:405,3
DA:406,3
DA:407,3
DA:408,3
DA:409,3
DA:410,3
DA:411,3
DA:413,1
DA:415,1
DA:417,3
DA:418,3
DA:419,3
DA:421,3
DA:423,3
LF:246
LH:218
BRDA:19,0,0,1
BRDA:21,1,0,0
BRDA:21,1,1,1
BRDA:23,2,0,1
BRDA:25,3,0,0
BRDA:25,3,1,1
BRDA:27,4,0,8
BRDA:27,4,1,1
BRDA:34,5,0,74
BRDA:34,5,1,72
BRDA:41,6,0,72
BRDA:41,6,1,0
BRDA:51,7,0,7
BRDA:53,8,0,0
BRDA:57,9,0,0
BRDA:60,10,0,0
BRDA:65,11,0,0
BRDA:66,12,0,0
BRDA:67,13,0,0
BRDA:74,14,0,6
BRDA:75,15,0,5
BRDA:77,16,0,2
BRDA:80,17,0,1
BRDA:81,18,0,1
BRDA:81,19,0,1
BRDA:81,19,1,1
BRDA:86,20,0,3
BRDA:87,21,0,3
BRDA:88,22,0,1
BRDA:89,23,0,3
BRDA:90,24,0,1
BRDA:91,25,0,1
BRDA:97,26,0,4
BRDA:98,27,0,1
BRDA:100,28,0,1
BRDA:100,28,1,0
BRDA:102,29,0,0
BRDA:106,30,0,1
BRDA:107,31,0,1
BRDA:107,32,0,1
BRDA:107,32,1,1
BRDA:114,33,0,1
BRDA:115,34,0,1
BRDA:117,35,0,1
BRDA:117,35,1,0
BRDA:119,36,0,0
BRDA:123,37,0,2
BRDA:125,38,0,2
BRDA:129,39,0,4
BRDA:129,40,0,7
BRDA:129,40,1,7
BRDA:131,41,0,4
BRDA:135,42,0,0
BRDA:135,43,0,3
BRDA:135,43,1,3
BRDA:137,44,0,1
BRDA:137,45,0,3
BRDA:137,45,1,1
BRDA:139,46,0,1
BRDA:139,46,1,1
BRDA:141,47,0,1
BRDA:142,48,0,1
BRDA:144,49,0,1
BRDA:150,50,0,1
BRDA:151,51,0,0
BRDA:151,51,1,1
BRDA:153,52,0,0
BRDA:154,53,0,1
BRDA:156,54,0,1
BRDA:162,55,0,0
BRDA:162,56,0,1
BRDA:162,56,1,1
BRDA:162,56,2,1
BRDA:171,57,0,1
BRDA:172,58,0,7
BRDA:175,59,0,7
BRDA:176,60,0,1
BRDA:176,61,0,1
BRDA:176,61,1,1
BRDA:181,62,0,1
BRDA:183,63,0,1
BRDA:183,63,1,0
BRDA:189,64,0,8
BRDA:191,65,0,4
BRDA:194,66,0,2
BRDA:199,67,0,1
BRDA:200,68,0,2
BRDA:206,69,0,2
BRDA:206,70,0,2
BRDA:206,70,1,1
BRDA:208,71,0,1
BRDA:209,72,0,2
BRDA:214,73,0,0
BRDA:214,73,1,0
BRDA:217,74,0,2
BRDA:218,75,0,1
BRDA:218,76,0,2
BRDA:218,76,1,1
BRDA:219,77,0,1
BRDA:219,77,1,0
BRDA:220,78,0,1
BRDA:222,79,0,1
BRDA:222,80,0,1
BRDA:222,80,1,0
BRDA:224,81,0,1
BRDA:225,82,0,1
BRDA:232,83,0,0
BRDA:232,83,1,0
BRDA:236,84,0,3
BRDA:237,85,0,1
BRDA:238,86,0,1
BRDA:239,87,0,1
BRDA:239,88,0,1
BRDA:239,88,1,0
BRDA:244,89,0,4
BRDA:245,90,0,1
BRDA:250,91,0,3
BRDA:250,92,0,13
BRDA:250,92,1,12
BRDA:252,93,0,2
BRDA:255,94,0,2
BRDA:261,95,0,4
BRDA:261,96,0,8
BRDA:261,96,1,4
BRDA:261,96,2,0
BRDA:265,97,0,2
BRDA:267,98,0,2
BRDA:271,99,0,2
BRDA:273,100,0,0
BRDA:296,101,0,2
BRDA:296,102,0,4
BRDA:296,102,1,4
BRDA:313,103,0,0
BRDA:313,104,0,6
BRDA:313,104,1,6
BRDA:323,105,0,4
BRDA:323,105,1,0
BRDA:323,105,2,0
BRDA:328,106,0,4
BRDA:328,106,1,3
BRDA:330,107,0,4
BRDA:330,107,1,3
BRDA:331,108,0,4
BRDA:331,108,1,4
BRDA:332,109,0,4
BRDA:332,109,1,4
BRDA:333,110,0,4
BRDA:333,110,1,4
BRDA:334,111,0,4
BRDA:334,111,1,4
BRDA:335,112,0,4
BRDA:335,112,1,3
BRDA:335,112,2,3
BRDA:351,113,0,3
BRDA:363,114,0,1
BRDA:378,115,0,2
BRDA:378,115,1,1
BRDA:380,116,0,1
BRDA:380,116,1,1
BRDA:386,117,0,1
BRDA:386,117,1,0
BRDA:394,118,0,0
BRDA:403,119,0,3
BRDA:403,119,1,2
BRDA:405,120,0,1
BRDA:405,120,1,2
BRDA:407,121,0,0
BRDA:407,121,1,3
BRDA:410,122,0,3
BRDA:410,122,1,3
BRDA:410,122,2,3
BRDA:410,122,3,3
BRDA:434,123,0,1
BRDA:434,123,1,2
BRDA:435,124,0,1
BRDA:435,124,1,2
BRDA:436,125,0,1
BRDA:436,125,1,2
BRDA:437,126,0,1
BRDA:437,126,1,2
BRF:180
BRH:147
end_of_record
TN:
SF:src/services/urlGuardService.ts
FN:8,isPrivateOrReservedIPv4
FN:10,(anonymous_1)
FN:27,isPrivateOrReservedIPv6
FN:52,isPrivateOrReservedAddress
FN:59,(anonymous_4)
FN:65,(anonymous_5)
FN:67,(anonymous_6)
FN:117,(anonymous_7)
FNF:8
FNH:7
FNDA:31,isPrivateOrReservedIPv4
FNDA:124,(anonymous_1)
FNDA:4,isPrivateOrReservedIPv6
FNDA:27,isPrivateOrReservedAddress
FNDA:0,(anonymous_4)
FNDA:88,(anonymous_5)
FNDA:39,(anonymous_6)
FNDA:27,(anonymous_7)
DA:1,6
DA:2,6
DA:3,6
DA:8,6
DA:9,31
DA:10,124
DA:11,0
DA:14,31
DA:15,31
DA:16,29
DA:17,29
DA:18,29
DA:19,29
DA:20,28
DA:21,26
DA:22,26
DA:23,26
DA:24,26
DA:27,6
DA:28,4
DA:29,4
DA:52,6
DA:53,27
DA:54,27
DA:55,0
DA:56,0
DA:59,6
DA:60,0
DA:61,0
DA:64,6
DA:65,88
DA:68,39
DA:69,0
DA:72,39
DA:73,39
DA:74,1
DA:77,38
DA:78,1
DA:82,37
DA:83,37
DA:85,1
DA:88,36
DA:89,3
DA:92,33
DA:93,0
DA:96,33
DA:97,2
DA:100,31
DA:101,2
DA:104,29
DA:105,29
DA:111,2
DA:114,27
DA:118,27
DA:119,27
DA:120,27
DA:121,1
DA:125,26
DA:126,26
DA:128,0
DA:131,26
DA:132,0
DA:135,26
DA:136,26
DA:137,1
DA:143,6
LF:66
LH:57
BRDA:10,0,0,0
BRDA:10,1,0,31
BRDA:10,1,1,31
BRDA:15,2,0,2
BRDA:16,3,0,0
BRDA:17,4,0,0
BRDA:18,5,0,0
BRDA:18,6,0,29
BRDA:18,6,1,0
BRDA:19,7,0,1
BRDA:19,8,0,29
BRDA:19,8,1,1
BRDA:19,8,2,1
BRDA:20,9,0,2
BRDA:20,10,0,28
BRDA:20,10,1,2
BRDA:21,11,0,0
BRDA:21,12,0,26
BRDA:21,12,1,0
BRDA:21,12,2,0
BRDA:22,13,0,0
BRDA:22,14,0,26
BRDA:22,14,1,0
BRDA:22,14,2,0
BRDA:23,15,0,0
BRDA:30,16,0,4
BRDA:30,16,1,3
BRDA:30,16,2,3
BRDA:30,16,3,2
BRDA:30,16,4,1
BRDA:30,16,5,1
BRDA:30,16,6,1
BRDA:30,16,7,1
BRDA:30,16,8,1
BRDA:30,16,9,1
BRDA:30,16,10,1
BRDA:30,16,11,1
BRDA:30,16,12,1
BRDA:30,16,13,1
BRDA:30,16,14,1
BRDA:30,16,15,1
BRDA:30,16,16,1
BRDA:30,16,17,1
BRDA:30,16,18,1
BRDA:54,17,0,27
BRDA:55,18,0,0
BRDA:65,19,0,0
BRDA:68,20,0,0
BRDA:73,21,0,1
BRDA:77,22,0,1
BRDA:88,23,0,3
BRDA:92,24,0,0
BRDA:96,25,0,2
BRDA:96,26,0,33
BRDA:96,26,1,31
BRDA:100,27,0,2
BRDA:100,28,0,31
BRDA:100,28,1,2
BRDA:105,29,0,2
BRDA:106,30,0,29
BRDA:106,30,1,28
BRDA:106,30,2,28
BRDA:106,30,3,28
BRDA:120,31,0,1
BRDA:120,32,0,27
BRDA:120,32,1,1
BRDA:131,33,0,0
BRDA:136,34,0,1
BRF:68
BRH:51
end_of_record
